ParOptInteriorPoint Parameter Summary:
algorithm                                mma            
use_diag_hessian                         True           

iter nobj ngrd nhvc   alpha   alphx   alphz         fobj   |opt| |infes|  |dual|      mu    comp   dmerit     rho info
   0    1    1    0      --      --      --  2.15170e+00 1.4e+03 1.5e+12 1.3e+15 2.5e+14 2.5e+14       --      -- 
   1   10    2    0 3.9e-03 8.1e-07 8.1e-05  2.14454e+00 1.4e+03 1.5e+12 1.5e+15 6.3e+13 2.5e+14 -5.2e+22 0.0e+00 
   2   11    3    0 1.0e+00 4.1e-05 4.1e-03  1.16316e+00 1.6e+03 1.5e+12 1.2e+15 6.3e+13 2.1e+14 -2.1e+17 0.0e+00 
   3   12    4    0 1.0e+00 8.3e-03 8.3e-01  1.14575e+01 2.0e+02 1.5e+12 9.5e+14 6.3e+13 2.0e+14 -4.7e+15 0.0e+00 
   4   13    5    0 1.0e+00 1.0e+00 1.0e+00  1.80298e+00 4.0e+02 1.2e-04 1.1e+14 1.6e+13 7.4e+13 -4.6e+15 0.0e+00 
   5   14    6    0 1.0e+00 1.0e+00 1.0e+00  1.87862e+00 1.7e-02 1.9e-05 1.5e+13 3.9e+12 1.6e+13 -1.7e+14 0.0e+00 
   6   15    7    0 1.0e+00 1.0e+00 1.0e+00  1.93795e+00 4.7e-03 5.7e-06 3.6e+12 9.9e+11 3.9e+12 -2.7e+13 0.0e+00 
   7   16    8    0 1.0e+00 1.0e+00 1.0e+00  1.97744e+00 1.9e-03 0.0e+00 8.8e+11 2.5e+11 9.9e+11 -6.5e+12 0.0e+00 
   8   17    9    0 1.0e+00 1.0e+00 1.0e+00  1.97556e+00 2.7e-04 1.2e-07 2.3e+11 6.2e+10 2.5e+11 -1.1e+12 0.0e+00 
   9   18   10    0 1.0e+00 1.0e+00 1.0e+00  1.83946e+00 1.8e-02 6.0e-08 7.0e+10 1.5e+10 6.2e+10 -4.1e+11 0.0e+00 

iter nobj ngrd nhvc   alpha   alphx   alphz         fobj   |opt| |infes|  |dual|      mu    comp   dmerit     rho info
  10   19   11    0 1.0e+00 1.0e+00 9.7e-01  1.42473e+00 1.7e-01 2.2e-08 2.4e+10 3.9e+09 1.6e+10 -1.5e+11 0.0e+00 
  11   20   12    0 1.0e+00 7.7e-01 1.0e+00  1.27725e+00 6.4e-02 3.7e-09 1.0e+10 9.6e+08 6.3e+09 -5.3e+10 0.0e+00 
  12   22   13    0 3.7e-01 9.8e-01 1.0e+00  1.27409e+00 4.0e-02 4.7e-10 7.1e+09 2.4e+08 4.3e+09 -1.5e+09 0.0e+00 
  13   23   14    0 1.0e+00 8.2e-01 1.0e+00  1.26959e+00 8.4e-04 8.1e-09 4.3e+08 6.0e+07 3.0e+08 -1.3e+09 0.0e+00 
  14   24   15    0 1.0e+00 1.0e+00 1.0e+00  1.26617e+00 8.0e-06 1.8e-09 5.5e+07 1.5e+07 6.0e+07 -8.5e+06 0.0e+00 
  15   25   16    0 1.0e+00 1.0e+00 1.0e+00  1.26098e+00 1.9e-05 3.1e-08 1.3e+07 3.8e+06 1.5e+07 -3.4e+07 0.0e+00 
  16   26   17    0 1.0e+00 1.0e+00 1.0e+00  1.25721e+00 9.6e-06 1.5e-08 3.2e+06 9.4e+05 3.8e+06 -1.2e+07 0.0e+00 
  17   27   18    0 1.0e+00 1.0e+00 1.0e+00  1.25440e+00 5.1e-06 1.2e-08 7.7e+05 2.4e+05 9.4e+05 -3.0e+06 0.0e+00 
  18   28   19    0 1.0e+00 1.0e+00 1.0e+00  1.25231e+00 2.8e-06 7.0e-09 1.9e+05 5.9e+04 2.4e+05 -9.2e+05 0.0e+00 
  19   29   20    0 1.0e+00 1.0e+00 1.0e+00  1.25074e+00 1.5e-06 2.8e-08 4.6e+04 1.5e+04 5.9e+04 -1.3e+05 0.0e+00 

iter nobj ngrd nhvc   alpha   alphx   alphz         fobj   |opt| |infes|  |dual|      mu    comp   dmerit     rho info
  20   30   21    0 1.0e+00 1.0e+00 1.0e+00  1.24957e+00 8.3e-07 3.1e-09 1.1e+04 3.7e+03 1.5e+04 -5.3e+04 0.0e+00 
  21   31   22    0 1.0e+00 1.0e+00 1.0e+00  1.24869e+00 4.6e-07 4.1e-09 2.8e+03 9.2e+02 3.7e+03 -8.3e+03 0.0e+00 
  22   32   23    0 1.0e+00 1.0e+00 1.0e+00  1.24803e+00 2.5e-07 1.1e-08 7.0e+02 2.3e+02 9.2e+02 -2.1e+03 0.0e+00 
  23   33   24    0 1.0e+00 1.0e+00 1.0e+00  1.24754e+00 1.4e-07 9.0e-09 1.8e+02 5.7e+01 2.3e+02 -7.9e+02 0.0e+00 
  24   34   25    0 1.0e+00 1.0e+00 1.0e+00  1.24716e+00 8.4e-08 3.9e-09 4.4e+01 1.4e+01 5.7e+01 -1.3e+02 0.0e+00 
  25   35   26    0 1.0e+00 1.0e+00 1.0e+00  1.24684e+00 6.0e-08 1.5e-08 1.1e+01 3.6e+00 1.4e+01 -3.2e+01 0.0e+00 
  26   36   27    0 1.0e+00 1.0e+00 1.0e+00  1.24645e+00 8.7e-08 1.7e-08 2.7e+00 9.0e-01 3.6e+00 -1.2e+01 0.0e+00 
  27   37   28    0 1.0e+00 1.0e+00 1.0e+00  1.24556e+00 4.5e-07 1.4e-09 6.9e-01 2.2e-01 9.0e-01 -2.9e+00 0.0e+00 
  28   38   29    0 1.0e+00 1.0e+00 1.0e+00  1.24249e+00 5.2e-06 3.5e-08 1.9e-01 5.6e-02 2.2e-01 -5.1e-01 0.0e+00 
  29   39   30    0 1.0e+00 1.0e+00 1.0e+00  1.23029e+00 7.3e-05 3.1e-08 5.9e-02 1.4e-02 5.6e-02 -1.8e-01 0.0e+00 

iter nobj ngrd nhvc   alpha   alphx   alphz         fobj   |opt| |infes|  |dual|      mu    comp   dmerit     rho info
  30   40   31    0 1.0e+00 1.0e+00 9.4e-01  1.18521e+00 2.1e-03 1.2e-08 2.3e-02 3.5e-03 1.6e-02 -7.5e-02 0.0e+00 
  31   41   32    0 1.0e+00 1.0e+00 1.0e+00  1.14733e+00 5.5e-03 2.5e-08 4.5e-03 8.8e-04 4.1e-03 -4.4e-02 0.0e+00 
  32   42   33    0 1.0e+00 1.0e+00 1.0e+00  1.13972e+00 1.1e-03 2.5e-08 9.5e-04 2.2e-04 9.3e-04 -8.4e-03 0.0e+00 
  33   43   34    0 1.0e+00 1.0e+00 1.0e+00  1.13788e+00 1.0e-04 3.3e-08 1.8e-04 5.5e-05 2.2e-04 -2.0e-03 0.0e+00 
  34   44   35    0 1.0e+00 1.0e+00 1.0e+00  1.13753e+00 4.2e-06 2.7e-08 4.2e-05 1.4e-05 5.5e-05 -4.0e-04 0.0e+00 
  35   45   36    0 1.0e+00 1.0e+00 1.0e+00  1.13744e+00 2.4e-07 2.1e-08 1.0e-05 3.4e-06 1.4e-05 -9.4e-05 0.0e+00 
  36   46   37    0 1.0e+00 1.0e+00 1.0e+00  1.13742e+00 1.4e-08 3.3e-08 2.6e-06 8.6e-07 3.4e-06 -2.3e-05 0.0e+00 
  37   47   38    0 1.0e+00 1.0e+00 1.0e+00  1.13742e+00 9.0e-10 4.4e-08 6.4e-07 2.1e-07 8.6e-07 -5.8e-06 0.0e+00 
  38   48   39    0 1.0e+00 1.0e+00 1.0e+00  1.13742e+00 5.7e-11 2.1e-10 5.4e-07 1.0e-07 2.8e-07 -1.5e-06 0.0e+00 

ParOpt: Successfully converged to requested tolerance
ParOptInteriorPoint Parameter Summary:
algorithm                                mma            
use_diag_hessian                         True           

iter nobj ngrd nhvc   alpha   alphx   alphz         fobj   |opt| |infes|  |dual|      mu    comp   dmerit     rho info
   0    1    1    0      --      --      --  6.29752e-01 2.5e+03 1.3e+11 1.1e+14 2.1e+13 2.1e+13       --      -- 
   1    6    2    0 6.3e-02 5.6e-07 5.6e-05  6.65251e-01 2.4e+03 1.3e+11 1.2e+14 5.3e+12 2.1e+13 -2.5e+20 0.0e+00 
   2    7    3    0 1.0e+00 8.0e-05 8.0e-03  4.42137e+00 2.4e+03 1.3e+11 1.1e+14 5.3e+12 1.9e+13 -6.8e+14 0.0e+00 
   3    8    4    0 1.0e+00 1.4e-02 1.0e+00  4.83062e-01 2.5e+04 1.3e+11 7.8e+13 5.3e+12 1.8e+13 -3.2e+14 0.0e+00 
   4    9    5    0 1.0e+00 1.0e+00 1.0e+00  8.37755e-01 3.1e-01 7.6e-06 8.4e+12 1.3e+12 6.1e+12 -3.1e+14 0.0e+00 
   5   10    6    0 1.0e+00 1.0e+00 1.0e+00  8.42376e-01 6.7e-04 0.0e+00 1.3e+12 3.3e+11 1.3e+12 -1.4e+13 0.0e+00 
   6   11    7    0 1.0e+00 1.0e+00 1.0e+00  8.43932e-01 1.8e-04 1.2e-07 3.0e+11 8.3e+10 3.3e+11 -1.5e+12 0.0e+00 
   7   12    8    0 1.0e+00 1.0e+00 1.0e+00  8.36880e-01 2.6e-04 8.9e-08 7.7e+10 2.1e+10 8.3e+10 -5.3e+11 0.0e+00 
   8   13    9    0 1.0e+00 1.0e+00 1.0e+00  7.97012e-01 5.2e-03 1.5e-08 2.2e+10 5.2e+09 2.1e+10 -1.4e+11 0.0e+00 
   9   14   10    0 1.0e+00 1.0e+00 1.0e+00  6.52015e-01 7.7e-02 0.0e+00 7.5e+09 1.3e+09 5.2e+09 -3.7e+10 0.0e+00 

iter nobj ngrd nhvc   alpha   alphx   alphz         fobj   |opt| |infes|  |dual|      mu    comp   dmerit     rho info
  10   15   11    0 1.0e+00 8.9e-01 1.0e+00  5.18298e-01 9.6e-02 1.4e-09 2.5e+09 3.2e+08 1.7e+09 -1.7e+10 0.0e+00 
  11   17   12    0 4.6e-01 8.2e-01 1.0e+00  5.15761e-01 5.3e-02 1.6e-09 1.6e+09 8.1e+07 1.1e+09 -6.1e+08 0.0e+00 
  12   18   13    0 1.0e+00 7.8e-01 1.0e+00  5.12916e-01 9.3e-04 7.0e-10 1.6e+08 2.0e+07 1.1e+08 -4.6e+08 0.0e+00 
  13   19   14    0 1.0e+00 1.0e+00 1.0e+00  5.11804e-01 3.9e-06 3.1e-10 1.8e+07 5.1e+06 2.0e+07 -3.1e+06 0.0e+00 
  14   20   15    0 1.0e+00 1.0e+00 1.0e+00  5.09933e-01 1.1e-05 3.5e-10 4.4e+06 1.3e+06 5.1e+06 -1.1e+07 0.0e+00 
  15   21   16    0 1.0e+00 1.0e+00 1.0e+00  5.08581e-01 5.8e-06 4.1e-10 1.1e+06 3.2e+05 1.3e+06 -2.8e+06 0.0e+00 
  16   22   17    0 1.0e+00 1.0e+00 1.0e+00  5.07576e-01 3.2e-06 1.7e-09 2.6e+05 7.9e+04 3.2e+05 -7.1e+05 0.0e+00 
  17   23   18    0 1.0e+00 1.0e+00 1.0e+00  5.06826e-01 1.8e-06 1.9e-09 6.3e+04 2.0e+04 7.9e+04 -1.8e+05 0.0e+00 
  18   24   19    0 1.0e+00 1.0e+00 1.0e+00  5.06265e-01 1.0e-06 8.7e-10 1.6e+04 4.9e+03 2.0e+04 -4.4e+04 0.0e+00 
  19   25   20    0 1.0e+00 1.0e+00 1.0e+00  5.05846e-01 5.6e-07 9.0e-10 3.8e+03 1.2e+03 4.9e+03 -1.1e+04 0.0e+00 

iter nobj ngrd nhvc   alpha   alphx   alphz         fobj   |opt| |infes|  |dual|      mu    comp   dmerit     rho info
  20   26   21    0 1.0e+00 1.0e+00 1.0e+00  5.05531e-01 3.1e-07 6.0e-10 9.5e+02 3.1e+02 1.2e+03 -2.8e+03 0.0e+00 
  21   27   22    0 1.0e+00 1.0e+00 1.0e+00  5.05296e-01 1.8e-07 5.7e-10 2.4e+02 7.7e+01 3.1e+02 -6.9e+02 0.0e+00 
  22   28   23    0 1.0e+00 1.0e+00 1.0e+00  5.05118e-01 1.0e-07 2.3e-09 5.9e+01 1.9e+01 7.7e+01 -1.7e+02 0.0e+00 
  23   29   24    0 1.0e+00 1.0e+00 1.0e+00  5.04981e-01 6.0e-08 1.9e-09 1.5e+01 4.8e+00 1.9e+01 -4.3e+01 0.0e+00 
  24   30   25    0 1.0e+00 1.0e+00 1.0e+00  5.04861e-01 4.5e-08 2.9e-09 3.7e+00 1.2e+00 4.8e+00 -1.1e+01 0.0e+00 
  25   31   26    0 1.0e+00 1.0e+00 1.0e+00  5.04706e-01 7.7e-08 1.8e-09 9.2e-01 3.0e-01 1.2e+00 -2.7e+00 0.0e+00 
  26   32   27    0 1.0e+00 1.0e+00 1.0e+00  5.04325e-01 4.6e-07 5.1e-09 2.3e-01 7.5e-02 3.0e-01 -6.8e-01 0.0e+00 
  27   33   28    0 1.0e+00 1.0e+00 1.0e+00  5.02967e-01 5.9e-06 5.0e-09 6.3e-02 1.9e-02 7.5e-02 -1.7e-01 0.0e+00 
  28   34   29    0 1.0e+00 1.0e+00 1.0e+00  4.97496e-01 9.6e-05 4.8e-09 2.1e-02 4.7e-03 1.9e-02 -4.8e-02 0.0e+00 
  29   35   30    0 1.0e+00 1.0e+00 1.0e+00  4.77735e-01 1.3e-03 2.7e-10 7.3e-03 1.2e-03 5.0e-03 -3.0e-02 0.0e+00 

iter nobj ngrd nhvc   alpha   alphx   alphz         fobj   |opt| |infes|  |dual|      mu    comp   dmerit     rho info
  30   36   31    0 1.0e+00 1.0e+00 1.0e+00  4.64403e-01 5.7e-04 2.6e-08 1.2e-03 2.9e-04 1.3e-03 -1.5e-02 0.0e+00 
  31   37   32    0 1.0e+00 1.0e+00 1.0e+00  4.62184e-01 1.6e-05 1.7e-11 2.6e-04 7.4e-05 3.0e-04 -2.5e-03 0.0e+00 
  32   38   33    0 1.0e+00 1.0e+00 1.0e+00  4.61679e-01 8.0e-07 9.3e-10 5.7e-05 1.8e-05 7.4e-05 -5.6e-04 0.0e+00 
  33   39   34    0 1.0e+00 1.0e+00 1.0e+00  4.61566e-01 4.0e-08 1.6e-09 1.4e-05 4.6e-06 1.8e-05 -1.3e-04 0.0e+00 
  34   40   35    0 1.0e+00 1.0e+00 1.0e+00  4.61538e-01 2.4e-09 2.9e-09 3.5e-06 1.1e-06 4.6e-06 -3.1e-05 0.0e+00 
  35   41   36    0 1.0e+00 1.0e+00 1.0e+00  4.61531e-01 1.5e-10 6.7e-09 8.6e-07 2.9e-07 1.1e-06 -7.8e-06 0.0e+00 
  36   42   37    0 1.0e+00 1.0e+00 1.0e+00  4.61530e-01 9.4e-12 3.4e-09 1.9e-07 1.0e-07 2.9e-07 -1.9e-06 0.0e+00 

ParOpt: Successfully converged to requested tolerance
ParOpt Warning: Variables may be too close to lower bound
ParOptInteriorPoint Parameter Summary:
algorithm                                mma            
use_diag_hessian                         True           

iter nobj ngrd nhvc   alpha   alphx   alphz         fobj   |opt| |infes|  |dual|      mu    comp   dmerit     rho info
   0    1    1    0      --      --      --  2.24687e+01 4.1e+00 1.9e+06 1.5e+09 3.1e+08 3.1e+08       --      -- 
   1    2    2    0 1.0e+00 2.3e-05 1.5e-04  1.54942e+02 4.4e+02 1.9e+06 7.7e+07 7.7e+07 6.0e+07 -8.0e+12 0.0e+00 
   2    3    3    0 1.0e+00 7.8e-02 1.0e+00  2.34699e+01 8.4e+04 1.7e+06 1.4e+09 7.7e+07 5.6e+08 -3.1e+09 0.0e+00 
   3    4    4    0 1.0e+00 1.0e+00 1.0e+00  2.43744e+01 5.9e-02 5.8e-11 1.1e+08 1.9e+07 6.7e+07 -2.1e+09 0.0e+00 
   4    5    5    0 1.0e+00 1.0e+00 1.0e+00  2.51587e+01 4.5e-02 1.5e-11 1.8e+07 4.8e+06 1.9e+07 -4.3e+07 0.0e+00 
   5    6    6    0 1.0e+00 1.0e+00 1.0e+00  2.36876e+01 1.7e-01 7.3e-12 4.9e+06 1.2e+06 4.8e+06 -3.0e+07 0.0e+00 
   6    7    7    0 1.0e+00 1.0e+00 1.0e+00  2.27226e+01 7.1e-02 1.8e-12 1.0e+06 3.0e+05 1.2e+06 -1.3e+07 0.0e+00 
   7    8    8    0 1.0e+00 1.0e+00 1.0e+00  2.25258e+01 2.9e-03 2.3e-13 2.4e+05 7.5e+04 3.0e+05 -2.9e+06 0.0e+00 
   8    9    9    0 1.0e+00 1.0e+00 1.0e+00  2.24800e+01 1.6e-04 0.0e+00 7.4e+04 1.9e+04 7.5e+04 -6.9e+05 0.0e+00 
   9   10   10    0 1.0e+00 1.0e+00 1.0e+00  2.24692e+01 8.6e-06 2.8e-14 2.8e+04 4.7e+03 1.9e+04 -1.6e+05 0.0e+00 

iter nobj ngrd nhvc   alpha   alphx   alphz         fobj   |opt| |infes|  |dual|      mu    comp   dmerit     rho info
  10   11   11    0 1.0e+00 1.0e+00 1.0e+00  2.24672e+01 3.6e-07 2.8e-14 7.7e+03 1.2e+03 4.7e+03 -2.8e+04 0.0e+00 
  11   12   12    0 1.0e+00 1.0e+00 1.0e+00  2.24668e+01 0.0e+00 0.0e+00 1.2e+03 2.9e+02 1.2e+03 -4.8e+03 0.0e+00 
  12   13   13    0 1.0e+00 1.0e+00 1.0e+00  2.24667e+01 1.1e-13 2.8e-14 2.4e+02 7.4e+01 2.9e+02 -1.7e+03 0.0e+00 
  13   14   14    0 1.0e+00 1.0e+00 1.0e+00  2.24667e+01 3.0e-08 5.7e-14 5.6e+01 1.8e+01 7.4e+01 -4.8e+02 0.0e+00 
  14   15   15    0 1.0e+00 1.0e+00 1.0e+00  2.24667e+01 0.0e+00 0.0e+00 1.4e+01 4.6e+00 1.8e+01 -1.2e+02 0.0e+00 
  15   16   16    0 1.0e+00 1.0e+00 1.0e+00  2.24667e+01 6.0e-08 2.8e-14 3.5e+00 1.2e+00 4.6e+00 -3.1e+01 0.0e+00 
  16   17   17    0 1.0e+00 1.0e+00 1.0e+00  2.24667e+01 3.0e-08 2.8e-14 8.6e-01 2.9e-01 1.2e+00 -7.8e+00 0.0e+00 
  17   18   18    0 1.0e+00 1.0e+00 1.0e+00  2.24667e+01 0.0e+00 2.8e-14 2.2e-01 7.2e-02 2.9e-01 -1.9e+00 0.0e+00 
  18   19   19    0 1.0e+00 1.0e+00 1.0e+00  2.24667e+01 3.0e-08 5.7e-14 5.4e-02 1.8e-02 7.2e-02 -4.9e-01 0.0e+00 
  19   20   20    0 1.0e+00 1.0e+00 1.0e+00  2.24667e+01 3.0e-08 2.8e-14 1.3e-02 4.5e-03 1.8e-02 -1.2e-01 0.0e+00 skipH 

iter nobj ngrd nhvc   alpha   alphx   alphz         fobj   |opt| |infes|  |dual|      mu    comp   dmerit     rho info
  20   21   21    0 1.0e+00 1.0e+00 1.0e+00  2.24667e+01 0.0e+00 0.0e+00 3.4e-03 1.1e-03 4.5e-03 -3.0e-02 0.0e+00 skipH 
  21   22   22    0 1.0e+00 1.0e+00 1.0e+00  2.24667e+01 3.0e-08 2.8e-14 8.4e-04 2.8e-04 1.1e-03 -7.6e-03 0.0e+00 skipH 
  22   23   23    0 1.0e+00 1.0e+00 1.0e+00  2.24667e+01 3.0e-08 0.0e+00 2.1e-04 7.0e-05 2.8e-04 -1.9e-03 0.0e+00 skipH 
  23   24   24    0 1.0e+00 1.0e+00 1.0e+00  2.24667e+01 0.0e+00 0.0e+00 5.3e-05 1.8e-05 7.0e-05 -4.7e-04 0.0e+00 skipH 
  24   25   25    0 1.0e+00 1.0e+00 1.0e+00  2.24667e+01 3.0e-08 0.0e+00 1.3e-05 4.4e-06 1.8e-05 -1.2e-04 0.0e+00 skipH 
  25   26   26    0 1.0e+00 1.0e+00 1.0e+00  2.24667e+01 3.0e-08 5.7e-14 3.3e-06 1.1e-06 4.4e-06 -3.0e-05 0.0e+00 skipH 
  26   27   27    0 1.0e+00 1.0e+00 1.0e+00  2.24667e+01 6.0e-08 1.2e-09 1.4e-06 2.7e-07 1.3e-06 -7.4e-06 0.0e+00 skipH 
  27   28   28    0 1.0e+00 1.0e+00 1.0e+00  2.24667e+01 0.0e+00 2.8e-09 1.6e-06 1.0e-07 7.4e-07 -1.8e-06 0.0e+00 skipH 
  28   29   29    0 1.0e+00 1.0e+00 1.0e+00  2.24667e+01 3.0e-08 3.2e-09 1.6e-06 1.0e-07 6.3e-07 -2.7e-07 0.0e+00 skipH 
  29   29   29    0 1.0e+00 1.0e+00 1.0e+00  2.24667e+01 3.0e-08 3.2e-09 1.6e-06 1.0e-07 6.3e-07  1.9e-07 0.0e+00 LFail SLP 

ParOpt Warning: Current design point could not be improved. No barrier function decrease in previous two iterations
ParOpt Warning: Variables may be too close to lower bound
ParOptInteriorPoint Parameter Summary:
algorithm                                mma            
use_diag_hessian                         True           

iter nobj ngrd nhvc   alpha   alphx   alphz         fobj   |opt| |infes|  |dual|      mu    comp   dmerit     rho info
   0    1    1    0      --      --      --  2.69970e+01 1.6e+02 1.9e+06 1.6e+09 3.2e+08 3.2e+08       --      -- 
   1    2    2    0 1.0e+00 2.6e-05 1.5e-04  1.86169e+02 6.2e+02 1.9e+06 7.9e+07 7.9e+07 6.9e+07 -8.6e+12 0.0e+00 
   2    3    3    0 1.0e+00 9.0e-02 1.0e+00  2.82001e+01 7.3e+04 1.7e+06 1.4e+09 7.9e+07 5.8e+08 -3.2e+09 0.0e+00 
   3    4    4    0 1.0e+00 1.0e+00 1.0e+00  2.92587e+01 5.6e-02 1.7e-10 1.1e+08 2.0e+07 6.9e+07 -2.1e+09 0.0e+00 
   4    5    5    0 1.0e+00 1.0e+00 1.0e+00  2.99945e+01 2.7e-02 0.0e+00 1.9e+07 5.0e+06 2.0e+07 -4.3e+07 0.0e+00 
   5    6    6    0 1.0e+00 1.0e+00 1.0e+00  2.82350e+01 1.7e-01 7.3e-12 5.0e+06 1.2e+06 5.0e+06 -3.3e+07 0.0e+00 
   6    7    7    0 1.0e+00 1.0e+00 1.0e+00  2.72560e+01 5.1e-02 7.3e-12 1.0e+06 3.1e+05 1.2e+06 -1.3e+07 0.0e+00 
   7    8    8    0 1.0e+00 1.0e+00 1.0e+00  2.70555e+01 2.1e-03 0.0e+00 2.4e+05 7.8e+04 3.1e+05 -3.0e+06 0.0e+00 
   8    9    9    0 1.0e+00 1.0e+00 1.0e+00  2.70084e+01 1.1e-04 1.7e-13 7.5e+04 1.9e+04 7.8e+04 -7.1e+05 0.0e+00 
   9   10   10    0 1.0e+00 1.0e+00 1.0e+00  2.69972e+01 6.4e-06 0.0e+00 2.8e+04 4.9e+03 1.9e+04 -1.7e+05 0.0e+00 

iter nobj ngrd nhvc   alpha   alphx   alphz         fobj   |opt| |infes|  |dual|      mu    comp   dmerit     rho info
  10   11   11    0 1.0e+00 1.0e+00 1.0e+00  2.69951e+01 2.1e-07 5.7e-14 7.9e+03 1.2e+03 4.9e+03 -3.0e+04 0.0e+00 
  11   12   12    0 1.0e+00 1.0e+00 1.0e+00  2.69948e+01 3.0e-08 0.0e+00 1.2e+03 3.0e+02 1.2e+03 -4.9e+03 0.0e+00 
  12   13   13    0 1.0e+00 1.0e+00 1.0e+00  2.69946e+01 0.0e+00 0.0e+00 2.5e+02 7.6e+01 3.0e+02 -1.8e+03 0.0e+00 
  13   14   14    0 1.0e+00 1.0e+00 1.0e+00  2.69946e+01 0.0e+00 0.0e+00 5.8e+01 1.9e+01 7.6e+01 -5.0e+02 0.0e+00 
  14   15   15    0 1.0e+00 1.0e+00 1.0e+00  2.69946e+01 0.0e+00 0.0e+00 1.4e+01 4.7e+00 1.9e+01 -1.3e+02 0.0e+00 
  15   16   16    0 1.0e+00 1.0e+00 1.0e+00  2.69946e+01 3.0e-08 2.8e-14 3.6e+00 1.2e+00 4.7e+00 -3.2e+01 0.0e+00 
  16   17   17    0 1.0e+00 1.0e+00 1.0e+00  2.69946e+01 3.0e-08 2.8e-14 8.9e-01 3.0e-01 1.2e+00 -8.0e+00 0.0e+00 
  17   18   18    0 1.0e+00 1.0e+00 1.0e+00  2.69946e+01 0.0e+00 2.8e-14 2.2e-01 7.4e-02 3.0e-01 -2.0e+00 0.0e+00 
  18   19   19    0 1.0e+00 1.0e+00 1.0e+00  2.69946e+01 3.0e-08 2.8e-14 5.6e-02 1.9e-02 7.4e-02 -5.0e-01 0.0e+00 
  19   20   20    0 1.0e+00 1.0e+00 1.0e+00  2.69946e+01 3.0e-08 0.0e+00 1.4e-02 4.6e-03 1.9e-02 -1.2e-01 0.0e+00 

iter nobj ngrd nhvc   alpha   alphx   alphz         fobj   |opt| |infes|  |dual|      mu    comp   dmerit     rho info
  20   21   21    0 1.0e+00 1.0e+00 1.0e+00  2.69946e+01 3.0e-08 0.0e+00 3.5e-03 1.2e-03 4.6e-03 -3.1e-02 0.0e+00 skipH 
  21   22   22    0 1.0e+00 1.0e+00 1.0e+00  2.69946e+01 0.0e+00 2.8e-14 8.7e-04 2.9e-04 1.2e-03 -7.8e-03 0.0e+00 skipH 
  22   23   23    0 1.0e+00 1.0e+00 1.0e+00  2.69946e+01 0.0e+00 0.0e+00 2.2e-04 7.2e-05 2.9e-04 -2.0e-03 0.0e+00 skipH 
  23   24   24    0 1.0e+00 1.0e+00 1.0e+00  2.69946e+01 0.0e+00 2.8e-14 5.4e-05 1.8e-05 7.2e-05 -4.9e-04 0.0e+00 skipH 
  24   25   25    0 1.0e+00 1.0e+00 1.0e+00  2.69946e+01 0.0e+00 0.0e+00 1.4e-05 4.5e-06 1.8e-05 -1.2e-04 0.0e+00 skipH 
  25   26   26    0 1.0e+00 1.0e+00 1.0e+00  2.69946e+01 3.0e-08 2.8e-14 3.4e-06 1.1e-06 4.5e-06 -3.0e-05 0.0e+00 skipH 
  26   27   27    0 1.0e+00 1.0e+00 1.0e+00  2.69946e+01 3.0e-08 1.1e-09 1.4e-06 2.8e-07 1.3e-06 -7.6e-06 0.0e+00 skipH 
  27   28   28    0 1.0e+00 1.0e+00 1.0e+00  2.69946e+01 0.0e+00 2.8e-09 1.6e-06 1.0e-07 7.5e-07 -1.9e-06 0.0e+00 skipH 
  28   29   29    0 1.0e+00 1.0e+00 1.0e+00  2.69946e+01 6.0e-08 3.2e-09 1.6e-06 1.0e-07 6.3e-07 -2.9e-07 0.0e+00 skipH 
  29   29   29    0 1.0e+00 1.0e+00 1.0e+00  2.69946e+01 6.0e-08 3.2e-09 1.6e-06 1.0e-07 6.3e-07  1.9e-07 0.0e+00 LFail SLP 

ParOpt Warning: Current design point could not be improved. No barrier function decrease in previous two iterations
