ParOpt Warning: Variables may be too close to upper bound
ParOptInteriorPoint Parameter Summary:
algorithm                                mma            
use_diag_hessian                         True           

iter nobj ngrd nhvc   alpha   alphx   alphz         fobj   |opt| |infes|  |dual|      mu    comp   dmerit     rho info
   0    1    1    0      --      --      --  8.38149e+02 1.3e+02 9.9e+06 8.7e+09 1.2e+09 1.2e+09       --      -- 
   1    2    2    0 1.0e+00 2.5e-09 2.5e-07  8.38266e+02 1.3e+02 9.9e+06 9.6e+09 3.1e+08 1.2e+09 -9.1e+09 0.0e+00 
   2    3    3    0 1.0e+00 2.0e-06 2.0e-04  8.44189e+02 2.2e+02 9.9e+06 9.6e+09 3.1e+08 1.2e+09 -5.2e+10 0.0e+00 
   3    4    4    0 1.0e+00 3.9e-04 3.9e-02  9.40507e+02 1.4e+03 9.9e+06 1.0e+10 3.1e+08 1.1e+09 -2.0e+10 0.0e+00 
   4    5    5    0 1.0e+00 7.9e-02 1.0e+00  7.79943e+02 6.1e+02 9.1e+06 9.1e+09 3.1e+08 1.2e+09 -1.5e+10 0.0e+00 
   5    6    6    0 1.0e+00 9.8e-01 1.0e+00  8.41837e+02 2.1e+00 1.4e+05 6.2e+08 7.7e+07 3.4e+08 -2.4e+10 0.0e+00 
   6    7    7    0 1.0e+00 1.0e+00 1.0e+00  8.43835e+02 2.6e-03 2.3e-10 7.9e+07 1.9e+07 7.8e+07 -1.6e+09 0.0e+00 
   7    8    8    0 1.0e+00 1.0e+00 1.0e+00  8.55714e+02 9.2e-02 1.5e-11 1.8e+07 4.8e+06 1.9e+07 -1.8e+08 0.0e+00 
   8    9    9    0 1.0e+00 1.0e+00 1.0e+00  9.07014e+02 1.6e+00 5.5e-12 5.5e+06 1.2e+06 4.8e+06 -4.4e+07 0.0e+00 
   9   10   10    0 1.0e+00 1.0e+00 1.0e+00  9.30001e+02 3.4e-01 3.6e-12 1.6e+06 3.0e+05 1.2e+06 -1.1e+07 0.0e+00 

iter nobj ngrd nhvc   alpha   alphx   alphz         fobj   |opt| |infes|  |dual|      mu    comp   dmerit     rho info
  10   11   11    0 1.0e+00 1.0e+00 9.7e-01  8.71134e+02 2.2e+00 2.7e-12 3.8e+05 7.6e+04 3.2e+05 -2.4e+06 0.0e+00 
  11   12   12    0 1.0e+00 1.0e+00 1.0e+00  8.60419e+02 7.8e-02 1.8e-12 6.5e+04 1.9e+04 7.6e+04 -8.7e+05 0.0e+00 
  12   13   13    0 1.0e+00 1.0e+00 1.0e+00  8.58787e+02 5.4e-04 1.5e-12 1.4e+04 4.7e+03 1.9e+04 -1.6e+05 0.0e+00 
  13   14   14    0 1.0e+00 1.0e+00 1.0e+00  8.55579e+02 2.5e-03 1.5e-13 3.7e+03 1.2e+03 4.7e+03 -4.2e+04 0.0e+00 
  14   15   15    0 1.0e+00 1.0e+00 1.0e+00  8.44821e+02 3.3e-02 4.7e-11 1.1e+03 2.9e+02 1.2e+03 -1.1e+04 0.0e+00 
  15   16   16    0 1.0e+00 1.0e+00 1.0e+00  8.13547e+02 2.9e-01 2.3e-09 3.9e+02 7.4e+01 3.0e+02 -2.6e+03 0.0e+00 
  16   17   17    0 1.0e+00 1.0e+00 1.0e+00  7.57055e+02 9.2e-01 3.0e-09 1.1e+02 1.8e+01 7.5e+01 -4.8e+02 0.0e+00 
  17   18   18    0 1.0e+00 1.0e+00 1.0e+00  6.99804e+02 2.1e+00 1.7e-09 3.7e+01 4.6e+00 2.0e+01 -1.4e+02 0.0e+00 
  18   19   19    0 1.0e+00 1.0e+00 1.0e+00  6.62615e+02 1.9e+00 6.0e-10 9.3e+00 1.2e+00 5.2e+00 -7.4e+01 0.0e+00 
  19   20   20    0 1.0e+00 1.0e+00 1.0e+00  6.47497e+02 8.2e-01 1.2e-10 2.7e+00 2.9e-01 1.3e+00 -2.3e+01 0.0e+00 

iter nobj ngrd nhvc   alpha   alphx   alphz         fobj   |opt| |infes|  |dual|      mu    comp   dmerit     rho info
  20   21   21    0 1.0e+00 1.0e+00 1.0e+00  6.42995e+02 1.7e-01 2.6e-11 5.9e-01 7.2e-02 3.3e-01 -6.4e+00 0.0e+00 
  21   22   22    0 1.0e+00 1.0e+00 1.0e+00  6.41617e+02 2.8e-02 6.9e-12 1.2e-01 1.8e-02 7.8e-02 -1.8e+00 0.0e+00 
  22   23   23    0 1.0e+00 1.0e+00 1.0e+00  6.41293e+02 4.6e-03 1.2e-12 3.8e-02 4.5e-03 1.9e-02 -4.1e-01 0.0e+00 
  23   24   24    0 1.0e+00 1.0e+00 1.0e+00  6.41192e+02 1.8e-04 8.2e-13 8.3e-03 1.1e-03 4.8e-03 -1.2e-01 0.0e+00 
  24   25   25    0 1.0e+00 1.0e+00 1.0e+00  6.41172e+02 7.9e-04 8.5e-14 1.6e-03 2.8e-04 1.2e-03 -2.4e-02 0.0e+00 
  25   26   26    0 1.0e+00 1.0e+00 1.0e+00  6.41167e+02 1.2e-04 6.3e-13 3.2e-04 7.0e-05 2.9e-04 -5.7e-03 0.0e+00 
  26   27   27    0 1.0e+00 1.0e+00 1.0e+00  6.41166e+02 8.6e-06 1.4e-13 5.8e-05 1.8e-05 7.1e-05 -1.4e-03 0.0e+00 
  27   28   28    0 1.0e+00 1.0e+00 1.0e+00  6.41166e+02 3.3e-07 1.4e-12 1.3e-05 4.4e-06 1.8e-05 -3.2e-04 0.0e+00 
  28   29   29    0 1.0e+00 1.0e+00 1.0e+00  6.41166e+02 1.8e-08 2.1e-12 3.3e-06 1.1e-06 4.4e-06 -7.9e-05 0.0e+00 
  29   30   30    0 1.0e+00 1.0e+00 1.0e+00  6.41166e+02 1.1e-09 2.3e-12 8.2e-07 2.7e-07 1.1e-06 -2.0e-05 0.0e+00 

iter nobj ngrd nhvc   alpha   alphx   alphz         fobj   |opt| |infes|  |dual|      mu    comp   dmerit     rho info
  30   31   31    0 1.0e+00 1.0e+00 1.0e+00  6.41166e+02 6.9e-11 1.0e-12 1.7e-07 1.0e-07 2.7e-07 -4.9e-06 0.0e+00 

ParOpt: Successfully converged to requested tolerance
ParOpt Warning: Variables may be too close to lower bound
ParOptInteriorPoint Parameter Summary:
algorithm                                mma            
use_diag_hessian                         True           

iter nobj ngrd nhvc   alpha   alphx   alphz         fobj   |opt| |infes|  |dual|      mu    comp   dmerit     rho info
   0    1    1    0      --      --      --  1.34077e+03 1.1e+04 2.5e+07 2.2e+10 3.1e+09 3.1e+09       --      -- 
   1    2    2    0 1.0e+00 6.9e-10 6.9e-08  1.34116e+03 1.1e+04 2.5e+07 2.4e+10 7.7e+08 3.1e+09 -2.9e+13 0.0e+00 
   2    3    3    0 1.0e+00 5.5e-07 5.5e-05  1.38292e+03 1.1e+04 2.5e+07 2.4e+10 7.7e+08 3.1e+09 -1.2e+11 0.0e+00 
   3    4    4    0 1.0e+00 1.1e-04 1.1e-02  1.27761e+03 1.3e+04 2.5e+07 2.6e+10 7.7e+08 3.1e+09 -9.6e+10 0.0e+00 
   4    5    5    0 1.0e+00 2.2e-02 1.0e+00  1.44473e+03 8.7e+02 2.4e+07 2.4e+10 7.7e+08 3.0e+09 -3.1e+10 0.0e+00 
   5    6    6    0 1.0e+00 9.8e-01 1.0e+00  1.35333e+03 2.7e+00 4.4e+05 1.2e+09 1.9e+08 8.4e+08 -8.5e+10 0.0e+00 
   6    7    7    0 1.0e+00 1.0e+00 1.0e+00  1.32915e+03 1.5e-01 5.8e-10 1.7e+08 4.8e+07 1.9e+08 -3.8e+09 0.0e+00 
   7    8    8    0 1.0e+00 1.0e+00 1.0e+00  1.24829e+03 1.8e+00 4.4e-11 5.3e+07 1.2e+07 4.8e+07 -4.5e+08 0.0e+00 
   8    9    9    0 1.0e+00 1.0e+00 1.0e+00  1.24175e+03 1.1e-02 2.9e-11 1.7e+07 3.0e+06 1.2e+07 -1.0e+08 0.0e+00 
   9   10   10    0 1.0e+00 1.0e+00 1.0e+00  1.34723e+03 2.6e+00 9.1e-12 3.4e+06 7.5e+05 3.0e+06 -2.6e+07 0.0e+00 

iter nobj ngrd nhvc   alpha   alphx   alphz         fobj   |opt| |infes|  |dual|      mu    comp   dmerit     rho info
  10   11   11    0 1.0e+00 1.0e+00 1.0e+00  1.36839e+03 1.1e-01 3.8e-11 6.4e+05 1.9e+05 7.5e+05 -8.2e+06 0.0e+00 
  11   12   12    0 1.0e+00 1.0e+00 1.0e+00  1.37040e+03 1.1e-03 2.0e-11 1.4e+05 4.7e+04 1.9e+05 -1.6e+06 0.0e+00 
  12   13   13    0 1.0e+00 1.0e+00 1.0e+00  1.37078e+03 1.2e-04 2.0e-11 3.6e+04 1.2e+04 4.7e+04 -4.2e+05 0.0e+00 
  13   14   14    0 1.0e+00 1.0e+00 1.0e+00  1.36969e+03 5.2e-04 9.3e-12 8.9e+03 2.9e+03 1.2e+04 -1.1e+05 0.0e+00 
  14   15   15    0 1.0e+00 1.0e+00 1.0e+00  1.36488e+03 7.7e-03 8.4e-10 2.4e+03 7.3e+02 2.9e+03 -2.6e+04 0.0e+00 
  15   16   16    0 1.0e+00 1.0e+00 1.0e+00  1.34818e+03 9.2e-02 9.9e-09 7.5e+02 1.8e+02 7.3e+02 -6.6e+03 0.0e+00 
  16   17   17    0 1.0e+00 1.0e+00 1.0e+00  1.30643e+03 6.0e-01 1.1e-07 2.9e+02 4.6e+01 1.8e+02 -2.0e+03 0.0e+00 
  17   18   18    0 1.0e+00 1.0e+00 1.0e+00  1.24757e+03 1.2e+00 1.5e-07 7.8e+01 1.1e+01 4.7e+01 -2.5e+02 0.0e+00 
  18   19   19    0 1.0e+00 1.0e+00 1.0e+00  1.19879e+03 7.1e-01 2.6e-08 2.4e+01 2.9e+00 1.2e+01 -1.3e+02 0.0e+00 
  19   20   20    0 1.0e+00 1.0e+00 1.0e+00  1.17178e+03 1.0e+00 8.0e-09 5.4e+00 7.2e-01 3.1e+00 -4.7e+01 0.0e+00 

iter nobj ngrd nhvc   alpha   alphx   alphz         fobj   |opt| |infes|  |dual|      mu    comp   dmerit     rho info
  20   21   21    0 1.0e+00 1.0e+00 1.0e+00  1.16307e+03 4.0e-01 3.6e-09 1.3e+00 1.8e-01 7.6e-01 -1.3e+01 0.0e+00 
  21   22   22    0 1.0e+00 1.0e+00 1.0e+00  1.16079e+03 6.4e-02 4.1e-10 3.4e-01 4.5e-02 1.9e-01 -3.3e+00 0.0e+00 
  22   23   23    0 1.0e+00 1.0e+00 1.0e+00  1.16014e+03 2.8e-02 2.2e-10 9.8e-02 1.1e-02 4.9e-02 -9.0e-01 0.0e+00 
  23   24   24    0 1.0e+00 1.0e+00 1.0e+00  1.15986e+03 3.1e-03 2.5e-11 1.8e-02 2.8e-03 1.2e-02 -3.3e-01 0.0e+00 
  24   25   25    0 1.0e+00 1.0e+00 1.0e+00  1.15981e+03 1.0e-03 1.1e-11 2.9e-03 7.0e-04 2.9e-03 -5.9e-02 0.0e+00 
  25   26   26    0 1.0e+00 1.0e+00 1.0e+00  1.15979e+03 2.3e-04 2.1e-11 6.1e-04 1.8e-04 7.1e-04 -1.4e-02 0.0e+00 
  26   27   27    0 1.0e+00 1.0e+00 1.0e+00  1.15979e+03 1.6e-05 1.4e-11 1.4e-04 4.4e-05 1.8e-04 -3.3e-03 0.0e+00 
  27   28   28    0 1.0e+00 1.0e+00 1.0e+00  1.15979e+03 8.9e-07 2.1e-11 3.3e-05 1.1e-05 4.4e-05 -8.0e-04 0.0e+00 
  28   29   29    0 1.0e+00 1.0e+00 1.0e+00  1.15979e+03 5.3e-08 9.0e-12 8.2e-06 2.7e-06 1.1e-05 -2.0e-04 0.0e+00 
  29   30   30    0 1.0e+00 1.0e+00 1.0e+00  1.15979e+03 3.3e-09 1.3e-11 2.1e-06 6.8e-07 2.7e-06 -4.9e-05 0.0e+00 

iter nobj ngrd nhvc   alpha   alphx   alphz         fobj   |opt| |infes|  |dual|      mu    comp   dmerit     rho info
  30   31   31    0 1.0e+00 1.0e+00 1.0e+00  1.15979e+03 2.1e-10 2.2e-11 5.2e-07 1.7e-07 6.8e-07 -1.2e-05 0.0e+00 
  31   32   32    0 1.0e+00 1.0e+00 1.0e+00  1.15979e+03 1.3e-11 1.4e-11 6.6e-08 1.0e-07 1.7e-07 -3.1e-06 0.0e+00 

ParOpt: Successfully converged to requested tolerance
ParOpt Warning: Variables may be too close to lower bound
ParOpt Warning: Variables may be too close to upper bound
ParOptInteriorPoint Parameter Summary:
algorithm                                mma            
use_diag_hessian                         True           

iter nobj ngrd nhvc   alpha   alphx   alphz         fobj   |opt| |infes|  |dual|      mu    comp   dmerit     rho info
   0    1    1    0      --      --      --  3.97551e+02 1.6e+05 2.0e+09 1.8e+12 2.5e+11 2.5e+11       --      -- 
   1    2    2    0 1.0e+00 4.9e-10 4.9e-08  3.97744e+02 1.6e+05 2.0e+09 1.9e+12 6.3e+10 2.5e+11 -1.1e+14 0.0e+00 
   2    3    3    0 1.0e+00 2.5e-07 2.5e-05  4.00877e+02 1.6e+05 2.0e+09 1.9e+12 6.3e+10 2.5e+11 -1.4e+13 0.0e+00 
   3    4    4    0 1.0e+00 4.5e-05 4.5e-03  4.30457e+02 1.6e+05 2.0e+09 2.2e+12 6.3e+10 2.5e+11 -1.8e+13 0.0e+00 
   4    5    5    0 1.0e+00 9.1e-03 2.7e-01  8.58049e+02 1.2e+05 2.0e+09 2.5e+12 6.3e+10 3.0e+11 -1.2e+13 0.0e+00 
   5    8    6    0 2.4e-01 5.4e-01 2.9e-01  9.04816e+02 1.1e+05 1.7e+09 2.2e+12 6.3e+10 2.9e+11 -2.5e+13 0.0e+00 
   6    9    7    0 1.0e+00 9.6e-01 1.0e+00  4.78004e+02 7.8e+01 6.9e+07 1.8e+11 1.6e+10 7.9e+10 -4.2e+12 0.0e+00 
   7   10    8    0 1.0e+00 1.0e+00 1.0e+00  5.22265e+02 4.7e-01 4.5e-08 2.3e+10 3.9e+09 1.6e+10 -4.5e+11 0.0e+00 
   8   11    9    0 1.0e+00 1.0e+00 1.0e+00  5.50252e+02 1.9e-01 0.0e+00 5.0e+09 9.8e+08 3.9e+09 -5.3e+10 0.0e+00 
   9   12   10    0 1.0e+00 1.0e+00 9.4e-01  4.66449e+02 1.4e+00 2.3e-09 1.6e+09 2.5e+08 1.1e+09 -7.8e+09 0.0e+00 

iter nobj ngrd nhvc   alpha   alphx   alphz         fobj   |opt| |infes|  |dual|      mu    comp   dmerit     rho info
  10   13   11    0 1.0e+00 1.0e+00 1.0e+00  4.08758e+02 9.2e-01 4.7e-10 2.7e+08 6.1e+07 2.5e+08 -3.9e+09 0.0e+00 
  11   14   12    0 1.0e+00 1.0e+00 1.0e+00  4.03532e+02 6.9e-03 1.2e-10 9.6e+07 1.5e+07 6.1e+07 -7.4e+08 0.0e+00 
  12   15   13    0 1.0e+00 1.0e+00 1.0e+00  4.03609e+02 3.9e-04 5.1e-11 1.7e+07 3.8e+06 1.5e+07 -1.1e+08 0.0e+00 
  13   16   14    0 1.0e+00 1.0e+00 1.0e+00  4.03904e+02 2.7e-04 2.0e-10 3.6e+06 9.6e+05 3.8e+06 -3.1e+07 0.0e+00 
  14   17   15    0 1.0e+00 1.0e+00 1.0e+00  4.04108e+02 1.7e-04 1.4e-10 8.6e+05 2.4e+05 9.6e+05 -8.8e+06 0.0e+00 
  15   18   16    0 1.0e+00 1.0e+00 1.0e+00  4.04266e+02 1.0e-04 2.3e-10 2.1e+05 6.0e+04 2.4e+05 -2.1e+06 0.0e+00 
  16   19   17    0 1.0e+00 1.0e+00 1.0e+00  4.04390e+02 6.2e-05 6.0e-10 5.0e+04 1.5e+04 6.0e+04 -5.4e+05 0.0e+00 
  17   20   18    0 1.0e+00 1.0e+00 1.0e+00  4.04483e+02 3.7e-05 4.9e-10 1.2e+04 3.7e+03 1.5e+04 -1.3e+05 0.0e+00 
  18   21   19    0 1.0e+00 1.0e+00 1.0e+00  4.04553e+02 2.1e-05 2.8e-08 3.0e+03 9.3e+02 3.7e+03 -3.4e+04 0.0e+00 
  19   22   20    0 1.0e+00 1.0e+00 1.0e+00  4.04602e+02 1.2e-05 2.2e-07 9.0e+02 2.3e+02 9.3e+02 -8.4e+03 0.0e+00 

iter nobj ngrd nhvc   alpha   alphx   alphz         fobj   |opt| |infes|  |dual|      mu    comp   dmerit     rho info
  20   24   21    0 3.4e-01 1.0e+00 1.0e+00  4.04610e+02 9.0e-06 6.0e-07 7.9e+02 5.8e+01 7.0e+02 -2.8e+03 0.0e+00 
  21   25   22    0 1.0e+00 8.8e-01 1.0e+00  4.04603e+02 7.5e-05 1.0e-05 2.6e+02 1.5e+01 7.7e+01 -2.1e+03 0.0e+00 
  22   26   23    0 1.0e+00 1.0e+00 9.7e-01  4.04381e+02 4.4e-04 4.3e-05 3.3e+01 3.7e+00 1.6e+01 -1.6e+02 0.0e+00 
  23   27   24    0 1.0e+00 1.0e+00 1.0e+00  4.03455e+02 2.2e-04 1.5e-05 4.3e+00 9.1e-01 3.7e+00 -4.3e+01 0.0e+00 
  24   28   25    0 1.0e+00 1.0e+00 9.3e-01  3.99291e+02 1.6e-02 5.4e-06 1.5e+00 2.3e-01 1.1e+00 -1.0e+01 0.0e+00 
  25   29   26    0 1.0e+00 9.6e-01 1.0e+00  3.97726e+02 5.2e-03 1.4e-06 4.1e-01 5.7e-02 2.4e-01 -2.8e+00 0.0e+00 
  26   30   27    0 1.0e+00 1.0e+00 1.0e+00  3.97670e+02 6.2e-03 7.5e-06 7.6e-02 1.4e-02 5.8e-02 -5.0e-01 0.0e+00 
  27   31   28    0 1.0e+00 1.0e+00 1.0e+00  3.97590e+02 8.1e-03 1.7e-07 2.7e-02 3.6e-03 1.5e-02 -1.7e-01 0.0e+00 
  28   32   29    0 1.0e+00 1.0e+00 1.0e+00  3.97549e+02 3.4e-03 1.1e-06 7.5e-03 8.9e-04 4.1e-03 -6.5e-02 0.0e+00 
  29   33   30    0 1.0e+00 1.0e+00 1.0e+00  3.97532e+02 7.0e-04 2.7e-07 2.0e-03 2.2e-04 1.0e-03 -2.4e-02 0.0e+00 

iter nobj ngrd nhvc   alpha   alphx   alphz         fobj   |opt| |infes|  |dual|      mu    comp   dmerit     rho info
  30   34   31    0 1.0e+00 1.0e+00 1.0e+00  3.97527e+02 3.5e-04 1.5e-08 6.1e-04 5.6e-05 2.6e-04 -5.8e-03 0.0e+00 
  31   35   32    0 1.0e+00 1.0e+00 1.0e+00  3.97526e+02 9.8e-05 8.4e-10 1.6e-04 1.4e-05 6.7e-05 -1.1e-03 0.0e+00 
  32   36   33    0 1.0e+00 1.0e+00 1.0e+00  3.97526e+02 2.6e-05 1.3e-09 3.3e-05 3.5e-06 1.6e-05 -2.2e-04 0.0e+00 
  33   37   34    0 1.0e+00 1.0e+00 1.0e+00  3.97526e+02 1.9e-06 5.5e-10 4.2e-06 8.7e-07 3.6e-06 -4.9e-05 0.0e+00 
  34   38   35    0 1.0e+00 1.0e+00 1.0e+00  3.97526e+02 4.5e-08 3.5e-10 6.9e-07 2.2e-07 8.7e-07 -1.2e-05 0.0e+00 
  35   39   36    0 1.0e+00 1.0e+00 1.0e+00  3.97526e+02 1.6e-09 1.5e-10 1.2e-07 1.0e-07 2.2e-07 -3.0e-06 0.0e+00 

ParOpt: Successfully converged to requested tolerance
ParOpt Warning: Variables may be too close to lower bound
ParOpt Warning: Variables may be too close to upper bound
ParOptInteriorPoint Parameter Summary:
algorithm                                mma            
use_diag_hessian                         True           

iter nobj ngrd nhvc   alpha   alphx   alphz         fobj   |opt| |infes|  |dual|      mu    comp   dmerit     rho info
   0    1    1    0      --      --      --  4.65118e+02 8.0e+03 9.8e+08 8.6e+11 1.2e+11 1.2e+11       --      -- 
   1    2    2    0 1.0e+00 2.5e-11 2.5e-09  4.65300e+02 8.0e+03 9.8e+08 9.5e+11 3.1e+10 1.2e+11 -1.2e+15 0.0e+00 
   2    3    3    0 1.0e+00 1.5e-08 1.6e-07  4.68052e+02 8.0e+03 9.8e+08 9.5e+11 3.1e+10 1.2e+11 -7.2e+12 0.0e+00 
   3    4    4    0 1.0e+00 2.8e-07 2.8e-05  4.72911e+02 8.0e+03 9.8e+08 9.5e+11 3.1e+10 1.2e+11 -1.2e+12 0.0e+00 
   4    5    5    0 1.0e+00 4.0e-05 6.7e-06  5.33043e+02 8.0e+03 9.8e+08 9.7e+11 3.1e+10 1.2e+11 -7.0e+13 0.0e+00 
   5    6    6    0 1.0e+00 5.8e-05 5.8e-03  5.81402e+02 8.2e+03 9.8e+08 1.0e+12 3.1e+10 1.3e+11 -6.9e+11 0.0e+00 
   6    7    7    0 1.0e+00 1.2e-02 8.0e-01  7.96875e+02 2.4e+03 9.7e+08 1.3e+12 3.1e+10 1.1e+11 -3.6e+12 0.0e+00 
   7    8    8    0 1.0e+00 9.7e-01 1.0e+00  1.01599e+03 6.9e+00 2.6e+07 8.1e+10 7.7e+09 3.3e+10 -5.9e+12 0.0e+00 
   8    9    9    0 1.0e+00 1.0e+00 1.0e+00  1.01290e+03 1.7e-03 9.3e-09 8.7e+09 1.9e+09 7.4e+09 -1.5e+11 0.0e+00 
   9   10   10    0 1.0e+00 1.0e+00 1.0e+00  8.75161e+02 3.8e+00 7.5e-09 3.1e+09 4.8e+08 1.9e+09 -1.5e+10 0.0e+00 

iter nobj ngrd nhvc   alpha   alphx   alphz         fobj   |opt| |infes|  |dual|      mu    comp   dmerit     rho info
  10   11   11    0 1.0e+00 1.0e+00 1.0e+00  5.09768e+02 3.5e+01 2.8e-09 6.2e+08 1.2e+08 4.8e+08 -6.6e+09 0.0e+00 
  11   12   12    0 1.0e+00 1.0e+00 1.0e+00  4.75875e+02 2.2e-01 2.3e-10 1.2e+08 3.0e+07 1.2e+08 -1.7e+09 0.0e+00 
  12   13   13    0 1.0e+00 1.0e+00 1.0e+00  4.71841e+02 1.3e-02 4.4e-11 4.2e+07 7.5e+06 3.0e+07 -3.4e+08 0.0e+00 
  13   14   14    0 1.0e+00 1.0e+00 1.0e+00  4.72089e+02 4.6e-05 1.9e-10 7.8e+06 1.9e+06 7.5e+06 -4.5e+07 0.0e+00 
  14   15   15    0 1.0e+00 1.0e+00 1.0e+00  4.72272e+02 3.5e-04 4.0e-11 1.6e+06 4.7e+05 1.9e+06 -1.8e+07 0.0e+00 
  15   16   16    0 1.0e+00 1.0e+00 1.0e+00  4.72401e+02 1.7e-04 1.3e-10 3.9e+05 1.2e+05 4.7e+05 -4.2e+06 0.0e+00 
  16   17   17    0 1.0e+00 1.0e+00 1.0e+00  4.72508e+02 9.6e-05 4.9e-11 9.5e+04 2.9e+04 1.2e+05 -1.0e+06 0.0e+00 
  17   18   18    0 1.0e+00 1.0e+00 1.0e+00  4.72591e+02 5.6e-05 4.2e-10 2.3e+04 7.3e+03 2.9e+04 -2.6e+05 0.0e+00 
  18   19   19    0 1.0e+00 1.0e+00 1.0e+00  4.72654e+02 3.2e-05 2.0e-09 5.7e+03 1.8e+03 7.3e+03 -6.6e+04 0.0e+00 
  19   20   20    0 1.0e+00 1.0e+00 1.0e+00  4.72700e+02 1.7e-05 1.8e-08 1.6e+03 4.6e+02 1.8e+03 -1.6e+04 0.0e+00 

iter nobj ngrd nhvc   alpha   alphx   alphz         fobj   |opt| |infes|  |dual|      mu    comp   dmerit     rho info
  20   21   21    0 1.0e+00 1.0e+00 1.0e+00  4.72726e+02 5.8e-06 3.0e-07 5.4e+02 1.1e+02 4.6e+02 -4.0e+03 0.0e+00 
  21   25   22    0 2.9e-02 1.0e+00 1.0e+00  4.72726e+02 5.6e-06 3.9e-07 6.1e+02 2.9e+01 4.5e+02 -1.2e+03 0.0e+00 
  22   26   23    0 1.0e+00 8.1e-01 1.0e+00  4.72696e+02 3.6e-04 9.3e-06 1.8e+02 7.1e+00 4.5e+01 -1.1e+03 0.0e+00 
  23   27   24    0 1.0e+00 1.0e+00 9.4e-01  4.72034e+02 2.1e-03 2.1e-05 2.0e+01 1.8e+00 8.9e+00 -1.3e+02 0.0e+00 
  24   28   25    0 1.0e+00 1.0e+00 8.9e-01  4.69795e+02 1.4e-02 6.7e-06 3.3e+00 4.5e-01 2.4e+00 -2.6e+01 0.0e+00 
  25   29   26    0 1.0e+00 1.0e+00 1.0e+00  4.65346e+02 2.7e-02 6.7e-06 9.3e-01 1.1e-01 4.6e-01 -7.3e+00 0.0e+00 
  26   30   27    0 1.0e+00 1.0e+00 1.0e+00  4.65201e+02 2.1e-03 1.5e-06 1.2e-01 2.8e-02 1.1e-01 -1.1e+00 0.0e+00 
  27   31   28    0 1.0e+00 1.0e+00 1.0e+00  4.65106e+02 7.7e-03 4.6e-06 4.2e-02 7.0e-03 2.8e-02 -2.7e-01 0.0e+00 
  28   32   29    0 1.0e+00 1.0e+00 1.0e+00  4.65059e+02 7.0e-03 7.1e-07 1.4e-02 1.7e-03 7.6e-03 -9.2e-02 0.0e+00 
  29   33   30    0 1.0e+00 1.0e+00 1.0e+00  4.65036e+02 2.0e-03 9.9e-08 3.6e-03 4.4e-04 1.9e-03 -3.4e-02 0.0e+00 

iter nobj ngrd nhvc   alpha   alphx   alphz         fobj   |opt| |infes|  |dual|      mu    comp   dmerit     rho info
  30   34   31    0 1.0e+00 1.0e+00 1.0e+00  4.65029e+02 3.0e-04 2.3e-08 7.7e-04 1.1e-04 4.7e-04 -9.9e-03 0.0e+00 
  31   35   32    0 1.0e+00 1.0e+00 1.0e+00  4.65027e+02 6.0e-05 1.5e-08 1.9e-04 2.7e-05 1.2e-04 -1.5e-02 0.0e+00 
  32   36   33    0 1.0e+00 1.0e+00 1.0e+00  4.65027e+02 5.8e-05 6.6e-09 5.3e-05 6.8e-06 3.0e-05 -4.5e-04 0.0e+00 
  33   37   34    0 1.0e+00 1.0e+00 1.0e+00  4.65027e+02 3.5e-06 1.5e-09 8.1e-06 1.7e-06 7.1e-06 -9.5e-05 0.0e+00 
  34   38   35    0 1.0e+00 1.0e+00 1.0e+00  4.65027e+02 2.5e-07 3.1e-10 1.4e-06 4.3e-07 1.7e-06 -2.3e-05 0.0e+00 
  35   39   36    0 1.0e+00 1.0e+00 1.0e+00  4.65027e+02 8.6e-09 1.5e-10 3.3e-07 1.0e-07 4.3e-07 -5.8e-06 0.0e+00 

ParOpt: Successfully converged to requested tolerance
ParOpt Warning: Variables may be too close to lower bound
ParOpt Warning: Variables may be too close to upper bound
ParOptInteriorPoint Parameter Summary:
algorithm                                mma            
use_diag_hessian                         True           

iter nobj ngrd nhvc   alpha   alphx   alphz         fobj   |opt| |infes|  |dual|      mu    comp   dmerit     rho info
   0    1    1    0      --      --      --  3.23950e+02 1.4e+04 1.6e+09 1.4e+12 2.0e+11 2.0e+11       --      -- 
   1    2    2    0 1.0e+00 8.7e-11 8.7e-09  3.24103e+02 1.4e+04 1.6e+09 1.6e+12 5.1e+10 2.0e+11 -2.0e+15 0.0e+00 
   2    3    3    0 1.0e+00 3.9e-08 3.9e-06  3.27361e+02 1.4e+04 1.6e+09 1.6e+12 5.1e+10 2.0e+11 -9.7e+12 0.0e+00 
   3    4    4    0 1.0e+00 7.9e-06 9.2e-05  3.35967e+02 1.4e+04 1.6e+09 1.6e+12 5.1e+10 2.1e+11 -1.5e+13 0.0e+00 
   4    5    5    0 1.0e+00 1.9e-04 8.1e-05  4.03920e+02 1.4e+04 1.6e+09 1.6e+12 5.1e+10 2.1e+11 -5.2e+12 0.0e+00 
   5    6    6    0 1.0e+00 3.4e-04 9.9e-03  5.71097e+02 1.4e+04 1.6e+09 1.7e+12 5.1e+10 2.1e+11 -2.0e+12 0.0e+00 
   6    7    7    0 1.0e+00 2.0e-02 6.6e-01  6.85819e+02 5.2e+03 1.6e+09 1.8e+12 5.1e+10 1.5e+11 -3.8e+12 0.0e+00 
   7    8    8    0 1.0e+00 9.8e-01 1.0e+00  5.93640e+02 7.7e+00 3.6e+07 8.3e+10 1.3e+10 5.1e+10 -6.7e+12 0.0e+00 
   8    9    9    0 1.0e+00 1.0e+00 1.0e+00  6.19865e+02 2.5e-01 3.5e-08 1.4e+10 3.2e+09 1.2e+10 -2.0e+11 0.0e+00 
   9   10   10    0 1.0e+00 1.0e+00 1.0e+00  6.27877e+02 2.3e-02 3.7e-09 5.1e+09 8.0e+08 3.2e+09 -3.1e+10 0.0e+00 

iter nobj ngrd nhvc   alpha   alphx   alphz         fobj   |opt| |infes|  |dual|      mu    comp   dmerit     rho info
  10   11   11    0 1.0e+00 1.0e+00 7.2e-01  4.34406e+02 5.9e+00 7.0e-10 2.1e+09 2.0e+08 1.4e+09 -4.1e+09 0.0e+00 
  11   12   12    0 1.0e+00 1.0e+00 1.0e+00  3.35728e+02 4.3e+00 7.0e-10 2.2e+08 5.0e+07 2.0e+08 -5.3e+09 0.0e+00 
  12   13   13    0 1.0e+00 1.0e+00 1.0e+00  3.30165e+02 1.1e-02 8.7e-11 6.2e+07 1.2e+07 5.0e+07 -6.1e+08 0.0e+00 
  13   14   14    0 1.0e+00 1.0e+00 1.0e+00  3.30061e+02 8.3e-05 1.5e-11 1.3e+07 3.1e+06 1.2e+07 -9.5e+07 0.0e+00 
  14   15   15    0 1.0e+00 1.0e+00 1.0e+00  3.30198e+02 5.7e-05 2.3e-10 2.6e+06 7.8e+05 3.1e+06 -2.5e+07 0.0e+00 
  15   16   16    0 1.0e+00 1.0e+00 1.0e+00  3.30282e+02 3.3e-05 1.2e-10 6.5e+05 2.0e+05 7.8e+05 -7.1e+06 0.0e+00 
  16   17   17    0 1.0e+00 1.0e+00 1.0e+00  3.30354e+02 1.9e-05 2.2e-10 1.6e+05 4.9e+04 2.0e+05 -1.7e+06 0.0e+00 
  17   18   18    0 1.0e+00 1.0e+00 1.0e+00  3.30411e+02 1.1e-05 4.2e-10 3.9e+04 1.2e+04 4.9e+04 -4.4e+05 0.0e+00 
  18   19   19    0 1.0e+00 1.0e+00 1.0e+00  3.30455e+02 6.4e-06 3.6e-09 9.5e+03 3.0e+03 1.2e+04 -1.1e+05 0.0e+00 
  19   20   20    0 1.0e+00 1.0e+00 1.0e+00  3.30487e+02 3.7e-06 2.8e-08 2.5e+03 7.6e+02 3.0e+03 -2.7e+04 0.0e+00 

iter nobj ngrd nhvc   alpha   alphx   alphz         fobj   |opt| |infes|  |dual|      mu    comp   dmerit     rho info
  20   21   21    0 1.0e+00 1.0e+00 1.0e+00  3.30508e+02 2.1e-06 5.2e-07 7.8e+02 1.9e+02 7.6e+02 -6.8e+03 0.0e+00 
  21   22   22    0 1.0e+00 1.0e+00 1.0e+00  3.30511e+02 1.2e-06 4.8e-06 3.0e+02 4.8e+01 1.9e+02 -1.6e+03 0.0e+00 
  22   23   23    0 1.0e+00 1.0e+00 1.0e+00  3.30462e+02 8.7e-07 4.8e-05 6.0e+01 1.2e+01 4.8e+01 -1.9e+02 0.0e+00 
  23   24   24    0 1.0e+00 1.0e+00 1.0e+00  3.30216e+02 2.3e-05 6.5e-06 1.1e+01 3.0e+00 1.2e+01 -1.1e+02 0.0e+00 
  24   26   25    0 1.6e-01 1.0e+00 1.0e+00  3.30037e+02 3.1e-05 7.4e-06 1.1e+01 7.4e-01 1.0e+01 -1.2e+02 0.0e+00 
  25   27   26    0 1.0e+00 1.0e+00 8.1e-01  3.28725e+02 2.0e-02 5.3e-06 3.6e+00 1.9e-01 2.2e+00 -3.0e+01 0.0e+00 
  26   28   27    0 1.0e+00 1.0e+00 6.9e-01  3.24329e+02 1.1e-01 7.1e-06 1.2e+00 4.7e-02 7.1e-01 -5.6e+00 0.0e+00 
  27   29   28    0 1.0e+00 9.8e-01 9.5e-01  3.24068e+02 6.5e-03 7.9e-06 1.4e-01 1.2e-02 8.1e-02 -5.2e-01 0.0e+00 
  28   30   29    0 1.0e+00 1.0e+00 9.8e-01  3.24033e+02 1.1e-02 7.8e-07 3.6e-02 2.9e-03 1.4e-02 -1.3e-01 0.0e+00 
  29   31   30    0 1.0e+00 1.0e+00 1.0e+00  3.23989e+02 8.4e-03 3.0e-07 1.0e-02 7.3e-04 4.0e-03 -6.9e-02 0.0e+00 

iter nobj ngrd nhvc   alpha   alphx   alphz         fobj   |opt| |infes|  |dual|      mu    comp   dmerit     rho info
  30   32   31    0 1.0e+00 1.0e+00 1.0e+00  3.23969e+02 1.6e-03 9.2e-08 2.0e-03 1.8e-04 8.9e-04 -2.6e-02 0.0e+00 
  31   33   32    0 1.0e+00 1.0e+00 1.0e+00  3.23963e+02 4.5e-04 2.2e-08 5.6e-04 4.5e-05 2.2e-04 -6.5e-03 0.0e+00 
  32   34   33    0 1.0e+00 1.0e+00 1.0e+00  3.23963e+02 2.7e-04 5.9e-09 1.5e-04 1.1e-05 5.6e-05 -9.6e-04 0.0e+00 
  33   35   34    0 1.0e+00 1.0e+00 1.0e+00  3.23963e+02 3.1e-05 1.2e-09 3.0e-05 2.8e-06 1.3e-05 -1.8e-04 0.0e+00 
  34   36   35    0 1.0e+00 1.0e+00 1.0e+00  3.23963e+02 4.5e-06 1.4e-10 3.7e-06 7.1e-07 3.0e-06 -4.1e-05 0.0e+00 
  35   37   36    0 1.0e+00 1.0e+00 1.0e+00  3.23963e+02 1.2e-07 2.9e-11 5.7e-07 1.7e-07 7.1e-07 -9.6e-06 0.0e+00 
  36   38   37    0 1.0e+00 1.0e+00 1.0e+00  3.23963e+02 5.5e-09 1.2e-10 7.3e-08 1.0e-07 1.7e-07 -2.4e-06 0.0e+00 

ParOpt: Successfully converged to requested tolerance
ParOpt Warning: Variables may be too close to lower bound
ParOpt Warning: Variables may be too close to upper bound
ParOptInteriorPoint Parameter Summary:
algorithm                                mma            
use_diag_hessian                         True           

iter nobj ngrd nhvc   alpha   alphx   alphz         fobj   |opt| |infes|  |dual|      mu    comp   dmerit     rho info
   0    1    1    0      --      --      --  2.24228e+02 2.7e+03 9.3e+08 8.1e+11 1.2e+11 1.2e+11       --      -- 
   1    2    2    0 1.0e+00 4.1e-11 4.1e-09  2.24346e+02 2.7e+03 9.3e+08 9.0e+11 2.9e+10 1.2e+11 -1.2e+15 0.0e+00 
   2    3    3    0 1.0e+00 2.0e-08 2.0e-06  2.29991e+02 2.8e+03 9.3e+08 9.0e+11 2.9e+10 1.2e+11 -6.3e+12 0.0e+00 
   3    4    4    0 1.0e+00 3.3e-06 8.0e-05  2.57867e+02 2.9e+03 9.3e+08 9.0e+11 2.9e+10 1.2e+11 -5.5e+12 0.0e+00 
   4    5    5    0 1.0e+00 1.4e-04 3.5e-05  7.94309e+02 2.7e+03 9.3e+08 9.2e+11 2.9e+10 1.2e+11 -1.0e+13 0.0e+00 
   5    6    6    0 1.0e+00 1.8e-04 1.8e-02  6.27047e+02 5.9e+03 9.3e+08 8.8e+11 2.9e+10 1.0e+11 -7.0e+11 0.0e+00 
   6    7    7    0 1.0e+00 3.5e-02 1.0e+00  4.08674e+02 2.9e+03 9.0e+08 7.0e+11 2.9e+10 1.0e+11 -3.0e+12 0.0e+00 
   7    8    8    0 1.0e+00 9.7e-01 1.0e+00  4.21811e+02 5.3e-02 2.4e+07 4.7e+10 7.3e+09 3.1e+10 -2.6e+12 0.0e+00 
   8    9    9    0 1.0e+00 1.0e+00 1.0e+00  4.29510e+02 4.5e-02 3.7e-09 6.8e+09 1.8e+09 7.1e+09 -1.4e+11 0.0e+00 
   9   10   10    0 1.0e+00 1.0e+00 1.0e+00  4.34776e+02 2.1e-02 9.3e-10 2.6e+09 4.5e+08 1.8e+09 -1.3e+10 0.0e+00 

iter nobj ngrd nhvc   alpha   alphx   alphz         fobj   |opt| |infes|  |dual|      mu    comp   dmerit     rho info
  10   11   11    0 1.0e+00 1.0e+00 8.3e-01  3.31867e+02 4.6e+00 4.7e-10 1.1e+09 1.1e+08 6.5e+08 -2.6e+09 0.0e+00 
  11   12   12    0 1.0e+00 1.0e+00 1.0e+00  2.40301e+02 8.0e+00 3.8e-10 1.4e+08 2.8e+07 1.1e+08 -2.4e+09 0.0e+00 
  12   13   13    0 1.0e+00 9.3e-01 1.0e+00  2.37856e+02 2.7e-02 1.9e-10 4.2e+07 7.1e+06 3.0e+07 -3.1e+08 0.0e+00 
  13   14   14    0 1.0e+00 1.0e+00 1.0e+00  2.38630e+02 4.5e-04 2.4e-10 6.7e+06 1.8e+06 7.1e+06 -5.4e+07 0.0e+00 
  14   15   15    0 1.0e+00 1.0e+00 1.0e+00  2.39287e+02 3.1e-04 6.2e-11 1.5e+06 4.4e+05 1.8e+06 -1.7e+07 0.0e+00 
  15   16   16    0 1.0e+00 1.0e+00 1.0e+00  2.39738e+02 1.5e-04 1.3e-10 3.7e+05 1.1e+05 4.4e+05 -4.0e+06 0.0e+00 
  16   17   17    0 1.0e+00 1.0e+00 1.0e+00  2.40092e+02 9.0e-05 1.9e-10 9.0e+04 2.8e+04 1.1e+05 -1.0e+06 0.0e+00 
  17   18   18    0 1.0e+00 1.0e+00 1.0e+00  2.40362e+02 5.2e-05 7.2e-10 2.2e+04 6.9e+03 2.8e+04 -2.5e+05 0.0e+00 
  18   19   19    0 1.0e+00 1.0e+00 1.0e+00  2.40563e+02 2.9e-05 3.8e-09 5.4e+03 1.7e+03 6.9e+03 -6.2e+04 0.0e+00 
  19   20   20    0 1.0e+00 1.0e+00 1.0e+00  2.40702e+02 1.4e-05 1.0e-07 1.5e+03 4.3e+02 1.7e+03 -1.6e+04 0.0e+00 

iter nobj ngrd nhvc   alpha   alphx   alphz         fobj   |opt| |infes|  |dual|      mu    comp   dmerit     rho info
  20   21   21    0 1.0e+00 1.0e+00 1.0e+00  2.40759e+02 2.4e-06 3.4e-06 5.1e+02 1.1e+02 4.3e+02 -5.1e+03 0.0e+00 
  21   23   22    0 3.7e-01 1.0e+00 1.0e+00  2.40705e+02 3.6e-06 7.5e-06 4.2e+02 2.7e+01 3.1e+02 -1.1e+03 0.0e+00 
  22   24   23    0 1.0e+00 8.6e-01 1.0e+00  2.40442e+02 5.2e-03 2.9e-05 1.0e+02 6.8e+00 3.5e+01 -7.8e+02 0.0e+00 
  23   25   24    0 1.0e+00 1.0e+00 9.7e-01  2.36791e+02 4.8e-03 2.6e-04 1.1e+01 1.7e+00 7.4e+00 -8.7e+01 0.0e+00 
  24   26   25    0 1.0e+00 1.0e+00 9.9e-01  2.28015e+02 4.4e-02 3.0e-05 2.7e+00 4.2e-01 1.8e+00 -2.4e+01 0.0e+00 
  25   27   26    0 1.0e+00 9.0e-01 1.0e+00  2.24394e+02 5.5e-02 4.6e-06 7.4e-01 1.1e-01 4.8e-01 -5.8e+00 0.0e+00 
  26   28   27    0 1.0e+00 1.0e+00 1.0e+00  2.24298e+02 1.8e-03 3.0e-06 1.1e-01 2.6e-02 1.1e-01 -1.4e+00 0.0e+00 
  27   29   28    0 1.0e+00 1.0e+00 1.0e+00  2.24200e+02 7.1e-03 3.8e-06 3.8e-02 6.6e-03 2.7e-02 -2.6e-01 0.0e+00 
  28   30   29    0 1.0e+00 1.0e+00 1.0e+00  2.24159e+02 7.3e-03 2.7e-06 1.3e-02 1.7e-03 7.2e-03 -8.4e-02 0.0e+00 
  29   31   30    0 1.0e+00 1.0e+00 1.0e+00  2.24141e+02 2.4e-03 1.2e-06 3.1e-03 4.1e-04 1.8e-03 -2.9e-02 0.0e+00 

iter nobj ngrd nhvc   alpha   alphx   alphz         fobj   |opt| |infes|  |dual|      mu    comp   dmerit     rho info
  30   32   31    0 1.0e+00 1.0e+00 1.0e+00  2.24134e+02 6.3e-04 7.1e-08 8.7e-04 1.0e-04 4.4e-04 -8.6e-03 0.0e+00 
  31   33   32    0 1.0e+00 1.0e+00 1.0e+00  2.24133e+02 9.7e-05 2.0e-08 1.4e-04 2.6e-05 1.1e-04 -2.0e-03 0.0e+00 
  32   34   33    0 1.0e+00 1.0e+00 1.0e+00  2.24133e+02 6.2e-05 1.5e-08 4.5e-05 6.4e-06 2.7e-05 -4.5e-04 0.0e+00 
  33   35   34    0 1.0e+00 1.0e+00 1.0e+00  2.24133e+02 1.1e-05 2.0e-09 9.6e-06 1.6e-06 6.7e-06 -9.2e-05 0.0e+00 
  34   36   35    0 1.0e+00 1.0e+00 1.0e+00  2.24133e+02 8.9e-07 7.1e-10 1.5e-06 4.0e-07 1.6e-06 -2.2e-05 0.0e+00 
  35   37   36    0 1.0e+00 1.0e+00 1.0e+00  2.24133e+02 3.0e-08 2.0e-10 3.1e-07 1.0e-07 4.0e-07 -5.5e-06 0.0e+00 

ParOpt: Successfully converged to requested tolerance
ParOpt Warning: Variables may be too close to lower bound
ParOpt Warning: Variables may be too close to upper bound
ParOptInteriorPoint Parameter Summary:
algorithm                                mma            
use_diag_hessian                         True           

iter nobj ngrd nhvc   alpha   alphx   alphz         fobj   |opt| |infes|  |dual|      mu    comp   dmerit     rho info
   0    1    1    0      --      --      --  1.54082e+02 6.1e+03 1.3e+09 1.1e+12 1.6e+11 1.6e+11       --      -- 
   1    2    2    0 1.0e+00 6.5e-12 6.5e-10  1.54128e+02 6.1e+03 1.3e+09 1.3e+12 4.0e+10 1.6e+11 -1.6e+15 0.0e+00 
   2    3    3    0 1.0e+00 4.5e-09 4.5e-07  1.55157e+02 6.1e+03 1.3e+09 1.3e+12 4.0e+10 1.6e+11 -9.0e+12 0.0e+00 
   3    4    4    0 1.0e+00 7.1e-07 5.4e-05  1.67008e+02 6.3e+03 1.3e+09 1.3e+12 4.0e+10 1.6e+11 -7.8e+12 0.0e+00 
   4    5    5    0 1.0e+00 9.3e-05 1.1e-05  7.56257e+02 6.0e+03 1.3e+09 1.3e+12 4.0e+10 1.6e+11 -7.7e+13 0.0e+00 
   5    6    6    0 1.0e+00 1.2e-04 1.2e-02  2.87305e+02 9.2e+04 1.3e+09 1.2e+12 4.0e+10 1.4e+11 -1.0e+12 0.0e+00 
   6    7    7    0 1.0e+00 2.2e-02 1.0e+00  2.87162e+02 1.1e+01 1.3e+09 9.0e+11 4.0e+10 1.4e+11 -3.8e+12 0.0e+00 
   7    8    8    0 1.0e+00 9.7e-01 1.0e+00  2.86561e+02 2.2e+00 3.5e+07 7.3e+10 1.0e+10 4.4e+10 -4.4e+12 0.0e+00 
   8    9    9    0 1.0e+00 1.0e+00 1.0e+00  2.90879e+02 2.9e-02 1.5e-08 9.3e+09 2.5e+09 1.0e+10 -2.1e+11 0.0e+00 
   9   10   10    0 1.0e+00 1.0e+00 1.0e+00  2.99501e+02 1.2e-01 9.3e-10 3.5e+09 6.3e+08 2.5e+09 -3.0e+10 0.0e+00 

iter nobj ngrd nhvc   alpha   alphx   alphz         fobj   |opt| |infes|  |dual|      mu    comp   dmerit     rho info
  10   11   11    0 1.0e+00 1.0e+00 9.3e-01  2.50534e+02 3.1e+00 0.0e+00 1.3e+09 1.6e+08 7.4e+08 -3.7e+09 0.0e+00 
  11   12   12    0 1.0e+00 1.0e+00 1.0e+00  1.66172e+02 1.5e+01 3.5e-10 2.0e+08 3.9e+07 1.6e+08 -2.6e+09 0.0e+00 
  12   13   13    0 1.0e+00 9.6e-01 1.0e+00  1.62075e+02 6.0e-02 4.4e-11 7.2e+07 9.9e+06 4.1e+07 -5.3e+08 0.0e+00 
  13   14   14    0 1.0e+00 1.0e+00 1.0e+00  1.62491e+02 2.7e-04 1.4e-10 1.0e+07 2.5e+06 9.9e+06 -6.7e+07 0.0e+00 
  14   15   15    0 1.0e+00 1.0e+00 1.0e+00  1.62919e+02 2.9e-04 2.1e-10 2.3e+06 6.2e+05 2.5e+06 -2.4e+07 0.0e+00 
  15   16   16    0 1.0e+00 1.0e+00 1.0e+00  1.63190e+02 1.2e-04 3.5e-11 5.4e+05 1.5e+05 6.2e+05 -5.5e+06 0.0e+00 
  16   17   17    0 1.0e+00 1.0e+00 1.0e+00  1.63407e+02 7.4e-05 3.0e-10 1.3e+05 3.9e+04 1.5e+05 -1.4e+06 0.0e+00 
  17   18   18    0 1.0e+00 1.0e+00 1.0e+00  1.63572e+02 4.4e-05 4.5e-10 3.1e+04 9.6e+03 3.9e+04 -3.5e+05 0.0e+00 
  18   19   19    0 1.0e+00 1.0e+00 1.0e+00  1.63697e+02 2.5e-05 2.1e-09 7.7e+03 2.4e+03 9.6e+03 -8.7e+04 0.0e+00 
  19   20   20    0 1.0e+00 1.0e+00 1.0e+00  1.63788e+02 1.3e-05 5.3e-08 2.0e+03 6.0e+02 2.4e+03 -2.2e+04 0.0e+00 

iter nobj ngrd nhvc   alpha   alphx   alphz         fobj   |opt| |infes|  |dual|      mu    comp   dmerit     rho info
  20   21   21    0 1.0e+00 1.0e+00 1.0e+00  1.63845e+02 5.2e-06 3.6e-07 6.5e+02 1.5e+02 6.0e+02 -7.2e+03 0.0e+00 
  21   22   22    0 1.0e+00 1.0e+00 1.0e+00  1.63843e+02 1.5e-08 9.4e-06 2.4e+02 3.8e+01 1.5e+02 -1.2e+03 0.0e+00 
  22   23   23    0 1.0e+00 1.0e+00 1.0e+00  1.63658e+02 5.4e-05 4.3e-05 4.7e+01 9.4e+00 3.8e+01 -1.3e+02 0.0e+00 
  23   24   24    0 1.0e+00 1.0e+00 1.0e+00  1.62777e+02 1.2e-03 3.0e-05 9.4e+00 2.4e+00 9.4e+00 -9.3e+01 0.0e+00 
  24   25   25    0 1.0e+00 1.0e+00 9.2e-01  1.59246e+02 2.6e-02 1.1e-05 3.9e+00 5.9e-01 2.8e+00 -2.2e+01 0.0e+00 
  25   26   26    0 1.0e+00 1.0e+00 1.0e+00  1.54560e+02 3.6e-02 1.3e-05 1.0e+00 1.5e-01 6.1e-01 -8.3e+00 0.0e+00 
  26   27   27    0 1.0e+00 1.0e+00 1.0e+00  1.54265e+02 5.4e-04 1.9e-05 1.4e-01 3.7e-02 1.5e-01 -1.2e+00 0.0e+00 
  27   28   28    0 1.0e+00 1.0e+00 1.0e+00  1.54160e+02 3.8e-03 1.2e-05 4.4e-02 9.2e-03 3.7e-02 -3.5e-01 0.0e+00 
  28   29   29    0 1.0e+00 1.0e+00 1.0e+00  1.54118e+02 8.0e-03 2.1e-06 1.6e-02 2.3e-03 9.5e-03 -9.8e-02 0.0e+00 
  29   30   30    0 1.0e+00 1.0e+00 1.0e+00  1.54097e+02 4.8e-03 1.5e-06 4.9e-03 5.7e-04 2.6e-03 -1.5e-01 0.0e+00 

iter nobj ngrd nhvc   alpha   alphx   alphz         fobj   |opt| |infes|  |dual|      mu    comp   dmerit     rho info
  30   31   31    0 1.0e+00 1.0e+00 1.0e+00  1.54088e+02 1.1e-03 1.8e-07 1.3e-03 1.4e-04 6.8e-04 -1.3e-02 0.0e+00 
  31   32   32    0 1.0e+00 1.0e+00 1.0e+00  1.54085e+02 2.9e-04 3.0e-08 3.9e-04 3.6e-05 1.7e-04 -3.7e-03 0.0e+00 
  32   33   33    0 1.0e+00 1.0e+00 1.0e+00  1.54085e+02 6.2e-05 7.0e-09 9.6e-05 9.0e-06 4.2e-05 -7.8e-04 0.0e+00 
  33   34   34    0 1.0e+00 1.0e+00 1.0e+00  1.54085e+02 5.6e-05 4.7e-09 1.8e-05 2.2e-06 1.0e-05 -1.5e-04 0.0e+00 
  34   35   35    0 1.0e+00 1.0e+00 1.0e+00  1.54084e+02 4.4e-06 5.2e-10 2.8e-06 5.6e-07 2.3e-06 -3.2e-05 0.0e+00 
  35   36   36    0 1.0e+00 1.0e+00 1.0e+00  1.54084e+02 2.2e-07 6.2e-11 4.7e-07 1.3e-07 5.6e-07 -7.6e-06 0.0e+00 
  36   37   37    0 1.0e+00 1.0e+00 1.0e+00  1.54084e+02 8.1e-09 4.5e-11 3.4e-08 1.0e-07 1.3e-07 -2.0e-06 0.0e+00 

ParOpt: Successfully converged to requested tolerance
ParOpt Warning: Variables may be too close to lower bound
ParOpt Warning: Variables may be too close to upper bound
ParOptInteriorPoint Parameter Summary:
algorithm                                mma            
use_diag_hessian                         True           

iter nobj ngrd nhvc   alpha   alphx   alphz         fobj   |opt| |infes|  |dual|      mu    comp   dmerit     rho info
   0    1    1    0      --      --      --  1.07499e+02 8.8e+03 1.1e+09 9.7e+11 1.4e+11 1.4e+11       --      -- 
   1    2    2    0 1.0e+00 2.6e-10 2.6e-08  1.07635e+02 8.8e+03 1.1e+09 1.1e+12 3.5e+10 1.4e+11 -1.7e+15 0.0e+00 
   2    3    3    0 1.0e+00 1.1e-07 1.1e-05  1.12897e+02 8.9e+03 1.1e+09 1.1e+12 3.5e+10 1.4e+11 -5.6e+12 0.0e+00 
   3    4    4    0 1.0e+00 2.2e-05 2.2e-03  1.31607e+02 9.3e+03 1.1e+09 1.2e+12 3.5e+10 1.4e+11 -9.5e+12 0.0e+00 
   4    5    5    0 1.0e+00 4.4e-03 4.4e-01  2.01537e+02 6.5e+03 1.1e+09 1.3e+12 3.5e+10 1.1e+11 -4.3e+12 0.0e+00 
   5    6    6    0 1.0e+00 8.8e-01 1.0e+00  1.91329e+02 9.7e-01 1.3e+08 2.0e+11 8.7e+09 4.5e+10 -1.1e+13 0.0e+00 
   6    7    7    0 1.0e+00 1.0e+00 1.0e+00  1.94871e+02 1.9e-01 1.1e+05 1.2e+10 2.2e+09 8.4e+09 -3.6e+11 0.0e+00 
   7    8    8    0 1.0e+00 1.0e+00 1.0e+00  2.02269e+02 1.7e-01 0.0e+00 2.7e+09 5.4e+08 2.2e+09 -2.5e+10 0.0e+00 
   8    9    9    0 1.0e+00 1.0e+00 1.0e+00  1.92764e+02 3.0e-01 1.4e-09 8.7e+08 1.4e+08 5.4e+08 -4.0e+09 0.0e+00 
   9   10   10    0 1.0e+00 1.0e+00 7.5e-01  1.29702e+02 7.4e+00 1.2e-10 2.7e+08 3.4e+07 2.1e+08 -1.3e+09 0.0e+00 

iter nobj ngrd nhvc   alpha   alphx   alphz         fobj   |opt| |infes|  |dual|      mu    comp   dmerit     rho info
  10   11   11    0 1.0e+00 9.7e-01 9.7e-01  1.15471e+02 9.2e-01 5.8e-11 6.6e+07 8.5e+06 4.0e+07 -7.3e+08 0.0e+00 
  11   12   12    0 1.0e+00 1.0e+00 1.0e+00  1.15585e+02 2.0e-04 2.5e-10 8.7e+06 2.1e+06 8.5e+06 -6.5e+07 0.0e+00 
  12   13   13    0 1.0e+00 1.0e+00 1.0e+00  1.15950e+02 4.5e-04 7.6e-11 1.9e+06 5.3e+05 2.1e+06 -1.8e+07 0.0e+00 
  13   14   14    0 1.0e+00 1.0e+00 1.0e+00  1.16217e+02 2.4e-04 5.2e-11 4.6e+05 1.3e+05 5.3e+05 -4.8e+06 0.0e+00 
  14   15   15    0 1.0e+00 1.0e+00 1.0e+00  1.16426e+02 1.5e-04 3.4e-10 1.1e+05 3.3e+04 1.3e+05 -1.2e+06 0.0e+00 
  15   16   16    0 1.0e+00 1.0e+00 1.0e+00  1.16587e+02 8.7e-05 1.1e-09 2.7e+04 8.3e+03 3.3e+04 -3.0e+05 0.0e+00 
  16   17   17    0 1.0e+00 1.0e+00 1.0e+00  1.16709e+02 4.9e-05 1.1e-08 6.6e+03 2.1e+03 8.3e+03 -7.4e+04 0.0e+00 
  17   18   18    0 1.0e+00 1.0e+00 1.0e+00  1.16797e+02 2.6e-05 4.2e-08 1.8e+03 5.2e+02 2.1e+03 -2.6e+04 0.0e+00 
  18   19   19    0 1.0e+00 1.0e+00 1.0e+00  1.16850e+02 9.4e-06 2.9e-07 5.9e+02 1.3e+02 5.2e+02 -4.6e+03 0.0e+00 
  19   21   20    0 4.6e-01 1.0e+00 1.0e+00  1.16844e+02 5.2e-06 5.9e-06 4.4e+02 3.2e+01 3.4e+02 -1.3e+03 0.0e+00 

iter nobj ngrd nhvc   alpha   alphx   alphz         fobj   |opt| |infes|  |dual|      mu    comp   dmerit     rho info
  20   22   21    0 1.0e+00 8.7e-01 1.0e+00  1.16770e+02 2.9e-03 1.2e-05 1.1e+02 8.1e+00 4.0e+01 -8.5e+02 0.0e+00 
  21   23   22    0 1.0e+00 1.0e+00 9.7e-01  1.15720e+02 4.0e-03 5.2e-05 1.3e+01 2.0e+00 8.8e+00 -8.7e+01 0.0e+00 
  22   24   23    0 1.0e+00 1.0e+00 9.1e-01  1.12228e+02 4.4e-02 7.6e-06 3.6e+00 5.0e-01 2.5e+00 -2.4e+01 0.0e+00 
  23   25   24    0 1.0e+00 1.0e+00 1.0e+00  1.08167e+02 6.0e-02 1.1e-05 9.3e-01 1.3e-01 5.3e-01 -7.3e+00 0.0e+00 
  24   26   25    0 1.0e+00 1.0e+00 1.0e+00  1.07758e+02 6.1e-04 5.2e-06 1.3e-01 3.2e-02 1.3e-01 -1.2e+00 0.0e+00 
  25   27   26    0 1.0e+00 1.0e+00 1.0e+00  1.07673e+02 2.3e-03 5.5e-07 3.4e-02 7.9e-03 3.2e-02 -2.9e-01 0.0e+00 
  26   28   27    0 1.0e+00 1.0e+00 1.0e+00  1.07643e+02 6.5e-03 7.3e-07 1.2e-02 2.0e-03 8.0e-03 -7.8e-02 0.0e+00 
  27   29   28    0 1.0e+00 1.0e+00 1.0e+00  1.07630e+02 5.2e-03 5.5e-08 4.1e-03 4.9e-04 2.1e-03 -2.5e-02 0.0e+00 
  28   30   29    0 1.0e+00 1.0e+00 1.0e+00  1.07624e+02 1.9e-03 6.3e-08 1.1e-03 1.2e-04 5.8e-04 -8.5e-03 0.0e+00 
  29   31   30    0 1.0e+00 1.0e+00 1.0e+00  1.07621e+02 3.5e-04 3.3e-09 2.6e-04 3.1e-05 1.4e-04 -3.6e-03 0.0e+00 

iter nobj ngrd nhvc   alpha   alphx   alphz         fobj   |opt| |infes|  |dual|      mu    comp   dmerit     rho info
  30   32   31    0 1.0e+00 1.0e+00 1.0e+00  1.07620e+02 7.0e-04 1.0e-09 3.8e-05 3.1e-05 3.5e-05 -9.9e-04 0.0e+00 
  31   33   32    0 1.0e+00 1.0e+00 1.0e+00  1.07620e+02 2.2e-06 8.7e-11 2.4e-05 7.7e-06 3.1e-05 -9.9e-06 0.0e+00 
  32   34   33    0 1.0e+00 1.0e+00 1.0e+00  1.07620e+02 7.1e-05 2.9e-11 9.2e-06 1.9e-06 7.9e-06 -1.2e-04 0.0e+00 
  33   35   34    0 1.0e+00 1.0e+00 1.0e+00  1.07620e+02 8.8e-06 2.0e-10 2.0e-06 4.8e-07 2.0e-06 -3.1e-05 0.0e+00 
  34   36   35    0 1.0e+00 1.0e+00 1.0e+00  1.07620e+02 7.5e-07 1.3e-10 4.1e-07 1.1e-07 4.8e-07 -7.7e-06 0.0e+00 
  35   37   36    0 1.0e+00 1.0e+00 1.0e+00  1.07620e+02 3.9e-08 7.9e-11 1.4e-08 1.0e-07 1.1e-07 -2.0e-06 0.0e+00 

ParOpt: Successfully converged to requested tolerance
ParOpt Warning: Variables may be too close to lower bound
ParOpt Warning: Variables may be too close to upper bound
ParOptInteriorPoint Parameter Summary:
algorithm                                mma            
use_diag_hessian                         True           

iter nobj ngrd nhvc   alpha   alphx   alphz         fobj   |opt| |infes|  |dual|      mu    comp   dmerit     rho info
   0    1    1    0      --      --      --  1.28819e+02 4.7e+03 7.7e+08 6.8e+11 9.7e+10 9.7e+10       --      -- 
   1    2    2    0 1.0e+00 3.7e-11 3.7e-09  1.28924e+02 4.7e+03 7.7e+08 7.5e+11 2.4e+10 9.7e+10 -1.9e+15 0.0e+00 
   2    3    3    0 1.0e+00 1.9e-08 1.9e-06  1.30216e+02 4.7e+03 7.7e+08 7.5e+11 2.4e+10 9.7e+10 -4.0e+12 0.0e+00 
   3    4    4    0 1.0e+00 2.2e-06 2.4e-05  1.51886e+02 4.8e+03 7.7e+08 7.5e+11 2.4e+10 9.7e+10 -3.5e+12 0.0e+00 
   4    5    5    0 1.0e+00 7.2e-05 1.7e-05  9.31811e+02 4.1e+03 7.7e+08 7.6e+11 2.4e+10 9.7e+10 -8.5e+12 0.0e+00 
   5    7    6    0 4.8e-01 8.6e-05 8.6e-03  2.40770e+02 3.7e+05 7.7e+08 7.3e+11 2.4e+10 8.7e+10 -5.1e+11 0.0e+00 
   6    8    7    0 1.0e+00 1.6e-02 1.0e+00  2.40593e+02 3.8e+01 7.6e+08 5.7e+11 2.4e+10 7.7e+10 -2.2e+12 0.0e+00 
   7    9    8    0 1.0e+00 9.7e-01 1.0e+00  2.39436e+02 1.3e+01 2.1e+07 2.4e+10 6.0e+09 2.5e+10 -3.1e+12 0.0e+00 
   8   10    9    0 1.0e+00 1.0e+00 1.0e+00  2.43073e+02 2.9e-02 5.6e-09 5.5e+09 1.5e+09 5.9e+09 -1.1e+11 0.0e+00 
   9   11   10    0 1.0e+00 1.0e+00 1.0e+00  2.52928e+02 2.1e-01 1.2e-09 2.0e+09 3.8e+08 1.5e+09 -1.1e+10 0.0e+00 

iter nobj ngrd nhvc   alpha   alphx   alphz         fobj   |opt| |infes|  |dual|      mu    comp   dmerit     rho info
  10   12   11    0 1.0e+00 1.0e+00 1.0e+00  2.24990e+02 1.9e+00 7.0e-10 6.7e+08 9.5e+07 3.8e+08 -2.3e+09 0.0e+00 
  11   13   12    0 1.0e+00 1.0e+00 1.0e+00  1.43194e+02 2.1e+01 2.0e-10 1.2e+08 2.4e+07 9.5e+07 -1.3e+09 0.0e+00 
  12   14   13    0 1.0e+00 9.4e-01 1.0e+00  1.38018e+02 1.4e-01 8.7e-11 4.3e+07 5.9e+06 2.5e+07 -3.6e+08 0.0e+00 
  13   15   14    0 1.0e+00 1.0e+00 1.0e+00  1.38404e+02 3.3e-04 1.0e-10 6.1e+06 1.5e+06 5.9e+06 -4.5e+07 0.0e+00 
  14   16   15    0 1.0e+00 1.0e+00 1.0e+00  1.38832e+02 3.9e-04 9.4e-11 1.3e+06 3.7e+05 1.5e+06 -1.4e+07 0.0e+00 
  15   17   16    0 1.0e+00 1.0e+00 1.0e+00  1.39118e+02 1.9e-04 4.2e-11 3.2e+05 9.2e+04 3.7e+05 -3.3e+06 0.0e+00 
  16   18   17    0 1.0e+00 1.0e+00 1.0e+00  1.39345e+02 1.1e-04 1.0e-10 7.6e+04 2.3e+04 9.2e+04 -8.3e+05 0.0e+00 
  17   19   18    0 1.0e+00 1.0e+00 1.0e+00  1.39519e+02 6.8e-05 1.6e-10 1.9e+04 5.8e+03 2.3e+04 -2.1e+05 0.0e+00 
  18   20   19    0 1.0e+00 1.0e+00 1.0e+00  1.39649e+02 3.9e-05 2.4e-09 4.6e+03 1.4e+03 5.8e+03 -5.2e+04 0.0e+00 
  19   21   20    0 1.0e+00 1.0e+00 1.0e+00  1.39740e+02 2.0e-05 8.3e-09 1.3e+03 3.6e+02 1.4e+03 -1.3e+04 0.0e+00 

iter nobj ngrd nhvc   alpha   alphx   alphz         fobj   |opt| |infes|  |dual|      mu    comp   dmerit     rho info
  20   22   21    0 1.0e+00 1.0e+00 1.0e+00  1.39782e+02 4.2e-06 1.0e-07 4.6e+02 9.0e+01 3.6e+02 -3.2e+03 0.0e+00 
  21   23   22    0 1.0e+00 1.0e+00 1.0e+00  1.39706e+02 1.4e-05 1.1e-05 1.4e+02 2.3e+01 9.0e+01 -5.7e+02 0.0e+00 
  22   24   23    0 1.0e+00 1.0e+00 1.0e+00  1.39218e+02 5.4e-04 3.4e-05 2.5e+01 5.6e+00 2.3e+01 -1.2e+02 0.0e+00 
  23   25   24    0 1.0e+00 1.0e+00 1.0e+00  1.37178e+02 8.8e-03 7.4e-06 6.9e+00 1.4e+00 5.6e+00 -6.2e+01 0.0e+00 
  24   26   25    0 1.0e+00 1.0e+00 1.0e+00  1.31309e+02 7.6e-02 1.8e-05 2.0e+00 3.5e-01 1.5e+00 -1.3e+01 0.0e+00 
  25   27   26    0 1.0e+00 1.0e+00 1.0e+00  1.29003e+02 1.2e-02 4.3e-06 5.1e-01 8.8e-02 3.5e-01 -4.4e+00 0.0e+00 
  26   28   27    0 1.0e+00 1.0e+00 1.0e+00  1.28877e+02 4.0e-04 1.8e-06 7.7e-02 2.2e-02 8.8e-02 -9.0e-01 0.0e+00 
  27   29   28    0 1.0e+00 1.0e+00 1.0e+00  1.28810e+02 3.1e-03 3.6e-06 2.5e-02 5.5e-03 2.2e-02 -2.0e-01 0.0e+00 
  28   30   29    0 1.0e+00 1.0e+00 1.0e+00  1.28786e+02 8.0e-03 6.7e-08 9.1e-03 1.4e-03 5.7e-03 -5.7e-02 0.0e+00 
  29   31   30    0 1.0e+00 1.0e+00 1.0e+00  1.28775e+02 5.4e-03 1.9e-07 2.8e-03 3.4e-04 1.5e-03 -1.6e-02 0.0e+00 

iter nobj ngrd nhvc   alpha   alphx   alphz         fobj   |opt| |infes|  |dual|      mu    comp   dmerit     rho info
  30   32   31    0 1.0e+00 1.0e+00 1.0e+00  1.28770e+02 1.2e-03 1.3e-08 7.2e-04 8.6e-05 3.9e-04 -7.2e-03 0.0e+00 
  31   33   32    0 1.0e+00 1.0e+00 1.0e+00  1.28769e+02 2.0e-04 6.1e-09 1.8e-04 2.1e-05 9.6e-05 -2.2e-03 0.0e+00 
  32   34   33    0 1.0e+00 1.0e+00 1.0e+00  1.28768e+02 9.0e-05 2.4e-09 4.0e-05 5.4e-06 2.4e-05 -5.7e-04 0.0e+00 
  33   35   34    0 1.0e+00 1.0e+00 1.0e+00  1.28768e+02 2.4e-05 8.4e-10 9.2e-06 1.3e-06 5.8e-06 -1.1e-04 0.0e+00 
  34   36   35    0 1.0e+00 1.0e+00 1.0e+00  1.28768e+02 2.3e-06 1.6e-10 1.4e-06 3.4e-07 1.4e-06 -2.3e-05 0.0e+00 
  35   37   36    0 1.0e+00 1.0e+00 1.0e+00  1.28768e+02 8.5e-08 1.7e-10 2.5e-07 1.0e-07 3.4e-07 -5.4e-06 0.0e+00 

ParOpt: Successfully converged to requested tolerance
ParOpt Warning: Variables may be too close to lower bound
ParOpt Warning: Variables may be too close to upper bound
ParOptInteriorPoint Parameter Summary:
algorithm                                mma            
use_diag_hessian                         True           

iter nobj ngrd nhvc   alpha   alphx   alphz         fobj   |opt| |infes|  |dual|      mu    comp   dmerit     rho info
   0    1    1    0      --      --      --  9.01998e+01 7.0e+03 1.1e+09 9.5e+11 1.4e+11 1.4e+11       --      -- 
   1    2    2    0 1.0e+00 5.3e-12 5.3e-10  9.02255e+01 7.0e+03 1.1e+09 1.1e+12 3.4e+10 1.4e+11 -1.4e+15 0.0e+00 
   2    3    3    0 1.0e+00 4.0e-09 4.0e-07  9.08762e+01 7.0e+03 1.1e+09 1.1e+12 3.4e+10 1.4e+11 -8.0e+12 0.0e+00 
   3    4    4    0 1.0e+00 6.2e-07 3.3e-05  9.94210e+01 7.1e+03 1.1e+09 1.1e+12 3.4e+10 1.4e+11 -6.7e+12 0.0e+00 
   4    5    5    0 1.0e+00 5.6e-05 9.1e-06  3.66162e+02 6.9e+03 1.1e+09 1.1e+12 3.4e+10 1.4e+11 -4.6e+13 0.0e+00 
   5    6    6    0 1.0e+00 7.4e-05 7.4e-03  1.54627e+02 5.0e+04 1.1e+09 1.0e+12 3.4e+10 1.2e+11 -8.6e+11 0.0e+00 
   6    7    7    0 1.0e+00 1.4e-02 1.0e+00  1.70727e+02 1.1e+03 1.1e+09 8.9e+11 3.4e+10 1.2e+11 -3.2e+12 0.0e+00 
   7    8    8    0 1.0e+00 9.8e-01 1.0e+00  1.66274e+02 1.5e-01 2.6e+07 4.1e+10 8.5e+09 3.6e+10 -4.6e+12 0.0e+00 
   8    9    9    0 1.0e+00 1.0e+00 1.0e+00  1.67674e+02 8.9e-03 1.5e-08 7.3e+09 2.1e+09 8.4e+09 -1.6e+11 0.0e+00 
   9   10   10    0 1.0e+00 1.0e+00 1.0e+00  1.72634e+02 1.1e-01 2.3e-09 2.4e+09 5.3e+08 2.1e+09 -2.6e+10 0.0e+00 

iter nobj ngrd nhvc   alpha   alphx   alphz         fobj   |opt| |infes|  |dual|      mu    comp   dmerit     rho info
  10   11   11    0 1.0e+00 9.9e-01 1.0e+00  1.66263e+02 2.1e-01 4.7e-10 8.9e+08 1.3e+08 5.3e+08 -3.9e+09 0.0e+00 
  11   12   12    0 1.0e+00 1.0e+00 7.5e-01  1.13502e+02 6.9e+00 0.0e+00 3.0e+08 3.3e+07 2.1e+08 -1.1e+09 0.0e+00 
  12   13   13    0 1.0e+00 1.0e+00 9.5e-01  9.59367e+01 1.6e+00 8.0e-11 6.8e+07 8.3e+06 3.9e+07 -7.7e+08 0.0e+00 
  13   14   14    0 1.0e+00 1.0e+00 1.0e+00  9.60153e+01 7.5e-04 7.3e-12 1.1e+07 2.1e+06 8.3e+06 -6.0e+07 0.0e+00 
  14   15   15    0 1.0e+00 1.0e+00 1.0e+00  9.64480e+01 8.2e-04 1.1e-10 2.0e+06 5.2e+05 2.1e+06 -1.5e+07 0.0e+00 
  15   16   16    0 1.0e+00 1.0e+00 1.0e+00  9.68032e+01 5.4e-04 2.3e-10 4.9e+05 1.3e+05 5.2e+05 -4.8e+06 0.0e+00 
  16   17   17    0 1.0e+00 1.0e+00 1.0e+00  9.70694e+01 3.0e-04 1.8e-10 1.2e+05 3.2e+04 1.3e+05 -1.2e+06 0.0e+00 
  17   18   18    0 1.0e+00 1.0e+00 1.0e+00  9.72744e+01 1.8e-04 3.4e-11 2.8e+04 8.1e+03 3.2e+04 -2.9e+05 0.0e+00 
  18   19   19    0 1.0e+00 1.0e+00 1.0e+00  9.74294e+01 1.0e-04 1.6e-09 6.7e+03 2.0e+03 8.1e+03 -7.3e+04 0.0e+00 
  19   20   20    0 1.0e+00 1.0e+00 1.0e+00  9.75442e+01 5.7e-05 3.8e-08 1.7e+03 5.1e+02 2.0e+03 -1.8e+04 0.0e+00 

iter nobj ngrd nhvc   alpha   alphx   alphz         fobj   |opt| |infes|  |dual|      mu    comp   dmerit     rho info
  20   21   21    0 1.0e+00 1.0e+00 1.0e+00  9.76222e+01 2.7e-05 7.5e-08 5.7e+02 1.3e+02 5.1e+02 -4.5e+03 0.0e+00 
  21   22   22    0 1.0e+00 1.0e+00 1.0e+00  9.76469e+01 2.8e-06 5.9e-06 2.1e+02 3.2e+01 1.3e+02 -1.3e+03 0.0e+00 
  22   23   23    0 1.0e+00 1.0e+00 1.0e+00  9.75297e+01 6.3e-05 2.5e-05 3.8e+01 7.9e+00 3.2e+01 -1.1e+02 0.0e+00 
  23   24   24    0 1.0e+00 1.0e+00 1.0e+00  9.68994e+01 1.7e-03 9.5e-06 7.7e+00 2.0e+00 7.9e+00 -9.4e+01 0.0e+00 
  24   25   25    0 1.0e+00 1.0e+00 9.4e-01  9.44254e+01 1.3e-02 7.2e-06 3.1e+00 4.9e-01 2.2e+00 -2.1e+01 0.0e+00 
  25   26   26    0 1.0e+00 1.0e+00 1.0e+00  9.06691e+01 6.4e-02 1.1e-05 8.8e-01 1.2e-01 5.2e-01 -7.3e+00 0.0e+00 
  26   27   27    0 1.0e+00 1.0e+00 1.0e+00  9.02761e+01 6.9e-04 3.7e-06 1.3e-01 3.1e-02 1.2e-01 -1.1e+00 0.0e+00 
  27   28   28    0 1.0e+00 1.0e+00 1.0e+00  9.02047e+01 2.7e-03 2.2e-06 3.4e-02 7.7e-03 3.1e-02 -2.8e-01 0.0e+00 
  28   29   29    0 1.0e+00 1.0e+00 1.0e+00  9.01703e+01 7.9e-03 2.8e-06 1.2e-02 1.9e-03 8.0e-03 -7.7e-02 0.0e+00 
  29   30   30    0 1.0e+00 1.0e+00 1.0e+00  9.01528e+01 7.5e-03 3.0e-07 4.0e-03 4.8e-04 2.2e-03 -3.0e-02 0.0e+00 

iter nobj ngrd nhvc   alpha   alphx   alphz         fobj   |opt| |infes|  |dual|      mu    comp   dmerit     rho info
  30   31   31    0 1.0e+00 1.0e+00 1.0e+00  9.01440e+01 1.5e-03 3.0e-08 9.6e-04 1.2e-04 5.7e-04 -1.2e-02 0.0e+00 
  31   32   32    0 1.0e+00 1.0e+00 1.0e+00  9.01411e+01 2.1e-03 5.1e-08 1.6e-04 1.2e-04 1.4e-04 -3.6e-03 0.0e+00 
  32   33   33    0 1.0e+00 1.0e+00 1.0e+00  9.01407e+01 1.0e-04 2.9e-11 9.7e-05 3.0e-05 1.2e-04 -2.5e-04 0.0e+00 
  33   34   34    0 1.0e+00 1.0e+00 1.0e+00  9.01402e+01 2.4e-04 7.5e-09 3.2e-05 7.5e-06 3.1e-05 -5.2e-04 0.0e+00 
  34   35   35    0 1.0e+00 1.0e+00 1.0e+00  9.01401e+01 3.6e-05 1.5e-09 6.9e-06 1.9e-06 7.7e-06 -1.5e-04 0.0e+00 
  35   36   36    0 1.0e+00 1.0e+00 1.0e+00  9.01401e+01 2.5e-06 4.5e-10 1.5e-06 4.7e-07 1.9e-06 -3.6e-05 0.0e+00 
  36   37   37    0 1.0e+00 1.0e+00 1.0e+00  9.01401e+01 1.3e-07 1.5e-11 3.6e-07 1.1e-07 4.7e-07 -8.6e-06 0.0e+00 
  37   38   38    0 1.0e+00 1.0e+00 1.0e+00  9.01401e+01 8.1e-09 5.0e-11 9.9e-09 1.0e-07 1.1e-07 -2.2e-06 0.0e+00 

ParOpt: Successfully converged to requested tolerance
ParOpt Warning: Variables may be too close to lower bound
ParOpt Warning: Variables may be too close to upper bound
ParOptInteriorPoint Parameter Summary:
algorithm                                mma            
use_diag_hessian                         True           

iter nobj ngrd nhvc   alpha   alphx   alphz         fobj   |opt| |infes|  |dual|      mu    comp   dmerit     rho info
   0    1    1    0      --      --      --  6.31303e+01 1.4e+03 1.1e+09 9.2e+11 1.3e+11 1.3e+11       --      -- 
   1    2    2    0 1.0e+00 2.3e-10 2.3e-08  6.34144e+01 1.4e+03 1.1e+09 1.0e+12 3.3e+10 1.3e+11 -2.1e+15 0.0e+00 
   2    3    3    0 1.0e+00 9.8e-08 9.8e-06  6.71114e+01 1.4e+03 1.1e+09 1.0e+12 3.3e+10 1.3e+11 -5.2e+12 0.0e+00 
   3    4    4    0 1.0e+00 2.0e-05 2.0e-03  8.31024e+01 1.1e+03 1.1e+09 1.1e+12 3.3e+10 1.3e+11 -1.0e+13 0.0e+00 
   4    5    5    0 1.0e+00 4.0e-03 4.0e-01  1.64761e+02 2.4e+03 1.1e+09 1.2e+12 3.3e+10 1.3e+11 -3.8e+12 0.0e+00 
   5    6    6    0 1.0e+00 8.0e-01 1.0e+00  8.11768e+01 1.6e+02 2.1e+08 2.7e+11 8.3e+09 5.7e+10 -1.0e+13 0.0e+00 
   6    7    7    0 1.0e+00 9.9e-01 1.0e+00  8.75600e+01 4.6e-01 3.1e+06 1.2e+10 2.1e+09 8.9e+09 -5.2e+11 0.0e+00 
   7    8    8    0 1.0e+00 1.0e+00 1.0e+00  9.40575e+01 3.8e-01 1.9e-09 2.6e+09 5.2e+08 2.1e+09 -3.9e+10 0.0e+00 
   8    9    9    0 1.0e+00 1.0e+00 1.0e+00  9.95253e+01 2.7e-01 4.7e-10 6.3e+08 1.3e+08 5.2e+08 -4.7e+09 0.0e+00 
   9   10   10    0 1.0e+00 1.0e+00 9.2e-01  8.33281e+01 1.8e+00 1.2e-10 2.4e+08 3.2e+07 1.5e+08 -8.9e+08 0.0e+00 

iter nobj ngrd nhvc   alpha   alphx   alphz         fobj   |opt| |infes|  |dual|      mu    comp   dmerit     rho info
  10   11   11    0 1.0e+00 1.0e+00 1.0e+00  6.94493e+01 2.0e+00 1.2e-10 5.2e+07 8.1e+06 3.2e+07 -5.6e+08 0.0e+00 
  11   12   12    0 1.0e+00 1.0e+00 1.0e+00  6.94510e+01 5.7e-04 1.2e-10 8.6e+06 2.0e+06 8.1e+06 -5.5e+07 0.0e+00 
  12   13   13    0 1.0e+00 1.0e+00 1.0e+00  6.97033e+01 6.4e-04 9.6e-11 1.8e+06 5.0e+05 2.0e+06 -1.6e+07 0.0e+00 
  13   14   14    0 1.0e+00 1.0e+00 1.0e+00  6.98852e+01 3.4e-04 4.6e-11 4.3e+05 1.3e+05 5.0e+05 -4.6e+06 0.0e+00 
  14   15   15    0 1.0e+00 1.0e+00 1.0e+00  7.00297e+01 2.1e-04 1.5e-10 1.0e+05 3.1e+04 1.3e+05 -1.1e+06 0.0e+00 
  15   16   16    0 1.0e+00 1.0e+00 1.0e+00  7.01420e+01 1.3e-04 4.3e-11 2.5e+04 7.9e+03 3.1e+04 -2.8e+05 0.0e+00 
  16   17   17    0 1.0e+00 1.0e+00 1.0e+00  7.02269e+01 7.3e-05 2.3e-09 6.2e+03 2.0e+03 7.9e+03 -7.1e+04 0.0e+00 
  17   18   18    0 1.0e+00 1.0e+00 1.0e+00  7.02889e+01 3.9e-05 3.4e-08 1.7e+03 4.9e+02 2.0e+03 -1.8e+04 0.0e+00 
  18   19   19    0 1.0e+00 1.0e+00 1.0e+00  7.03272e+01 1.5e-05 6.3e-07 5.6e+02 1.2e+02 4.9e+02 -4.4e+03 0.0e+00 
  19   20   20    0 1.0e+00 1.0e+00 1.0e+00  7.03226e+01 5.9e-06 1.2e-05 2.0e+02 3.1e+01 1.2e+02 -9.0e+02 0.0e+00 

iter nobj ngrd nhvc   alpha   alphx   alphz         fobj   |opt| |infes|  |dual|      mu    comp   dmerit     rho info
  20   21   21    0 1.0e+00 1.0e+00 1.0e+00  7.01855e+01 1.9e-04 1.0e-05 3.7e+01 7.7e+00 3.1e+01 -1.7e+02 0.0e+00 
  21   22   22    0 1.0e+00 1.0e+00 1.0e+00  6.95533e+01 4.0e-03 3.9e-07 7.6e+00 1.9e+00 7.7e+00 -8.2e+01 0.0e+00 
  22   23   23    0 1.0e+00 1.0e+00 9.6e-01  6.72205e+01 1.0e-02 8.5e-06 3.0e+00 4.8e-01 2.1e+00 -1.7e+01 0.0e+00 
  23   24   24    0 1.0e+00 1.0e+00 1.0e+00  6.39986e+01 1.2e-01 1.4e-05 8.3e-01 1.2e-01 5.1e-01 -5.1e+00 0.0e+00 
  24   25   25    0 1.0e+00 1.0e+00 1.0e+00  6.34662e+01 3.3e-03 1.0e-06 1.5e-01 3.0e-02 1.2e-01 -1.3e+00 0.0e+00 
  25   26   26    0 1.0e+00 1.0e+00 1.0e+00  6.33818e+01 1.0e-03 3.6e-07 3.1e-02 7.5e-03 3.0e-02 -2.7e-01 0.0e+00 
  26   27   27    0 1.0e+00 1.0e+00 1.0e+00  6.33517e+01 4.5e-03 2.5e-07 1.1e-02 1.9e-03 7.7e-03 -7.6e-02 0.0e+00 
  27   28   28    0 1.0e+00 1.0e+00 1.0e+00  6.33375e+01 5.6e-03 5.3e-08 3.8e-03 4.7e-04 2.1e-03 -2.6e-02 0.0e+00 
  28   29   29    0 1.0e+00 1.0e+00 1.0e+00  6.33300e+01 2.8e-03 2.2e-08 1.1e-03 1.2e-04 5.7e-04 -1.1e-02 0.0e+00 
  29   30   30    0 1.0e+00 1.0e+00 1.0e+00  6.33270e+01 9.6e-04 6.7e-10 3.1e-04 2.9e-05 1.4e-04 -3.8e-03 0.0e+00 

iter nobj ngrd nhvc   alpha   alphx   alphz         fobj   |opt| |infes|  |dual|      mu    comp   dmerit     rho info
  30   31   31    0 1.0e+00 1.0e+00 1.0e+00  6.33263e+01 8.2e-04 5.4e-10 4.5e-05 2.9e-05 3.5e-05 -9.0e-04 0.0e+00 
  31   32   32    0 1.0e+00 1.0e+00 1.0e+00  6.33262e+01 1.2e-04 2.9e-11 2.9e-05 7.3e-06 3.0e-05 -3.8e-05 0.0e+00 
  32   33   33    0 1.0e+00 1.0e+00 1.0e+00  6.33261e+01 2.0e-04 1.2e-10 5.7e-06 7.3e-06 7.7e-06 -1.3e-04 0.0e+00 
  33   34   34    0 1.0e+00 1.0e+00 1.0e+00  6.33261e+01 1.4e-05 2.9e-11 6.0e-06 1.8e-06 7.4e-06 -6.5e-07 0.0e+00 
  34   35   35    0 1.0e+00 1.0e+00 1.0e+00  6.33261e+01 4.3e-05 6.1e-11 1.0e-06 1.8e-06 1.9e-06 -3.0e-05 0.0e+00 
  35   36   36    0 1.0e+00 1.0e+00 1.0e+00  6.33261e+01 1.8e-06 5.8e-11 1.4e-06 4.6e-07 1.8e-06 -5.6e-08 0.0e+00 
  36   37   37    0 1.0e+00 1.0e+00 1.0e+00  6.33261e+01 6.9e-06 1.7e-11 1.6e-07 4.6e-07 4.7e-07 -7.4e-06 0.0e+00 
  37   38   38    0 1.0e+00 1.0e+00 1.0e+00  6.33261e+01 9.4e-08 1.5e-11 3.5e-07 1.1e-07 4.6e-07 -2.3e-09 0.0e+00 
  38   39   39    0 1.0e+00 1.0e+00 1.0e+00  6.33261e+01 7.3e-07 1.7e-11 2.3e-08 1.0e-07 1.1e-07 -1.9e-06 0.0e+00 

ParOpt: Successfully converged to requested tolerance
ParOpt Warning: Variables may be too close to lower bound
ParOpt Warning: Variables may be too close to upper bound
ParOptInteriorPoint Parameter Summary:
algorithm                                mma            
use_diag_hessian                         True           

iter nobj ngrd nhvc   alpha   alphx   alphz         fobj   |opt| |infes|  |dual|      mu    comp   dmerit     rho info
   0    1    1    0      --      --      --  4.38118e+01 1.5e+04 8.5e+08 7.4e+11 1.1e+11 1.1e+11       --      -- 
   1    2    2    0 1.0e+00 9.0e-10 9.0e-08  4.40673e+01 1.5e+04 8.5e+08 8.2e+11 2.7e+10 1.1e+11 -2.5e+15 0.0e+00 
   2    3    3    0 1.0e+00 3.6e-07 3.6e-05  5.39695e+01 1.5e+04 8.5e+08 8.2e+11 2.7e+10 1.1e+11 -4.5e+12 0.0e+00 
   3    4    4    0 1.0e+00 7.3e-05 1.1e-04  1.34727e+02 1.5e+04 8.5e+08 8.2e+11 2.7e+10 1.1e+11 -1.9e+13 0.0e+00 
   4    5    5    0 1.0e+00 2.5e-04 2.5e-02  5.45287e+01 2.1e+04 8.5e+08 7.0e+11 2.7e+10 9.0e+10 -7.6e+11 0.0e+00 
   5    6    6    0 1.0e+00 3.7e-02 1.0e+00  1.51748e+02 5.3e+02 8.2e+08 6.9e+11 2.7e+10 1.0e+11 -3.0e+12 0.0e+00 
   6    7    7    0 1.0e+00 9.8e-01 1.0e+00  8.52666e+01 1.4e+02 1.8e+07 7.7e+10 6.6e+09 3.1e+10 -2.6e+12 0.0e+00 
   7    8    8    0 1.0e+00 1.0e+00 1.0e+00  8.40988e+01 2.7e-02 5.6e-09 7.4e+09 1.7e+09 6.6e+09 -1.7e+11 0.0e+00 
   8    9    9    0 1.0e+00 1.0e+00 1.0e+00  8.42030e+01 2.0e-04 9.3e-10 1.6e+09 4.1e+08 1.7e+09 -1.5e+10 0.0e+00 
   9   10   10    0 1.0e+00 1.0e+00 1.0e+00  8.50405e+01 1.4e-02 2.3e-10 5.6e+08 1.0e+08 4.1e+08 -3.6e+09 0.0e+00 

iter nobj ngrd nhvc   alpha   alphx   alphz         fobj   |opt| |infes|  |dual|      mu    comp   dmerit     rho info
  10   11   11    0 1.0e+00 1.0e+00 9.3e-01  7.05113e+01 3.4e+00 1.7e-10 2.1e+08 2.6e+07 1.2e+08 -6.7e+08 0.0e+00 
  11   12   12    0 1.0e+00 9.7e-01 1.0e+00  5.39239e+01 7.2e+00 4.4e-11 4.7e+07 6.5e+06 2.7e+07 -4.7e+08 0.0e+00 
  12   13   13    0 1.0e+00 1.0e+00 1.0e+00  5.39675e+01 5.5e-05 6.4e-11 6.3e+06 1.6e+06 6.5e+06 -4.2e+07 0.0e+00 
  13   14   14    0 1.0e+00 1.0e+00 1.0e+00  5.41671e+01 7.2e-04 5.5e-11 1.3e+06 4.0e+05 1.6e+06 -1.4e+07 0.0e+00 
  14   15   15    0 1.0e+00 1.0e+00 1.0e+00  5.43042e+01 3.3e-04 1.4e-10 3.2e+05 1.0e+05 4.0e+05 -3.7e+06 0.0e+00 
  15   16   16    0 1.0e+00 1.0e+00 1.0e+00  5.44186e+01 2.4e-04 2.2e-10 7.9e+04 2.5e+04 1.0e+05 -9.1e+05 0.0e+00 
  16   17   17    0 1.0e+00 1.0e+00 1.0e+00  5.45078e+01 1.4e-04 1.7e-10 2.0e+04 6.3e+03 2.5e+04 -2.3e+05 0.0e+00 
  17   18   18    0 1.0e+00 1.0e+00 1.0e+00  5.45737e+01 7.9e-05 2.3e-09 4.9e+03 1.6e+03 6.3e+03 -5.7e+04 0.0e+00 
  18   19   19    0 1.0e+00 1.0e+00 1.0e+00  5.46148e+01 3.1e-05 5.2e-08 1.4e+03 4.0e+02 1.6e+03 -1.4e+04 0.0e+00 
  19   20   20    0 1.0e+00 1.0e+00 1.0e+00  5.46107e+01 3.0e-07 3.6e-07 4.8e+02 9.9e+01 4.0e+02 -3.5e+03 0.0e+00 

iter nobj ngrd nhvc   alpha   alphx   alphz         fobj   |opt| |infes|  |dual|      mu    comp   dmerit     rho info
  20   22   21    0 4.8e-01 1.0e+00 1.0e+00  5.45428e+01 8.4e-05 4.1e-06 3.5e+02 2.5e+01 2.5e+02 -9.3e+02 0.0e+00 
  21   23   22    0 1.0e+00 8.9e-01 1.0e+00  5.43098e+01 2.1e-02 4.1e-06 7.1e+01 6.2e+00 2.9e+01 -6.5e+02 0.0e+00 
  22   24   23    0 1.0e+00 1.0e+00 1.0e+00  5.18660e+01 1.0e-01 2.6e-05 8.1e+00 1.5e+00 6.3e+00 -7.5e+01 0.0e+00 
  23   25   24    0 1.0e+00 1.0e+00 1.0e+00  4.70106e+01 4.7e-01 1.4e-06 2.7e+00 3.9e-01 1.6e+00 -1.8e+01 0.0e+00 
  24   27   25    0 1.5e-01 1.0e+00 1.0e+00  4.65805e+01 4.0e-01 1.6e-06 2.6e+00 9.7e-02 1.4e+00 -1.3e+01 0.0e+00 
  25   28   26    0 1.0e+00 1.0e+00 9.3e-01  4.39989e+01 4.0e-02 6.2e-06 4.7e-01 2.4e-02 1.8e-01 -6.2e+00 0.0e+00 
  26   29   27    0 1.0e+00 1.0e+00 1.0e+00  4.37980e+01 7.6e-04 4.0e-06 2.6e-02 6.0e-03 2.4e-02 -3.4e-01 0.0e+00 
  27   30   28    0 1.0e+00 1.0e+00 1.0e+00  4.37823e+01 9.1e-03 8.6e-07 9.0e-03 1.5e-03 6.1e-03 -5.6e-02 0.0e+00 
  28   31   29    0 1.0e+00 1.0e+00 1.0e+00  4.37734e+01 8.8e-03 1.3e-07 3.1e-03 3.8e-04 1.6e-03 -1.8e-02 0.0e+00 
  29   32   30    0 1.0e+00 1.0e+00 1.0e+00  4.37691e+01 3.1e-03 2.7e-08 7.5e-04 9.4e-05 4.2e-04 -6.7e-03 0.0e+00 

iter nobj ngrd nhvc   alpha   alphx   alphz         fobj   |opt| |infes|  |dual|      mu    comp   dmerit     rho info
  30   33   31    0 1.0e+00 1.0e+00 1.0e+00  4.37675e+01 4.2e-04 1.8e-08 2.0e-04 2.4e-05 1.1e-04 -2.2e-03 0.0e+00 
  31   34   32    0 1.0e+00 1.0e+00 1.0e+00  4.37670e+01 7.1e-05 4.3e-09 5.0e-05 5.9e-06 2.6e-05 -6.2e-04 0.0e+00 
  32   35   33    0 1.0e+00 1.0e+00 1.0e+00  4.37669e+01 8.0e-05 3.1e-09 7.3e-06 5.9e-06 6.5e-06 -1.5e-04 0.0e+00 
  33   36   34    0 1.0e+00 1.0e+00 1.0e+00  4.37669e+01 3.2e-07 4.4e-11 4.6e-06 1.5e-06 5.9e-06 -1.5e-06 0.0e+00 
  34   37   35    0 1.0e+00 1.0e+00 1.0e+00  4.37668e+01 2.7e-06 4.3e-10 1.3e-06 3.7e-07 1.5e-06 -2.3e-05 0.0e+00 
  35   38   36    0 1.0e+00 1.0e+00 1.0e+00  4.37668e+01 2.1e-07 7.8e-11 2.9e-07 1.0e-07 3.7e-07 -5.9e-06 0.0e+00 

ParOpt: Successfully converged to requested tolerance
ParOpt Warning: Variables may be too close to lower bound
ParOpt Warning: Variables may be too close to upper bound
ParOptInteriorPoint Parameter Summary:
algorithm                                mma            
use_diag_hessian                         True           

iter nobj ngrd nhvc   alpha   alphx   alphz         fobj   |opt| |infes|  |dual|      mu    comp   dmerit     rho info
   0    1    1    0      --      --      --  5.22809e+01 3.1e+01 1.0e+13 9.0e+15 1.3e+15 1.3e+15       --      -- 
   1    2    2    0 1.0e+00 2.8e-16 2.8e-14  5.22969e+01 3.1e+01 1.0e+13 9.9e+15 3.2e+14 1.3e+15 -7.5e+18 0.0e+00 
   2    3    3    0 1.0e+00 7.9e-14 7.9e-12  5.23645e+01 7.3e+01 1.0e+13 9.9e+15 3.2e+14 1.3e+15 -1.0e+16 0.0e+00 
   3    4    4    0 1.0e+00 2.2e-11 2.2e-09  5.22679e+01 2.4e+03 1.0e+13 9.9e+15 3.2e+14 1.3e+15 -9.1e+16 0.0e+00 
   4    5    5    0 1.0e+00 3.4e-09 3.4e-07  5.23607e+01 2.4e+03 1.0e+13 9.9e+15 3.2e+14 1.3e+15 -5.7e+16 0.0e+00 
   5    6    6    0 1.0e+00 9.8e-07 9.8e-05  5.22698e+01 4.5e+03 1.0e+13 9.9e+15 3.2e+14 1.3e+15 -1.5e+17 0.0e+00 
   6    7    7    0 1.0e+00 1.6e-04 1.6e-02  5.23878e+01 4.5e+03 1.0e+13 9.7e+15 3.2e+14 1.2e+15 -6.7e+16 0.0e+00 
   7    8    8    0 1.0e+00 4.3e-02 1.0e+00  5.27720e+01 5.1e+02 9.8e+12 7.1e+15 3.2e+14 9.8e+14 -9.9e+16 0.0e+00 
   8    9    9    0 1.0e+00 1.0e+00 1.0e+00  5.40831e+01 1.3e+00 3.7e-04 3.8e+14 8.0e+13 3.4e+14 -2.8e+16 0.0e+00 
   9   10   10    0 1.0e+00 1.0e+00 1.0e+00  5.26744e+01 2.5e-01 1.2e-04 7.6e+13 2.0e+13 8.0e+13 -1.5e+15 0.0e+00 

iter nobj ngrd nhvc   alpha   alphx   alphz         fobj   |opt| |infes|  |dual|      mu    comp   dmerit     rho info
  10   11   11    0 1.0e+00 1.0e+00 1.0e+00  5.23819e+01 2.5e-01 3.1e-05 1.7e+13 5.0e+12 2.0e+13 -3.4e+14 0.0e+00 
  11   12   12    0 1.0e+00 1.0e+00 1.0e+00  5.23131e+01 2.5e-01 3.8e-06 4.6e+12 1.3e+12 5.0e+12 -8.3e+13 0.0e+00 
  12   14   13    0 4.2e-01 1.0e+00 1.0e+00  5.23053e+01 3.8e-01 7.6e-06 3.7e+12 3.1e+11 3.4e+12 -2.0e+13 0.0e+00 
  13   15   14    0 1.0e+00 7.7e-01 9.2e-01  5.22944e+01 2.3e-01 1.6e-05 1.3e+12 7.8e+10 7.1e+11 -1.2e+13 0.0e+00 
  14   16   15    0 1.0e+00 9.0e-01 9.1e-01  5.22975e+01 5.0e-01 2.5e-05 4.2e+11 2.0e+10 1.4e+11 -2.2e+12 0.0e+00 
  15   17   16    0 1.0e+00 1.0e+00 1.0e+00  5.23004e+01 2.0e-03 1.7e-05 2.4e+10 4.9e+09 2.0e+10 -7.2e+11 0.0e+00 
  16   18   17    0 1.0e+00 1.0e+00 1.0e+00  5.23002e+01 1.2e-01 2.0e-05 4.2e+09 1.2e+09 4.9e+09 -8.1e+10 0.0e+00 
  17   19   18    0 1.0e+00 1.0e+00 1.0e+00  5.22999e+01 1.2e-01 7.2e-06 1.0e+09 3.1e+08 1.2e+09 -1.6e+10 0.0e+00 
  18   20   19    0 1.0e+00 1.0e+00 1.0e+00  5.22996e+01 1.2e-01 3.5e-06 2.5e+08 7.7e+07 3.1e+08 -3.8e+09 0.0e+00 
  19   28   19    0 3.4e-01 1.0e+00 1.0e+00  5.22996e+01 1.2e-01 7.2e+04 3.0e+08 1.9e+07 3.1e+08 -1.0e+09 0.0e+00 LFail LMnStp 

iter nobj ngrd nhvc   alpha   alphx   alphz         fobj   |opt| |infes|  |dual|      mu    comp   dmerit     rho info
  20   29   20    0 1.0e+00 1.0e+00 1.0e+00  5.22996e+01 1.2e-01 7.2e+04 1.5e+07 4.8e+06 1.9e+07 -1.2e+09 0.0e+00 
  21   30   21    0 1.0e+00 1.0e+00 1.0e+00  5.22994e+01 1.2e-01 2.3e-04 3.8e+06 1.2e+06 4.8e+06 -6.4e+07 0.0e+00 
  22   31   22    0 1.0e+00 1.0e+00 1.0e+00  5.22993e+01 1.2e-01 4.4e-04 9.3e+05 3.0e+05 1.2e+06 -1.5e+07 0.0e+00 
  23   32   23    0 1.0e+00 1.0e+00 1.0e+00  5.22992e+01 1.2e-01 1.9e-03 2.3e+05 7.5e+04 3.0e+05 -2.7e+06 0.0e+00 
  24   35   24    0 1.9e-01 1.0e+00 1.0e+00  5.22992e+01 1.2e-01 5.4e-03 2.4e+05 1.9e+04 2.6e+05 -9.1e+05 0.0e+00 
  25   36   25    0 1.0e+00 1.0e+00 1.0e+00  5.22992e+01 1.2e-01 7.5e-03 1.4e+04 4.7e+03 1.9e+04 -9.6e+05 0.0e+00 
  26   37   26    0 1.0e+00 1.0e+00 1.0e+00  5.22991e+01 3.8e-06 1.4e+00 4.0e+03 1.2e+03 4.7e+03 -4.3e+04 0.0e+00 
  27   48   26    0 1.0e+00 0.0e+00 0.0e+00         -nan 3.8e-06 0.0e+00 4.8e+03 2.9e+02 4.7e+03     -nan 0.0e+00 LFail LMxItr 
  28   59   26    0 1.0e+00 1.0e+00 1.0e+00          nan 3.8e-06 0.0e+00 4.8e+03 2.9e+02 4.7e+03      nan 0.0e+00 LFail LMxItr 
  29   70   26    0 1.0e+00 1.0e+00 1.0e+00         -nan 3.8e-06 0.0e+00 5.1e+03 7.3e+01 4.7e+03     -nan 0.0e+00 LFail LMxItr 

iter nobj ngrd nhvc   alpha   alphx   alphz         fobj   |opt| |infes|  |dual|      mu    comp   dmerit     rho info
  30   81   26    0 1.0e+00 1.0e+00 1.0e+00          nan 3.8e-06 0.0e+00 5.1e+03 7.3e+01 4.7e+03      nan 0.0e+00 LFail LMxItr 
  31   92   26    0 1.0e+00 1.0e+00 1.0e+00         -nan 3.8e-06 0.0e+00 5.1e+03 1.8e+01 4.7e+03     -nan 0.0e+00 LFail LMxItr 
  32  103   26    0 1.0e+00 1.0e+00 1.0e+00          nan 3.8e-06 0.0e+00 5.1e+03 1.8e+01 4.7e+03      nan 0.0e+00 LFail LMxItr 
  33  114   26    0 1.0e+00 1.0e+00 1.0e+00         -nan 3.8e-06 0.0e+00 5.1e+03 4.6e+00 4.7e+03     -nan 0.0e+00 LFail LMxItr 
  34  125   26    0 1.0e+00 1.0e+00 1.0e+00          nan 3.8e-06 0.0e+00 5.1e+03 4.6e+00 4.7e+03      nan 0.0e+00 LFail LMxItr 
  35  136   26    0 1.0e+00 1.0e+00 1.0e+00         -nan 3.8e-06 0.0e+00 5.1e+03 1.1e+00 4.7e+03     -nan 0.0e+00 LFail LMxItr 
  36  147   26    0 1.0e+00 1.0e+00 1.0e+00          nan 3.8e-06 0.0e+00 5.1e+03 1.1e+00 4.7e+03      nan 0.0e+00 LFail LMxItr 
  37  158   26    0 1.0e+00 1.0e+00 1.0e+00         -nan 3.8e-06 0.0e+00 5.1e+03 2.9e-01 4.7e+03     -nan 0.0e+00 LFail LMxItr 
  38  169   26    0 1.0e+00 1.0e+00 1.0e+00          nan 3.8e-06 0.0e+00 5.1e+03 2.9e-01 4.7e+03      nan 0.0e+00 LFail LMxItr 
  39  180   26    0 1.0e+00 1.0e+00 1.0e+00         -nan 3.8e-06 0.0e+00 5.1e+03 7.1e-02 4.7e+03     -nan 0.0e+00 LFail LMxItr 

iter nobj ngrd nhvc   alpha   alphx   alphz         fobj   |opt| |infes|  |dual|      mu    comp   dmerit     rho info
  40  191   26    0 1.0e+00 1.0e+00 1.0e+00          nan 3.8e-06 0.0e+00 5.1e+03 7.1e-02 4.7e+03      nan 0.0e+00 LFail LMxItr 
  41  202   26    0 1.0e+00 1.0e+00 1.0e+00         -nan 3.8e-06 0.0e+00 5.1e+03 1.8e-02 4.7e+03     -nan 0.0e+00 LFail LMxItr 
  42  213   26    0 1.0e+00 1.0e+00 1.0e+00          nan 3.8e-06 0.0e+00 5.1e+03 1.8e-02 4.7e+03      nan 0.0e+00 LFail LMxItr 
  43  224   26    0 1.0e+00 1.0e+00 1.0e+00         -nan 3.8e-06 0.0e+00 5.1e+03 4.5e-03 4.7e+03     -nan 0.0e+00 LFail LMxItr 
  44  235   26    0 1.0e+00 1.0e+00 1.0e+00          nan 3.8e-06 0.0e+00 5.1e+03 4.5e-03 4.7e+03      nan 0.0e+00 LFail LMxItr 
  45  246   26    0 1.0e+00 1.0e+00 1.0e+00         -nan 3.8e-06 0.0e+00 5.1e+03 1.1e-03 4.7e+03     -nan 0.0e+00 LFail LMxItr 
  46  257   26    0 1.0e+00 1.0e+00 1.0e+00          nan 3.8e-06 0.0e+00 5.1e+03 1.1e-03 4.7e+03      nan 0.0e+00 LFail LMxItr 
  47  268   26    0 1.0e+00 1.0e+00 1.0e+00         -nan 3.8e-06 0.0e+00 5.1e+03 2.8e-04 4.7e+03     -nan 0.0e+00 LFail LMxItr 
  48  279   26    0 1.0e+00 1.0e+00 1.0e+00          nan 3.8e-06 0.0e+00 5.1e+03 2.8e-04 4.7e+03      nan 0.0e+00 LFail LMxItr 
  49  290   26    0 1.0e+00 1.0e+00 1.0e+00         -nan 3.8e-06 0.0e+00 5.1e+03 7.0e-05 4.7e+03     -nan 0.0e+00 LFail LMxItr 

iter nobj ngrd nhvc   alpha   alphx   alphz         fobj   |opt| |infes|  |dual|      mu    comp   dmerit     rho info
  50  301   26    0 1.0e+00 1.0e+00 1.0e+00          nan 3.8e-06 0.0e+00 5.1e+03 7.0e-05 4.7e+03      nan 0.0e+00 LFail LMxItr 
  51  312   26    0 1.0e+00 1.0e+00 1.0e+00         -nan 3.8e-06 0.0e+00 5.1e+03 1.7e-05 4.7e+03     -nan 0.0e+00 LFail LMxItr 
  52  323   26    0 1.0e+00 1.0e+00 1.0e+00          nan 3.8e-06 0.0e+00 5.1e+03 1.7e-05 4.7e+03      nan 0.0e+00 LFail LMxItr 
  53  334   26    0 1.0e+00 1.0e+00 1.0e+00         -nan 3.8e-06 0.0e+00 5.1e+03 4.3e-06 4.7e+03     -nan 0.0e+00 LFail LMxItr 
  54  345   26    0 1.0e+00 1.0e+00 1.0e+00          nan 3.8e-06 0.0e+00 5.1e+03 4.3e-06 4.7e+03      nan 0.0e+00 LFail LMxItr 
  55  356   26    0 1.0e+00 1.0e+00 1.0e+00         -nan 3.8e-06 0.0e+00 5.1e+03 1.1e-06 4.7e+03     -nan 0.0e+00 LFail LMxItr 
  56  367   26    0 1.0e+00 1.0e+00 1.0e+00          nan 3.8e-06 0.0e+00 5.1e+03 1.1e-06 4.7e+03      nan 0.0e+00 LFail LMxItr 
  57  378   26    0 1.0e+00 1.0e+00 1.0e+00         -nan 3.8e-06 0.0e+00 5.1e+03 2.7e-07 4.7e+03     -nan 0.0e+00 LFail LMxItr 
  58  389   26    0 1.0e+00 1.0e+00 1.0e+00          nan 3.8e-06 0.0e+00 5.1e+03 2.7e-07 4.7e+03      nan 0.0e+00 LFail LMxItr 
  59  400   26    0 1.0e+00 1.0e+00 1.0e+00         -nan 3.8e-06 0.0e+00 5.1e+03 1.0e-07 4.7e+03     -nan 0.0e+00 LFail LMxItr 

iter nobj ngrd nhvc   alpha   alphx   alphz         fobj   |opt| |infes|  |dual|      mu    comp   dmerit     rho info
  60  411   26    0 1.0e+00 1.0e+00 1.0e+00          nan 3.8e-06 0.0e+00 5.1e+03 1.0e-07 4.7e+03      nan 0.0e+00 LFail LMxItr 
  61  422   26    0 1.0e+00 1.0e+00 1.0e+00         -nan 3.8e-06 0.0e+00 5.1e+03 1.0e-07 4.7e+03     -nan 0.0e+00 LFail LMxItr 

ParOpt Warning: Current design point could not be improved. No barrier function decrease in previous two iterations
ParOptInteriorPoint Parameter Summary:
algorithm                                mma            
use_diag_hessian                         True           

iter nobj ngrd nhvc   alpha   alphx   alphz         fobj   |opt| |infes|  |dual|      mu    comp   dmerit     rho info
   0    1    1    0      --      --      --  6.28815e+01 4.8e+03 1.1e+09 9.6e+11 1.4e+11 1.4e+11       --      -- 
   1    3    2    0 4.5e-01 9.9e-12 9.9e-10  6.28866e+01 4.8e+03 1.1e+09 1.1e+12 3.4e+10 1.4e+11 -4.9e+11 0.0e+00 
   2    4    3    0 1.0e+00 1.0e-08 1.0e-06  6.48006e+01 4.8e+03 1.1e+09 1.1e+12 3.4e+10 1.4e+11 -1.0e+13 0.0e+00 
   3    5    4    0 1.0e+00 1.6e-06 7.5e-05  8.80686e+01 5.1e+03 1.1e+09 1.1e+12 3.4e+10 1.4e+11 -6.9e+12 0.0e+00 
   4    6    5    0 1.0e+00 4.7e-05 2.4e-05  4.77720e+02 4.5e+03 1.1e+09 1.1e+12 3.4e+10 1.4e+11 -1.1e+13 0.0e+00 
   5    7    6    0 1.0e+00 7.8e-05 7.8e-03  1.20194e+02 4.2e+05 1.1e+09 1.1e+12 3.4e+10 1.4e+11 -5.4e+11 0.0e+00 
   6    8    7    0 1.0e+00 2.2e-02 9.9e-01  1.04476e+02 6.5e+03 1.1e+09 9.6e+11 3.4e+10 9.4e+10 -5.7e+12 0.0e+00 
   7    9    8    0 1.0e+00 9.8e-01 1.0e+00  1.15991e+02 4.2e+00 2.4e+07 4.2e+10 8.6e+09 3.3e+10 -3.6e+12 0.0e+00 
   8   10    9    0 1.0e+00 1.0e+00 1.0e+00  1.17220e+02 1.4e-02 3.7e-09 9.3e+09 2.1e+09 8.3e+09 -1.3e+11 0.0e+00 
   9   11   10    0 1.0e+00 1.0e+00 1.0e+00  1.21711e+02 1.8e-01 1.9e-09 2.7e+09 5.4e+08 2.1e+09 -1.6e+10 0.0e+00 

iter nobj ngrd nhvc   alpha   alphx   alphz         fobj   |opt| |infes|  |dual|      mu    comp   dmerit     rho info
  10   12   11    0 1.0e+00 9.9e-01 1.0e+00  1.24742e+02 6.0e-02 1.2e-09 8.5e+08 1.3e+08 5.4e+08 -4.1e+09 0.0e+00 
  11   13   12    0 1.0e+00 1.0e+00 7.8e-01  9.20027e+01 4.8e+00 1.2e-10 3.2e+08 3.3e+07 2.1e+08 -7.2e+08 0.0e+00 
  12   14   13    0 1.0e+00 9.6e-01 9.8e-01  7.38711e+01 4.0e+00 8.7e-11 6.8e+07 8.4e+06 3.9e+07 -8.6e+08 0.0e+00 
  13   15   14    0 1.0e+00 1.0e+00 1.0e+00  7.38500e+01 8.7e-05 3.6e-11 8.3e+06 2.1e+06 8.4e+06 -7.4e+07 0.0e+00 
  14   16   15    0 1.0e+00 1.0e+00 1.0e+00  7.41489e+01 8.0e-04 3.6e-11 1.7e+06 5.2e+05 2.1e+06 -1.7e+07 0.0e+00 
  15   17   16    0 1.0e+00 1.0e+00 1.0e+00  7.43739e+01 4.5e-04 1.9e-10 4.3e+05 1.3e+05 5.2e+05 -4.7e+06 0.0e+00 
  16   18   17    0 1.0e+00 1.0e+00 1.0e+00  7.45523e+01 2.8e-04 5.2e-11 1.0e+05 3.3e+04 1.3e+05 -1.2e+06 0.0e+00 
  17   19   18    0 1.0e+00 1.0e+00 1.0e+00  7.46895e+01 1.7e-04 1.3e-09 2.6e+04 8.2e+03 3.3e+04 -2.9e+05 0.0e+00 
  18   20   19    0 1.0e+00 1.0e+00 1.0e+00  7.47916e+01 9.2e-05 1.6e-08 6.5e+03 2.0e+03 8.2e+03 -7.3e+04 0.0e+00 
  19   21   20    0 1.0e+00 1.0e+00 1.0e+00  7.48611e+01 4.3e-05 9.6e-08 1.8e+03 5.1e+02 2.0e+03 -2.5e+04 0.0e+00 

iter nobj ngrd nhvc   alpha   alphx   alphz         fobj   |opt| |infes|  |dual|      mu    comp   dmerit     rho info
  20   22   21    0 1.0e+00 1.0e+00 1.0e+00  7.48833e+01 4.4e-06 8.4e-07 5.9e+02 1.3e+02 5.1e+02 -4.5e+03 0.0e+00 
  21   23   22    0 1.0e+00 1.0e+00 1.0e+00  7.47800e+01 9.5e-05 1.2e-05 2.1e+02 3.2e+01 1.3e+02 -9.4e+02 0.0e+00 
  22   24   23    0 1.0e+00 1.0e+00 1.0e+00  7.42334e+01 2.7e-03 4.3e-05 3.9e+01 8.0e+00 3.2e+01 -1.1e+02 0.0e+00 
  23   25   24    0 1.0e+00 1.0e+00 1.0e+00  7.21399e+01 4.0e-02 9.4e-06 9.5e+00 2.0e+00 8.0e+00 -8.4e+01 0.0e+00 
  24   26   25    0 1.0e+00 1.0e+00 1.0e+00  6.68520e+01 2.7e-01 3.2e-05 3.3e+00 5.0e-01 2.1e+00 -1.9e+01 0.0e+00 
  25   27   26    0 1.0e+00 1.0e+00 1.0e+00  6.34161e+01 1.1e-01 4.6e-05 7.3e-01 1.2e-01 5.2e-01 -5.5e+00 0.0e+00 
  26   28   27    0 1.0e+00 1.0e+00 1.0e+00  6.29573e+01 1.9e-03 1.6e-05 1.1e-01 3.1e-02 1.2e-01 -1.2e+00 0.0e+00 
  27   29   28    0 1.0e+00 1.0e+00 1.0e+00  6.28719e+01 6.7e-05 1.1e-05 2.6e-02 7.8e-03 3.1e-02 -2.9e-01 0.0e+00 
  28   30   29    0 1.0e+00 1.0e+00 1.0e+00  6.28478e+01 5.5e-04 2.7e-06 7.7e-03 1.9e-03 7.8e-03 -7.1e-02 0.0e+00 
  29   31   30    0 1.0e+00 1.0e+00 1.0e+00  6.28404e+01 2.3e-03 1.4e-06 2.7e-03 4.9e-04 2.0e-03 -1.9e-02 0.0e+00 

iter nobj ngrd nhvc   alpha   alphx   alphz         fobj   |opt| |infes|  |dual|      mu    comp   dmerit     rho info
  30   32   31    0 1.0e+00 1.0e+00 1.0e+00  6.28370e+01 2.6e-03 3.0e-07 9.4e-04 1.2e-04 5.3e-04 -6.5e-03 0.0e+00 
  31   33   32    0 1.0e+00 1.0e+00 1.0e+00  6.28353e+01 3.4e-04 1.7e-07 2.6e-04 3.0e-05 1.4e-04 -2.6e-03 0.0e+00 
  32   34   33    0 1.0e+00 1.0e+00 1.0e+00  6.28346e+01 6.5e-04 4.2e-08 4.2e-05 3.0e-05 3.6e-05 -8.5e-04 0.0e+00 
  33   35   34    0 1.0e+00 1.0e+00 1.0e+00  6.28345e+01 4.1e-05 4.4e-11 2.5e-05 7.6e-06 3.1e-05 -6.0e-05 0.0e+00 
  34   36   35    0 1.0e+00 1.0e+00 1.0e+00  6.28344e+01 5.9e-05 2.6e-09 8.1e-06 1.9e-06 7.9e-06 -1.2e-04 0.0e+00 
  35   37   36    0 1.0e+00 1.0e+00 1.0e+00  6.28344e+01 8.3e-06 1.1e-09 2.2e-06 4.8e-07 2.0e-06 -3.4e-05 0.0e+00 
  36   38   37    0 1.0e+00 1.0e+00 1.0e+00  6.28344e+01 5.3e-07 1.5e-10 4.2e-07 1.1e-07 4.8e-07 -7.9e-06 0.0e+00 
  37   39   38    0 1.0e+00 1.0e+00 1.0e+00  6.28344e+01 2.9e-08 1.2e-10 1.3e-08 1.0e-07 1.1e-07 -2.0e-06 0.0e+00 

ParOpt: Successfully converged to requested tolerance
