ParOptInteriorPoint Parameter Summary:
abs_res_tol                              0.0001         
algorithm                                ip             
barrier_strategy                         monotone       
output_file                              paropt.out     
penalty_gamma                            1000           
qn_subspace_size                         10             
qn_type                                  bfgs           
start_affine_multiplier_min              0.01           
starting_point_strategy                  affine_step    

iter nobj ngrd nhvc   alpha   alphx   alphz         fobj   |opt| |infes|  |dual|      mu    comp   dmerit     rho info
   0    1    1    0      --      --      --  3.50000e+01 1.9e+02 5.7e+02 7.7e+05 1.1e+05 1.1e+05       --      -- 
   1    3    2    0 7.6e-02 2.7e-04 2.7e-02  3.96343e+01 1.1e+02 5.7e+02 8.5e+05 2.8e+04 1.1e+05 -4.8e+04 0.0e+00 
   2    5    3    0 4.3e-01 1.6e-01 1.0e+00  9.71249e+01 5.0e+03 5.3e+02 7.7e+05 2.8e+04 1.1e+05 -1.4e+05 0.0e+00 
   3    6    4    0 1.0e+00 1.0e+00 1.0e+00  1.19210e+01 8.0e+01 5.2e-02 6.7e+04 7.1e+03 3.2e+04 -8.0e+05 0.0e+00 
   4    7    5    0 1.0e+00 1.0e+00 1.0e+00  1.77916e+01 4.7e+01 2.4e-03 9.4e+03 1.8e+03 7.1e+03 -7.7e+04 0.0e+00 
   5    8    6    0 1.0e+00 1.0e+00 1.0e+00  2.31826e+01 1.1e+02 6.4e-04 2.0e+03 4.4e+02 1.8e+03 -1.2e+04 0.0e+00 
   6   10    7    0 3.7e-01 1.0e+00 1.0e+00  2.46024e+01 1.0e+02 4.6e-05 1.6e+03 1.1e+02 1.3e+03 -2.9e+03 0.0e+00 
   7   12    8    0 7.4e-02 9.8e-01 1.0e+00  2.46370e+01 9.1e+01 2.8e-05 1.5e+03 1.1e+02 1.2e+03 -2.4e+03 6.0e+06 
   8   14    9    0 4.0e-02 9.8e-01 1.0e+00  2.46575e+01 8.6e+01 2.2e-05 1.4e+03 1.1e+02 1.2e+03 -2.2e+03 9.9e+06 
   9   16   10    0 3.0e-02 9.8e-01 1.0e+00  2.46734e+01 8.3e+01 1.8e-05 1.4e+03 1.1e+02 1.1e+03 -2.1e+03 1.2e+07 

iter nobj ngrd nhvc   alpha   alphx   alphz         fobj   |opt| |infes|  |dual|      mu    comp   dmerit     rho info
  10   18   11    0 2.4e-02 9.8e-01 1.0e+00  2.46867e+01 8.1e+01 1.6e-05 1.4e+03 1.1e+02 1.1e+03 -2.1e+03 1.5e+07 
  11   20   12    0 2.1e-02 9.8e-01 1.0e+00  2.46982e+01 7.9e+01 1.5e-05 1.3e+03 1.1e+02 1.1e+03 -2.0e+03 1.7e+07 
  12   22   13    0 1.8e-02 9.9e-01 1.0e+00  2.47084e+01 7.7e+01 1.3e-05 1.3e+03 1.1e+02 1.1e+03 -2.0e+03 1.8e+07 
  13   24   14    0 1.6e-02 9.9e-01 1.0e+00  2.47177e+01 7.6e+01 1.2e-05 1.3e+03 1.1e+02 1.0e+03 -1.9e+03 2.0e+07 
  14   26   15    0 1.5e-02 9.9e-01 1.0e+00  2.47262e+01 7.4e+01 1.1e-05 1.3e+03 1.1e+02 1.0e+03 -1.9e+03 2.2e+07 
  15   28   16    0 1.3e-02 9.9e-01 1.0e+00  2.47340e+01 7.3e+01 1.1e-05 1.3e+03 1.1e+02 1.0e+03 -1.9e+03 2.3e+07 
  16   30   17    0 1.2e-02 9.9e-01 1.0e+00  2.47413e+01 7.2e+01 1.0e-05 1.2e+03 1.1e+02 1.0e+03 -1.9e+03 2.5e+07 
  17   32   18    0 1.1e-02 9.9e-01 1.0e+00  2.47481e+01 7.1e+01 9.5e-06 1.2e+03 1.1e+02 9.9e+02 -1.8e+03 2.7e+07 
  18   34   19    0 1.1e-02 9.9e-01 1.0e+00  2.47545e+01 7.0e+01 9.0e-06 1.2e+03 1.1e+02 9.9e+02 -1.8e+03 2.8e+07 
  19   36   20    0 1.0e-02 9.9e-01 1.0e+00  2.47605e+01 7.0e+01 8.6e-06 1.2e+03 1.1e+02 9.8e+02 -1.8e+03 2.9e+07 

iter nobj ngrd nhvc   alpha   alphx   alphz         fobj   |opt| |infes|  |dual|      mu    comp   dmerit     rho info
  20   38   21    0 1.0e-02 9.9e-01 1.0e+00  2.47666e+01 6.9e+01 8.2e-06 1.2e+03 1.1e+02 9.7e+02 -1.8e+03 3.1e+07 
  21   40   22    0 1.0e-02 9.9e-01 1.0e+00  2.47728e+01 6.8e+01 7.8e-06 1.2e+03 1.1e+02 9.6e+02 -1.8e+03 3.2e+07 
  22   42   23    0 1.0e-02 9.9e-01 1.0e+00  2.47790e+01 6.7e+01 7.4e-06 1.2e+03 1.1e+02 9.5e+02 -1.8e+03 3.4e+07 
  23   44   24    0 1.0e-02 9.9e-01 1.0e+00  2.47852e+01 6.6e+01 7.0e-06 1.2e+03 1.1e+02 9.4e+02 -1.7e+03 3.6e+07 
  24   46   25    0 1.0e-02 9.9e-01 1.0e+00  2.47915e+01 6.6e+01 6.5e-06 1.1e+03 1.1e+02 9.3e+02 -1.7e+03 3.8e+07 
  25   48   26    0 1.0e-02 9.9e-01 1.0e+00  2.47978e+01 6.5e+01 6.1e-06 1.1e+03 1.1e+02 9.3e+02 -1.7e+03 4.0e+07 
  26   50   27    0 1.0e-02 9.9e-01 1.0e+00  2.48042e+01 6.4e+01 5.8e-06 1.1e+03 1.1e+02 9.2e+02 -1.7e+03 4.3e+07 
  27   52   28    0 1.0e-02 9.9e-01 1.0e+00  2.48106e+01 6.3e+01 5.4e-06 1.1e+03 1.1e+02 9.1e+02 -1.7e+03 4.5e+07 
  28   54   29    0 1.0e-02 9.9e-01 1.0e+00  2.48171e+01 6.3e+01 5.0e-06 1.1e+03 1.1e+02 9.0e+02 -1.7e+03 4.9e+07 
  29   56   30    0 1.0e-02 1.0e+00 1.0e+00  2.48236e+01 6.2e+01 4.6e-06 1.2e+03 2.8e+01 8.9e+02 -1.7e+03 0.0e+00 

iter nobj ngrd nhvc   alpha   alphx   alphz         fobj   |opt| |infes|  |dual|      mu    comp   dmerit     rho info
  30   58   31    0 2.2e-02 9.1e-01 9.4e-01  2.48255e+01 6.7e+01 3.3e-06 1.2e+03 2.8e+01 8.8e+02 -1.6e+03 1.6e+07 
  31   60   32    0 1.4e-02 9.1e-01 9.4e-01  2.48216e+01 6.9e+01 2.8e-06 1.1e+03 2.8e+01 8.7e+02 -1.5e+03 2.2e+07 
  32   62   33    0 1.1e-02 9.1e-01 9.4e-01  2.48159e+01 7.0e+01 2.4e-06 1.1e+03 2.8e+01 8.6e+02 -1.5e+03 2.6e+07 
  33   64   34    0 1.0e-02 9.1e-01 9.4e-01  2.48095e+01 7.1e+01 2.1e-06 1.1e+03 2.8e+01 8.5e+02 -1.5e+03 3.0e+07 
  34   66   35    0 1.0e-02 9.1e-01 9.4e-01  2.48024e+01 7.0e+01 1.8e-06 1.1e+03 2.8e+01 8.4e+02 -1.5e+03 3.4e+07 
  35   68   36    0 1.0e-02 9.0e-01 9.5e-01  2.47947e+01 7.0e+01 1.5e-06 1.1e+03 2.8e+01 8.3e+02 -1.5e+03 3.9e+07 
  36   70   37    0 1.0e-02 9.0e-01 9.5e-01  2.47868e+01 6.9e+01 1.2e-06 1.1e+03 2.8e+01 8.3e+02 -1.5e+03 4.7e+07 
  37   72   38    0 1.0e-02 9.0e-01 9.5e-01  2.47787e+01 6.9e+01 9.7e-07 1.1e+03 2.8e+01 8.2e+02 -1.5e+03 5.7e+07 
  38   74   39    0 1.0e-02 9.0e-01 9.5e-01  2.47705e+01 6.8e+01 7.0e-07 1.1e+03 2.8e+01 8.1e+02 -1.4e+03 2.8e+07 
  39   76   40    0 1.9e-02 9.0e-01 9.5e-01  2.47547e+01 6.6e+01 2.7e-07 1.0e+03 2.8e+01 8.0e+02 -1.4e+03 1.4e+07 

iter nobj ngrd nhvc   alpha   alphx   alphz         fobj   |opt| |infes|  |dual|      mu    comp   dmerit     rho info
  40   78   41    0 3.7e-02 9.0e-01 9.5e-01  2.47233e+01 6.3e+01 3.9e-06 1.0e+03 2.8e+01 7.7e+02 -1.3e+03 7.1e+06 
  41   80   42    0 1.5e-02 9.0e-01 9.5e-01  2.47106e+01 6.2e+01 4.4e-06 1.0e+03 2.8e+01 7.6e+02 -1.4e+03 1.8e+07 
  42   82   43    0 1.6e-02 9.0e-01 9.5e-01  2.46962e+01 6.0e+01 5.0e-06 9.9e+02 2.8e+01 7.5e+02 -1.3e+03 1.6e+07 
  43   84   44    0 1.9e-02 9.0e-01 9.5e-01  2.46797e+01 5.9e+01 5.8e-06 9.7e+02 2.8e+01 7.4e+02 -1.3e+03 1.4e+07 
  44   86   45    0 2.1e-02 9.0e-01 9.5e-01  2.46606e+01 5.7e+01 6.9e-06 9.5e+02 2.8e+01 7.2e+02 -1.3e+03 1.2e+07 
  45   88   46    0 2.5e-02 9.0e-01 9.5e-01  2.46381e+01 5.5e+01 8.4e-06 9.3e+02 2.8e+01 7.1e+02 -1.3e+03 1.0e+07 
  46   90   47    0 2.9e-02 9.0e-01 9.5e-01  2.46110e+01 5.3e+01 1.0e-05 9.1e+02 2.8e+01 6.9e+02 -1.2e+03 8.3e+06 
  47   92   48    0 3.5e-02 9.0e-01 9.5e-01  2.45777e+01 5.0e+01 1.3e-05 8.8e+02 2.8e+01 6.7e+02 -1.2e+03 6.6e+06 
  48   94   49    0 4.4e-02 9.0e-01 9.6e-01  2.45352e+01 4.6e+01 1.8e-05 8.4e+02 2.8e+01 6.4e+02 -1.2e+03 5.1e+06 
  49   96   50    0 5.7e-02 9.0e-01 9.6e-01  2.44786e+01 4.2e+01 2.6e-05 8.0e+02 2.8e+01 6.1e+02 -1.1e+03 3.8e+06 

iter nobj ngrd nhvc   alpha   alphx   alphz         fobj   |opt| |infes|  |dual|      mu    comp   dmerit     rho info
  50   98   51    0 7.8e-02 9.0e-01 9.6e-01  2.43988e+01 3.6e+01 4.0e-05 7.4e+02 2.8e+01 5.6e+02 -1.1e+03 2.6e+06 
  51  100   52    0 1.1e-01 9.0e-01 9.6e-01  2.42769e+01 2.7e+01 7.0e-05 6.7e+02 2.8e+01 5.1e+02 -9.8e+02 1.7e+06 
  52  102   53    0 1.8e-01 9.0e-01 9.6e-01  2.40694e+01 1.3e+01 1.4e-04 5.5e+02 2.8e+01 4.2e+02 -8.7e+02 9.4e+05 
  53  104   54    0 3.1e-01 9.0e-01 9.7e-01  2.36827e+01 1.1e+01 3.4e-04 3.9e+02 2.8e+01 3.0e+02 -7.3e+02 4.7e+05 
  54  106   55    0 4.9e-01 9.2e-01 9.9e-01  2.29837e+01 4.1e+01 6.8e-04 2.3e+02 6.9e+00 1.7e+02 -5.3e+02 0.0e+00 
  55  107   56    0 1.0e+00 8.7e-01 9.4e-01  2.02822e+01 1.4e+01 1.3e-03 3.8e+01 1.7e+00 2.0e+01 -2.7e+02 0.0e+00 
  56  108   57    0 1.0e+00 1.0e+00 7.5e-01  7.12762e+00 2.7e+02 1.8e-02 1.0e+01 1.7e+00 5.5e+00 -2.8e+01 0.0e+00 
  57  109   58    0 1.0e+00 1.0e+00 1.0e+00  4.47018e+00 9.0e+00 6.7e-04 2.5e+00 4.3e-01 2.1e+00 -2.7e+00 0.0e+00 
  58  110   59    0 1.0e+00 1.0e+00 1.0e+00  2.09498e+00 2.0e+01 1.9e-03 5.3e-01 4.3e-01 5.7e-01 -3.6e+00 0.0e+00 
  59  111   60    0 1.0e+00 1.0e+00 1.0e+00  1.28391e+00 4.1e+00 1.2e-03 3.9e-01 1.1e-01 4.5e-01 -6.0e-01 0.0e+00 

iter nobj ngrd nhvc   alpha   alphx   alphz         fobj   |opt| |infes|  |dual|      mu    comp   dmerit     rho info
  60  112   61    0 1.0e+00 1.0e+00 1.0e+00  7.35993e-01 1.1e+01 3.1e-04 7.5e-02 1.1e-01 1.3e-01 -7.7e-01 0.0e+00 
  61  113   62    0 1.0e+00 1.0e+00 1.0e+00  5.66284e-01 6.6e+00 2.4e-03 5.7e-03 1.1e-01 1.1e-01 -8.8e-02 0.0e+00 
  62  114   63    0 1.0e+00 1.0e+00 1.0e+00  5.41170e-01 2.9e+00 8.5e-04 1.1e-03 1.1e-01 1.1e-01 -3.4e-03 0.0e+00 
  63  115   64    0 1.0e+00 1.0e+00 1.0e+00  5.37244e-01 3.3e-01 3.3e-04 8.1e-02 2.7e-02 1.1e-01 -6.6e-04 0.0e+00 skipH 
  64  116   65    0 1.0e+00 1.0e+00 1.0e+00  3.95925e-01 7.1e-01 2.0e-02 1.5e-02 2.7e-02 3.1e-02 -1.8e-01 0.0e+00 
  65  117   66    0 1.0e+00 1.0e+00 1.0e+00  3.58911e-01 2.6e+00 3.2e-04 1.4e-04 2.7e-02 2.7e-02 -1.7e-02 0.0e+00 
  66  118   67    0 1.0e+00 1.0e+00 1.0e+00  3.52847e-01 4.9e-01 2.0e-04 5.5e-04 2.7e-02 2.7e-02 -1.3e-03 0.0e+00 
  67  119   68    0 1.0e+00 1.0e+00 1.0e+00  3.53774e-01 4.4e-01 1.1e-07 2.3e-06 2.7e-02 2.7e-02 -1.0e-05 0.0e+00 
  68  120   69    0 1.0e+00 1.0e+00 1.0e+00  3.54267e-01 2.2e-02 9.5e-07 2.0e-02 6.7e-03 2.7e-02 -5.4e-06 0.0e+00 
  69  121   70    0 1.0e+00 1.0e+00 1.0e+00  3.06021e-01 2.2e-01 9.6e-04 2.7e-03 6.7e-03 7.5e-03 -5.3e-02 0.0e+00 

iter nobj ngrd nhvc   alpha   alphx   alphz         fobj   |opt| |infes|  |dual|      mu    comp   dmerit     rho info
  70  122   71    0 1.0e+00 1.0e+00 1.0e+00  2.99508e-01 1.8e-01 2.8e-05 1.0e-04 6.7e-03 6.7e-03 -2.1e-03 0.0e+00 
  71  123   72    0 1.0e+00 1.0e+00 1.0e+00  2.99676e-01 4.5e-03 5.2e-09 5.0e-03 1.7e-03 6.7e-03 -1.3e-06 0.0e+00 
  72  124   73    0 1.0e+00 1.0e+00 1.0e+00  2.85520e-01 2.4e-01 8.5e-06 2.0e-04 1.7e-03 1.7e-03 -1.5e-02 0.0e+00 
  73  125   74    0 1.0e+00 1.0e+00 1.0e+00  2.85012e-01 5.2e-03 6.0e-08 1.3e-03 4.2e-04 1.7e-03 -4.9e-05 0.0e+00 
  74  126   75    0 1.0e+00 1.0e+00 1.0e+00  2.81295e-01 4.4e-02 2.0e-07 1.4e-05 4.2e-04 4.2e-04 -3.7e-03 0.0e+00 
  75  127   76    0 1.0e+00 1.0e+00 1.0e+00  2.81259e-01 4.3e-04 2.9e-10 3.2e-04 1.1e-04 4.2e-04 -1.0e-06 0.0e+00 
  76  128   77    0 1.0e+00 1.0e+00 1.0e+00  2.80318e-01 1.4e-02 2.5e-08 9.3e-07 1.1e-04 1.1e-04 -9.4e-04 0.0e+00 
  77  129   78    0 1.0e+00 1.0e+00 1.0e+00  2.80315e-01 2.9e-05 8.7e-12 7.9e-05 2.6e-05 1.1e-04 -1.8e-08 0.0e+00 
  78  130   79    0 1.0e+00 1.0e+00 1.0e+00  2.80079e-01 5.0e-03 1.8e-09 6.4e-08 2.6e-05 2.6e-05 -2.4e-04 0.0e+00 
  79  131   80    0 1.0e+00 1.0e+00 1.0e+00  2.80079e-01 6.8e-06 2.7e-11 1.6e-05 1.0e-05 2.6e-05 -3.0e-10 0.0e+00 

ParOpt: Successfully converged to requested tolerance
