ParOpt Warning: Variables may be too close to upper bound
ParOptInteriorPoint Parameter Summary:
algorithm                                mma            
mma_init_asymptote_offset                0.5            
mma_max_iterations                       20             
mma_min_asymptote_offset                 0.01           
use_diag_hessian                         True           

iter nobj ngrd nhvc   alpha   alphx   alphz         fobj   |opt| |infes|  |dual|      mu    comp   dmerit     rho info
   0    1    1    0      --      --      --  1.47659e+05 5.8e+04 0.0e+00 2.7e+04 1.0e+04 1.0e+04       --      -- 
   1    3    2    0 2.2e-01 7.2e-02 8.9e-01  1.47069e+05 5.2e+04 0.0e+00 3.2e+04 2.6e+03 1.0e+04 -1.4e+04 0.0e+00 
   2    4    3    0 1.0e+00 1.0e+00 7.4e-01  1.12152e+05 1.5e+04 0.0e+00 1.2e+04 6.5e+02 3.8e+03 -4.6e+04 0.0e+00 
   3    5    4    0 1.0e+00 1.0e+00 9.3e-01  8.90710e+04 2.9e+03 0.0e+00 2.4e+03 1.6e+02 9.1e+02 -2.9e+04 0.0e+00 
   4    6    5    0 1.0e+00 8.5e-01 1.0e+00  8.30882e+04 8.6e+02 0.0e+00 3.1e+02 4.1e+01 1.9e+02 -6.1e+03 0.0e+00 
   5    7    6    0 1.0e+00 1.0e+00 1.0e+00  8.21319e+04 3.2e+01 0.0e+00 8.9e+01 1.0e+01 4.7e+01 -8.9e+02 0.0e+00 
   6    8    7    0 1.0e+00 1.0e+00 1.0e+00  8.18983e+04 3.4e+00 0.0e+00 2.2e+01 2.5e+00 1.2e+01 -2.2e+02 0.0e+00 
   7    9    8    0 1.0e+00 1.0e+00 1.0e+00  8.18207e+04 6.0e-01 0.0e+00 4.6e+00 6.3e-01 2.8e+00 -7.1e+01 0.0e+00 
   8   10    9    0 1.0e+00 1.0e+00 1.0e+00  8.18047e+04 1.2e-02 0.0e+00 6.0e-01 1.6e-01 6.4e-01 -1.3e+01 0.0e+00 
   9   11   10    0 1.0e+00 1.0e+00 1.0e+00  8.18016e+04 1.3e-04 0.0e+00 1.2e-01 4.0e-02 1.6e-01 -2.3e+00 0.0e+00 

iter nobj ngrd nhvc   alpha   alphx   alphz         fobj   |opt| |infes|  |dual|      mu    comp   dmerit     rho info
  10   12   11    0 1.0e+00 1.0e+00 1.0e+00  8.18009e+04 5.5e-06 0.0e+00 3.0e-02 9.9e-03 4.0e-02 -5.4e-01 0.0e+00 
  11   13   12    0 1.0e+00 1.0e+00 1.0e+00  8.18007e+04 3.3e-07 0.0e+00 7.4e-03 2.5e-03 9.9e-03 -1.3e-01 0.0e+00 
  12   14   13    0 1.0e+00 1.0e+00 1.0e+00  8.18007e+04 2.0e-08 0.0e+00 1.9e-03 6.2e-04 2.5e-03 -3.3e-02 0.0e+00 
  13   15   14    0 1.0e+00 1.0e+00 1.0e+00  8.18007e+04 1.2e-09 0.0e+00 4.6e-04 1.5e-04 6.2e-04 -8.4e-03 0.0e+00 
  14   16   15    0 1.0e+00 1.0e+00 1.0e+00  8.18007e+04 7.8e-11 0.0e+00 1.2e-04 3.9e-05 1.5e-04 -2.1e-03 0.0e+00 
  15   17   16    0 1.0e+00 1.0e+00 1.0e+00  8.18007e+04 7.3e-12 0.0e+00 2.9e-05 9.7e-06 3.9e-05 -5.2e-04 0.0e+00 
  16   18   17    0 1.0e+00 1.0e+00 1.0e+00  8.18007e+04 3.0e-13 0.0e+00 7.3e-06 2.4e-06 9.7e-06 -1.3e-04 0.0e+00 
  17   19   18    0 1.0e+00 1.0e+00 1.0e+00  8.18007e+04 7.3e-12 0.0e+00 1.8e-06 6.0e-07 2.4e-06 -3.3e-05 0.0e+00 
  18   20   19    0 1.0e+00 1.0e+00 1.0e+00  8.18007e+04 3.6e-12 0.0e+00 4.6e-07 1.4e-07 6.0e-07 -8.2e-06 0.0e+00 
  19   21   20    0 1.0e+00 1.0e+00 1.0e+00  8.18007e+04 3.6e-12 0.0e+00 4.4e-08 1.0e-07 1.4e-07 -2.1e-06 0.0e+00 

ParOpt: Successfully converged to requested tolerance
ParOpt Warning: Variables may be too close to lower bound
ParOptInteriorPoint Parameter Summary:
algorithm                                mma            
mma_init_asymptote_offset                0.5            
mma_max_iterations                       20             
mma_min_asymptote_offset                 0.01           
use_diag_hessian                         True           

iter nobj ngrd nhvc   alpha   alphx   alphz         fobj   |opt| |infes|  |dual|      mu    comp   dmerit     rho info
   0    1    1    0      --      --      --  4.42106e+03 1.3e+03 0.0e+00 2.9e+01 6.6e+00 6.6e+00       --      -- 
   1    2    2    0 1.0e+00 5.8e-01 7.5e-01  4.63501e+03 6.5e+02 0.0e+00 2.0e+02 6.6e+00 2.5e+01 -1.0e+05 0.0e+00 
   2    3    3    0 1.0e+00 9.8e-01 1.0e+00  4.44543e+03 4.0e+02 0.0e+00 4.7e+01 6.6e+00 1.2e+01 -2.9e+02 0.0e+00 
   3    4    4    0 1.0e+00 1.0e+00 1.0e+00  4.39854e+03 5.8e+01 0.0e+00 6.8e+00 1.6e+00 6.5e+00 -9.3e+01 0.0e+00 
   4    5    5    0 1.0e+00 1.0e+00 1.0e+00  4.38302e+03 4.3e-01 0.0e+00 2.4e+00 4.1e-01 1.7e+00 -1.3e+01 0.0e+00 
   5    6    6    0 1.0e+00 1.0e+00 1.0e+00  4.37548e+03 6.6e-02 0.0e+00 6.9e-01 1.0e-01 4.7e-01 -6.7e+00 0.0e+00 
   6    7    7    0 1.0e+00 1.0e+00 1.0e+00  4.37301e+03 6.4e-02 0.0e+00 2.1e-01 2.6e-02 1.2e-01 -2.2e+00 0.0e+00 
   7    8    8    0 1.0e+00 1.0e+00 1.0e+00  4.37239e+03 2.1e-02 0.0e+00 5.6e-02 6.4e-03 2.8e-02 -5.4e-01 0.0e+00 
   8    9    9    0 1.0e+00 1.0e+00 1.0e+00  4.37223e+03 2.5e-03 0.0e+00 7.2e-03 1.6e-03 6.6e-03 -1.3e-01 0.0e+00 
   9   10   10    0 1.0e+00 1.0e+00 1.0e+00  4.37220e+03 4.0e-05 0.0e+00 1.3e-03 4.0e-04 1.6e-03 -2.4e-02 0.0e+00 

iter nobj ngrd nhvc   alpha   alphx   alphz         fobj   |opt| |infes|  |dual|      mu    comp   dmerit     rho info
  10   11   11    0 1.0e+00 1.0e+00 1.0e+00  4.37219e+03 1.3e-06 0.0e+00 3.1e-04 1.0e-04 4.0e-04 -5.5e-03 0.0e+00 
  11   12   12    0 1.0e+00 1.0e+00 1.0e+00  4.37219e+03 7.6e-08 0.0e+00 7.6e-05 2.5e-05 1.0e-04 -1.4e-03 0.0e+00 
  12   13   13    0 1.0e+00 1.0e+00 1.0e+00  4.37219e+03 4.6e-09 0.0e+00 1.9e-05 6.3e-06 2.5e-05 -3.4e-04 0.0e+00 
  13   14   14    0 1.0e+00 1.0e+00 1.0e+00  4.37219e+03 2.9e-10 0.0e+00 4.7e-06 1.6e-06 6.3e-06 -8.5e-05 0.0e+00 
  14   15   15    0 1.0e+00 1.0e+00 1.0e+00  4.37219e+03 1.8e-11 0.0e+00 1.2e-06 3.9e-07 1.6e-06 -2.1e-05 0.0e+00 
  15   16   16    0 1.0e+00 1.0e+00 1.0e+00  4.37219e+03 1.1e-12 0.0e+00 2.9e-07 1.0e-07 3.9e-07 -5.3e-06 0.0e+00 

ParOpt: Successfully converged to requested tolerance
ParOpt Warning: Variables may be too close to lower bound
ParOptInteriorPoint Parameter Summary:
algorithm                                mma            
mma_init_asymptote_offset                0.5            
mma_max_iterations                       20             
mma_min_asymptote_offset                 0.01           
use_diag_hessian                         True           

iter nobj ngrd nhvc   alpha   alphx   alphz         fobj   |opt| |infes|  |dual|      mu    comp   dmerit     rho info
   0    1    1    0      --      --      --  1.27485e+04 4.3e+03 0.0e+00 1.9e+01 6.1e+00 6.1e+00       --      -- 
   1    2    2    0 1.0e+00 1.0e+00 8.3e-01  1.23489e+04 7.4e+02 0.0e+00 8.3e+00 6.1e+00 6.0e+00 -8.0e+03 0.0e+00 
   2    3    3    0 1.0e+00 5.6e-01 1.0e+00  1.21644e+04 4.0e+01 0.0e+00 8.3e+00 1.5e+00 5.5e+00 -2.4e+02 0.0e+00 
   3    4    4    0 1.0e+00 1.8e-01 1.0e+00  1.21541e+04 5.6e+01 0.0e+00 6.8e+00 1.5e+00 2.7e+00 -8.9e+00 0.0e+00 
   4    5    5    0 1.0e+00 1.0e+00 1.0e+00  1.21385e+04 3.3e-01 0.0e+00 1.3e+00 3.8e-01 1.5e+00 -2.0e+01 0.0e+00 
   5    6    6    0 1.0e+00 1.0e+00 1.0e+00  1.21323e+04 4.5e-02 0.0e+00 4.4e-01 9.5e-02 3.9e-01 -4.7e+00 0.0e+00 
   6    7    7    0 1.0e+00 1.0e+00 1.0e+00  1.21304e+04 1.1e-02 0.0e+00 9.7e-02 2.4e-02 9.7e-02 -1.5e+00 0.0e+00 
   7    8    8    0 1.0e+00 1.0e+00 1.0e+00  1.21300e+04 6.4e-04 0.0e+00 1.9e-02 5.9e-03 2.4e-02 -3.5e-01 0.0e+00 
   8    9    9    0 1.0e+00 1.0e+00 1.0e+00  1.21299e+04 2.7e-05 0.0e+00 4.5e-03 1.5e-03 5.9e-03 -8.2e-02 0.0e+00 
   9   10   10    0 1.0e+00 1.0e+00 1.0e+00  1.21298e+04 1.5e-06 0.0e+00 1.1e-03 3.7e-04 1.5e-03 -2.0e-02 0.0e+00 

iter nobj ngrd nhvc   alpha   alphx   alphz         fobj   |opt| |infes|  |dual|      mu    comp   dmerit     rho info
  10   11   11    0 1.0e+00 1.0e+00 1.0e+00  1.21298e+04 8.9e-08 0.0e+00 2.8e-04 9.2e-05 3.7e-04 -5.0e-03 0.0e+00 
  11   12   12    0 1.0e+00 1.0e+00 1.0e+00  1.21298e+04 5.5e-09 0.0e+00 6.9e-05 2.3e-05 9.2e-05 -1.2e-03 0.0e+00 
  12   13   13    0 1.0e+00 1.0e+00 1.0e+00  1.21298e+04 3.5e-10 0.0e+00 1.7e-05 5.8e-06 2.3e-05 -3.1e-04 0.0e+00 
  13   14   14    0 1.0e+00 1.0e+00 1.0e+00  1.21298e+04 2.2e-11 0.0e+00 4.3e-06 1.4e-06 5.8e-06 -7.8e-05 0.0e+00 
  14   15   15    0 1.0e+00 1.0e+00 1.0e+00  1.21298e+04 1.8e-12 0.0e+00 1.1e-06 3.6e-07 1.4e-06 -2.0e-05 0.0e+00 
  15   16   16    0 1.0e+00 1.0e+00 1.0e+00  1.21298e+04 1.8e-12 0.0e+00 2.6e-07 1.0e-07 3.6e-07 -4.9e-06 0.0e+00 

ParOpt: Successfully converged to requested tolerance
ParOpt Warning: Variables may be too close to lower bound
ParOptInteriorPoint Parameter Summary:
algorithm                                mma            
mma_init_asymptote_offset                0.5            
mma_max_iterations                       20             
mma_min_asymptote_offset                 0.01           
use_diag_hessian                         True           

iter nobj ngrd nhvc   alpha   alphx   alphz         fobj   |opt| |infes|  |dual|      mu    comp   dmerit     rho info
   0    1    1    0      --      --      --  2.22725e+03 1.4e+03 0.0e+00 1.4e+01 4.1e+00 4.1e+00       --      -- 
   1    2    2    0 1.0e+00 1.0e+00 9.4e-01  2.28776e+03 2.5e+02 0.0e+00 4.5e+01 4.1e+00 8.6e+00 -1.1e+04 0.0e+00 
   2    3    3    0 1.0e+00 1.0e+00 1.0e+00  2.22853e+03 9.5e+01 0.0e+00 6.1e+00 4.1e+00 4.3e+00 -1.1e+02 0.0e+00 
   3    4    4    0 1.0e+00 1.0e+00 1.0e+00  2.22383e+03 2.6e+00 0.0e+00 3.4e+00 1.0e+00 4.1e+00 -5.0e+00 0.0e+00 
   4    5    5    0 1.0e+00 1.0e+00 1.0e+00  2.21505e+03 5.2e-01 0.0e+00 1.3e+00 2.5e-01 1.1e+00 -6.8e+00 0.0e+00 
   5    6    6    0 1.0e+00 1.0e+00 1.0e+00  2.21092e+03 9.2e-02 0.0e+00 4.1e-01 6.4e-02 2.9e-01 -3.6e+00 0.0e+00 
   6    7    7    0 1.0e+00 1.0e+00 1.0e+00  2.20944e+03 6.5e-02 0.0e+00 1.3e-01 1.6e-02 7.5e-02 -1.3e+00 0.0e+00 
   7    8    8    0 1.0e+00 1.0e+00 1.0e+00  2.20901e+03 1.6e-02 0.0e+00 2.6e-02 4.0e-03 1.8e-02 -3.8e-01 0.0e+00 
   8    9    9    0 1.0e+00 1.0e+00 1.0e+00  2.20892e+03 8.3e-04 0.0e+00 3.9e-03 9.9e-04 4.1e-03 -7.9e-02 0.0e+00 
   9   10   10    0 1.0e+00 1.0e+00 1.0e+00  2.20890e+03 3.0e-05 0.0e+00 7.9e-04 2.5e-04 1.0e-03 -1.5e-02 0.0e+00 

iter nobj ngrd nhvc   alpha   alphx   alphz         fobj   |opt| |infes|  |dual|      mu    comp   dmerit     rho info
  10   11   11    0 1.0e+00 1.0e+00 1.0e+00  2.20889e+03 1.6e-06 0.0e+00 1.9e-04 6.2e-05 2.5e-04 -3.4e-03 0.0e+00 
  11   12   12    0 1.0e+00 1.0e+00 1.0e+00  2.20889e+03 9.3e-08 0.0e+00 4.7e-05 1.6e-05 6.2e-05 -8.4e-04 0.0e+00 
  12   13   13    0 1.0e+00 1.0e+00 1.0e+00  2.20889e+03 5.8e-09 0.0e+00 1.2e-05 3.9e-06 1.6e-05 -2.1e-04 0.0e+00 
  13   14   14    0 1.0e+00 1.0e+00 1.0e+00  2.20889e+03 3.6e-10 0.0e+00 2.9e-06 9.7e-07 3.9e-06 -5.2e-05 0.0e+00 
  14   15   15    0 1.0e+00 1.0e+00 1.0e+00  2.20889e+03 2.2e-11 0.0e+00 7.3e-07 2.4e-07 9.7e-07 -1.3e-05 0.0e+00 
  15   16   16    0 1.0e+00 1.0e+00 1.0e+00  2.20889e+03 1.4e-12 0.0e+00 1.4e-07 1.0e-07 2.4e-07 -3.3e-06 0.0e+00 

ParOpt: Successfully converged to requested tolerance
ParOpt Warning: Variables may be too close to lower bound
ParOptInteriorPoint Parameter Summary:
algorithm                                mma            
mma_init_asymptote_offset                0.5            
mma_max_iterations                       20             
mma_min_asymptote_offset                 0.01           
use_diag_hessian                         True           

iter nobj ngrd nhvc   alpha   alphx   alphz         fobj   |opt| |infes|  |dual|      mu    comp   dmerit     rho info
   0    1    1    0      --      --      --  1.60719e+03 8.4e+02 0.0e+00 9.5e+00 2.9e+00 2.9e+00       --      -- 
   1    2    2    0 1.0e+00 5.7e-01 4.4e-01  1.59653e+03 5.0e+02 0.0e+00 5.3e+00 2.9e+00 3.1e+00 -2.9e+04 0.0e+00 
   2    3    3    0 1.0e+00 1.0e+00 1.0e+00  1.56561e+03 1.8e+00 0.0e+00 6.1e+00 7.3e-01 2.9e+00 -9.6e+01 0.0e+00 
   3    4    4    0 1.0e+00 7.0e-01 8.6e-01  1.55936e+03 3.0e+00 0.0e+00 1.9e+00 1.8e-01 9.2e-01 -5.8e+00 0.0e+00 
   4    5    5    0 1.0e+00 1.0e+00 8.6e-01  1.55633e+03 1.5e+00 0.0e+00 5.8e-01 4.6e-02 2.6e-01 -2.7e+00 0.0e+00 
   5    6    6    0 1.0e+00 1.0e+00 1.0e+00  1.55523e+03 7.5e-02 0.0e+00 1.7e-01 1.1e-02 5.9e-02 -1.0e+00 0.0e+00 
   6    7    7    0 1.0e+00 1.0e+00 9.1e-01  1.55491e+03 5.0e-02 0.0e+00 3.8e-02 2.9e-03 1.4e-02 -3.0e-01 0.0e+00 
   7    8    8    0 1.0e+00 1.0e+00 1.0e+00  1.55482e+03 2.0e-03 0.0e+00 3.9e-03 7.1e-04 3.0e-03 -7.0e-02 0.0e+00 
   8    9    9    0 1.0e+00 1.0e+00 1.0e+00  1.55481e+03 1.8e-04 0.0e+00 6.4e-04 1.8e-04 7.2e-04 -1.1e-02 0.0e+00 
   9   10   10    0 1.0e+00 1.0e+00 1.0e+00  1.55481e+03 7.1e-06 0.0e+00 1.4e-04 4.5e-05 1.8e-04 -2.5e-03 0.0e+00 

iter nobj ngrd nhvc   alpha   alphx   alphz         fobj   |opt| |infes|  |dual|      mu    comp   dmerit     rho info
  10   11   11    0 1.0e+00 1.0e+00 1.0e+00  1.55481e+03 3.5e-07 0.0e+00 3.4e-05 1.1e-05 4.5e-05 -6.1e-04 0.0e+00 
  11   12   12    0 1.0e+00 1.0e+00 1.0e+00  1.55481e+03 2.1e-08 0.0e+00 8.4e-06 2.8e-06 1.1e-05 -1.5e-04 0.0e+00 
  12   13   13    0 1.0e+00 1.0e+00 1.0e+00  1.55481e+03 1.3e-09 0.0e+00 2.1e-06 7.0e-07 2.8e-06 -3.8e-05 0.0e+00 
  13   14   14    0 1.0e+00 1.0e+00 1.0e+00  1.55481e+03 8.2e-11 0.0e+00 5.3e-07 1.7e-07 7.0e-07 -9.4e-06 0.0e+00 
  14   15   15    0 1.0e+00 1.0e+00 1.0e+00  1.55481e+03 5.3e-12 0.0e+00 6.9e-08 1.0e-07 1.7e-07 -2.4e-06 0.0e+00 

ParOpt: Successfully converged to requested tolerance
ParOpt Warning: Variables may be too close to lower bound
ParOptInteriorPoint Parameter Summary:
algorithm                                mma            
mma_init_asymptote_offset                0.5            
mma_max_iterations                       20             
mma_min_asymptote_offset                 0.01           
use_diag_hessian                         True           

iter nobj ngrd nhvc   alpha   alphx   alphz         fobj   |opt| |infes|  |dual|      mu    comp   dmerit     rho info
   0    1    1    0      --      --      --  3.20941e+03 2.8e+03 0.0e+00 5.9e+00 2.8e+00 2.8e+00       --      -- 
   1    2    2    0 1.0e+00 1.0e+00 8.0e-01  3.17515e+03 6.1e+02 0.0e+00 3.9e+00 2.8e+00 3.0e+00 -1.1e+03 0.0e+00 
   2    3    3    0 1.0e+00 7.3e-01 1.0e+00  3.14682e+03 3.6e+01 0.0e+00 2.5e+00 2.8e+00 2.6e+00 -3.8e+01 0.0e+00 
   3    4    4    0 1.0e+00 1.0e+00 1.0e+00  3.15165e+03 7.0e-02 0.0e+00 5.3e+00 7.1e-01 3.1e+00 -1.5e+01 0.0e+00 
   4    5    5    0 1.0e+00 1.0e+00 1.0e+00  3.14151e+03 4.0e-01 0.0e+00 1.1e+00 1.8e-01 7.8e-01 -8.6e+00 0.0e+00 
   5    6    6    0 1.0e+00 1.0e+00 1.0e+00  3.13791e+03 6.7e-02 0.0e+00 3.1e-01 4.5e-02 2.0e-01 -3.1e+00 0.0e+00 
   6    7    7    0 1.0e+00 1.0e+00 1.0e+00  3.13684e+03 2.5e-02 0.0e+00 8.4e-02 1.1e-02 5.1e-02 -9.4e-01 0.0e+00 
   7    8    8    0 1.0e+00 1.0e+00 1.0e+00  3.13655e+03 2.3e-03 0.0e+00 1.4e-02 2.8e-03 1.2e-02 -2.4e-01 0.0e+00 
   8    9    9    0 1.0e+00 1.0e+00 1.0e+00  3.13649e+03 2.4e-04 0.0e+00 2.4e-03 7.0e-04 2.8e-03 -4.6e-02 0.0e+00 
   9   10   10    0 1.0e+00 1.0e+00 1.0e+00  3.13648e+03 1.4e-05 0.0e+00 5.4e-04 1.7e-04 7.0e-04 -9.8e-03 0.0e+00 

iter nobj ngrd nhvc   alpha   alphx   alphz         fobj   |opt| |infes|  |dual|      mu    comp   dmerit     rho info
  10   11   11    0 1.0e+00 1.0e+00 1.0e+00  3.13648e+03 8.0e-07 0.0e+00 1.3e-04 4.3e-05 1.7e-04 -2.4e-03 0.0e+00 
  11   12   12    0 1.0e+00 1.0e+00 1.0e+00  3.13648e+03 4.9e-08 0.0e+00 3.3e-05 1.1e-05 4.3e-05 -5.9e-04 0.0e+00 
  12   13   13    0 1.0e+00 1.0e+00 1.0e+00  3.13648e+03 3.1e-09 0.0e+00 8.2e-06 2.7e-06 1.1e-05 -1.5e-04 0.0e+00 
  13   14   14    0 1.0e+00 1.0e+00 1.0e+00  3.13648e+03 1.9e-10 0.0e+00 2.0e-06 6.8e-07 2.7e-06 -3.7e-05 0.0e+00 
  14   15   15    0 1.0e+00 1.0e+00 1.0e+00  3.13648e+03 1.2e-11 0.0e+00 5.2e-07 1.6e-07 6.8e-07 -9.2e-06 0.0e+00 
  15   16   16    0 1.0e+00 1.0e+00 1.0e+00  3.13648e+03 2.7e-12 0.0e+00 6.4e-08 1.0e-07 1.6e-07 -2.3e-06 0.0e+00 

ParOpt: Successfully converged to requested tolerance
ParOpt Warning: Variables may be too close to lower bound
ParOptInteriorPoint Parameter Summary:
algorithm                                mma            
mma_init_asymptote_offset                0.5            
mma_max_iterations                       20             
mma_min_asymptote_offset                 0.01           
use_diag_hessian                         True           

iter nobj ngrd nhvc   alpha   alphx   alphz         fobj   |opt| |infes|  |dual|      mu    comp   dmerit     rho info
   0    1    1    0      --      --      --  1.26864e+03 1.2e+03 0.0e+00 8.0e+00 2.4e+00 2.4e+00       --      -- 
   1    2    2    0 1.0e+00 1.0e+00 9.2e-01  1.31161e+03 3.3e+02 0.0e+00 3.1e+01 2.4e+00 5.8e+00 -2.4e+04 0.0e+00 
   2    3    3    0 1.0e+00 1.0e+00 1.0e+00  1.26844e+03 1.5e+02 0.0e+00 5.1e+00 2.4e+00 2.7e+00 -6.1e+01 0.0e+00 
   3    4    4    0 1.0e+00 1.0e+00 1.0e+00  1.26459e+03 6.7e+00 0.0e+00 1.9e+00 5.9e-01 2.4e+00 -5.2e+00 0.0e+00 
   4    5    5    0 1.0e+00 1.0e+00 1.0e+00  1.25941e+03 5.5e-01 0.0e+00 7.9e-01 1.5e-01 6.2e-01 -4.0e+00 0.0e+00 
   5    6    6    0 1.0e+00 1.0e+00 1.0e+00  1.25698e+03 5.3e-02 0.0e+00 2.5e-01 3.7e-02 1.7e-01 -2.1e+00 0.0e+00 
   6    7    7    0 1.0e+00 1.0e+00 1.0e+00  1.25618e+03 1.0e-02 0.0e+00 6.2e-02 9.3e-03 4.0e-02 -6.8e-01 0.0e+00 
   7    8    8    0 1.0e+00 1.0e+00 1.0e+00  1.25600e+03 3.1e-04 0.0e+00 1.2e-02 2.3e-03 9.5e-03 -1.5e-01 0.0e+00 
   8    9    9    0 1.0e+00 1.0e+00 1.0e+00  1.25595e+03 3.0e-04 0.0e+00 4.1e-03 5.8e-04 2.4e-03 -3.4e-02 0.0e+00 
   9   10   10    0 1.0e+00 1.0e+00 1.0e+00  1.25594e+03 1.4e-03 0.0e+00 1.1e-03 1.4e-04 6.3e-04 -9.3e-03 0.0e+00 

iter nobj ngrd nhvc   alpha   alphx   alphz         fobj   |opt| |infes|  |dual|      mu    comp   dmerit     rho info
  10   11   11    0 1.0e+00 1.0e+00 1.0e+00  1.25594e+03 9.6e-04 0.0e+00 3.2e-04 3.6e-05 1.6e-04 -2.2e-03 0.0e+00 
  11   12   12    0 1.0e+00 1.0e+00 1.0e+00  1.25594e+03 3.8e-04 0.0e+00 6.0e-05 3.6e-05 4.1e-05 -5.9e-04 0.0e+00 
  12   13   13    0 1.0e+00 1.0e+00 1.0e+00  1.25594e+03 4.5e-05 0.0e+00 3.4e-05 9.0e-06 3.7e-05 -2.7e-05 0.0e+00 
  13   14   14    0 1.0e+00 1.0e+00 1.0e+00  1.25594e+03 2.8e-05 0.0e+00 9.7e-06 2.3e-06 9.3e-06 -1.2e-04 0.0e+00 
  14   15   15    0 1.0e+00 1.0e+00 1.0e+00  1.25594e+03 3.6e-06 0.0e+00 2.1e-06 5.7e-07 2.3e-06 -3.3e-05 0.0e+00 
  15   16   16    0 1.0e+00 1.0e+00 1.0e+00  1.25594e+03 2.1e-07 0.0e+00 4.5e-07 1.3e-07 5.7e-07 -8.0e-06 0.0e+00 
  16   17   17    0 1.0e+00 1.0e+00 1.0e+00  1.25594e+03 1.0e-08 0.0e+00 3.5e-08 1.0e-07 1.3e-07 -2.0e-06 0.0e+00 

ParOpt: Successfully converged to requested tolerance
ParOpt Warning: Variables may be too close to lower bound
ParOptInteriorPoint Parameter Summary:
algorithm                                mma            
mma_init_asymptote_offset                0.5            
mma_max_iterations                       20             
mma_min_asymptote_offset                 0.01           
use_diag_hessian                         True           

iter nobj ngrd nhvc   alpha   alphx   alphz         fobj   |opt| |infes|  |dual|      mu    comp   dmerit     rho info
   0    1    1    0      --      --      --  9.14207e+02 9.6e+02 0.0e+00 5.5e+00 1.8e+00 1.8e+00       --      -- 
   1    2    2    0 1.0e+00 1.0e+00 9.8e-01  9.21013e+02 2.9e+01 0.0e+00 3.4e+00 1.8e+00 2.3e+00 -5.4e+03 0.0e+00 
   2    3    3    0 1.0e+00 1.0e+00 1.0e+00  9.13683e+02 3.8e+00 0.0e+00 1.7e+00 4.5e-01 1.8e+00 -5.0e+00 0.0e+00 
   3    4    4    0 1.0e+00 1.0e+00 1.0e+00  9.09857e+02 7.3e-01 0.0e+00 6.0e-01 1.1e-01 4.6e-01 -2.9e+00 0.0e+00 
   4    5    5    0 1.0e+00 1.0e+00 1.0e+00  9.08132e+02 5.7e-02 0.0e+00 1.9e-01 2.8e-02 1.3e-01 -1.5e+00 0.0e+00 
   5    6    6    0 1.0e+00 1.0e+00 1.0e+00  9.07513e+02 2.0e-02 0.0e+00 5.3e-02 7.0e-03 3.3e-02 -5.5e-01 0.0e+00 
   6    7    7    0 1.0e+00 1.0e+00 1.0e+00  9.07337e+02 9.9e-03 0.0e+00 1.5e-02 1.8e-03 7.9e-03 -1.5e-01 0.0e+00 
   7    8    8    0 1.0e+00 1.0e+00 1.0e+00  9.07295e+02 1.1e-03 0.0e+00 2.7e-03 4.4e-04 1.9e-03 -3.6e-02 0.0e+00 
   8    9    9    0 1.0e+00 1.0e+00 1.0e+00  9.07285e+02 1.1e-03 0.0e+00 5.3e-04 1.1e-04 4.6e-04 -7.3e-03 0.0e+00 
   9   10   10    0 1.0e+00 1.0e+00 1.0e+00  9.07283e+02 1.1e-04 0.0e+00 1.0e-04 2.7e-05 1.1e-04 -1.7e-03 0.0e+00 

iter nobj ngrd nhvc   alpha   alphx   alphz         fobj   |opt| |infes|  |dual|      mu    comp   dmerit     rho info
  10   11   11    0 1.0e+00 1.0e+00 1.0e+00  9.07283e+02 5.3e-06 0.0e+00 2.1e-05 6.9e-06 2.8e-05 -3.9e-04 0.0e+00 
  11   12   12    0 1.0e+00 1.0e+00 1.0e+00  9.07283e+02 2.6e-07 0.0e+00 5.2e-06 1.7e-06 6.9e-06 -9.3e-05 0.0e+00 
  12   13   13    0 1.0e+00 1.0e+00 1.0e+00  9.07283e+02 1.6e-08 0.0e+00 1.3e-06 4.3e-07 1.7e-06 -2.3e-05 0.0e+00 
  13   14   14    0 1.0e+00 1.0e+00 1.0e+00  9.07283e+02 9.7e-10 0.0e+00 3.3e-07 1.0e-07 4.3e-07 -5.8e-06 0.0e+00 

ParOpt: Successfully converged to requested tolerance
ParOpt Warning: Variables may be too close to lower bound
ParOptInteriorPoint Parameter Summary:
algorithm                                mma            
mma_init_asymptote_offset                0.5            
mma_max_iterations                       20             
mma_min_asymptote_offset                 0.01           
use_diag_hessian                         True           

iter nobj ngrd nhvc   alpha   alphx   alphz         fobj   |opt| |infes|  |dual|      mu    comp   dmerit     rho info
   0    1    1    0      --      --      --  1.05601e+03 1.1e+03 0.0e+00 7.1e+00 1.6e+00 1.6e+00       --      -- 
   1    2    2    0 1.0e+00 1.0e+00 1.0e+00  1.06751e+03 1.6e+01 0.0e+00 6.3e+00 1.6e+00 2.3e+00 -2.1e+03 0.0e+00 
   2    3    3    0 1.0e+00 1.0e+00 1.0e+00  1.05878e+03 9.1e+00 0.0e+00 1.6e+00 3.9e-01 1.6e+00 -1.1e+01 0.0e+00 
   3    4    4    0 1.0e+00 1.0e+00 1.0e+00  1.05507e+03 7.2e-01 0.0e+00 5.5e-01 9.8e-02 4.1e-01 -3.0e+00 0.0e+00 
   4    5    5    0 1.0e+00 1.0e+00 1.0e+00  1.05360e+03 3.5e-02 0.0e+00 1.6e-01 2.5e-02 1.1e-01 -1.3e+00 0.0e+00 
   5    6    6    0 1.0e+00 1.0e+00 1.0e+00  1.05309e+03 2.0e-02 0.0e+00 4.9e-02 6.1e-03 2.8e-02 -4.4e-01 0.0e+00 
   6    7    7    0 1.0e+00 1.0e+00 1.0e+00  1.05296e+03 6.2e-03 0.0e+00 1.0e-02 1.5e-03 6.8e-03 -1.2e-01 0.0e+00 
   7    8    8    0 1.0e+00 1.0e+00 1.0e+00  1.05292e+03 3.9e-03 0.0e+00 3.3e-03 3.8e-04 1.7e-03 -2.9e-02 0.0e+00 
   8    9    9    0 1.0e+00 1.0e+00 1.0e+00  1.05291e+03 9.0e-04 0.0e+00 6.6e-04 9.6e-05 4.1e-04 -7.4e-03 0.0e+00 
   9   10   10    0 1.0e+00 1.0e+00 1.0e+00  1.05291e+03 4.1e-05 0.0e+00 9.1e-05 2.4e-05 9.7e-05 -1.7e-03 0.0e+00 

iter nobj ngrd nhvc   alpha   alphx   alphz         fobj   |opt| |infes|  |dual|      mu    comp   dmerit     rho info
  10   11   11    0 1.0e+00 1.0e+00 1.0e+00  1.05291e+03 7.5e-07 0.0e+00 1.9e-05 6.0e-06 2.4e-05 -3.4e-04 0.0e+00 
  11   12   12    0 1.0e+00 1.0e+00 1.0e+00  1.05291e+03 3.3e-08 0.0e+00 4.5e-06 1.5e-06 6.0e-06 -8.2e-05 0.0e+00 
  12   13   13    0 1.0e+00 1.0e+00 1.0e+00  1.05291e+03 1.9e-09 0.0e+00 1.1e-06 3.8e-07 1.5e-06 -2.0e-05 0.0e+00 
  13   14   14    0 1.0e+00 1.0e+00 1.0e+00  1.05291e+03 1.2e-10 0.0e+00 2.8e-07 1.0e-07 3.8e-07 -5.1e-06 0.0e+00 

ParOpt: Successfully converged to requested tolerance
ParOpt Warning: Variables may be too close to lower bound
ParOptInteriorPoint Parameter Summary:
algorithm                                mma            
mma_init_asymptote_offset                0.5            
mma_max_iterations                       20             
mma_min_asymptote_offset                 0.01           
use_diag_hessian                         True           

iter nobj ngrd nhvc   alpha   alphx   alphz         fobj   |opt| |infes|  |dual|      mu    comp   dmerit     rho info
   0    1    1    0      --      --      --  7.50903e+02 9.5e+02 0.0e+00 5.0e+00 1.1e+00 1.1e+00       --      -- 
   1    2    2    0 1.0e+00 5.9e-01 1.0e+00  7.54741e+02 4.0e+01 0.0e+00 1.3e+00 1.1e+00 1.3e+00 -1.2e+04 0.0e+00 
   2    3    3    0 1.0e+00 1.0e+00 1.0e+00  7.53026e+02 1.4e+01 0.0e+00 2.2e+00 1.1e+00 1.3e+00 -7.7e+00 0.0e+00 
   3    4    4    0 1.0e+00 1.0e+00 1.0e+00  7.52975e+02 4.8e-02 0.0e+00 8.3e-01 2.8e-01 1.1e+00 -1.6e-01 0.0e+00 
   4    5    5    0 1.0e+00 1.0e+00 1.0e+00  7.50770e+02 3.5e-01 0.0e+00 3.6e-01 6.9e-02 2.9e-01 -1.7e+00 0.0e+00 
   5    6    6    0 1.0e+00 1.0e+00 1.0e+00  7.49777e+02 3.4e-02 0.0e+00 1.2e-01 1.7e-02 7.9e-02 -8.7e-01 0.0e+00 
   6    7    7    0 1.0e+00 1.0e+00 1.0e+00  7.49403e+02 4.0e-02 0.0e+00 3.4e-02 4.3e-03 2.1e-02 -3.4e-01 0.0e+00 
   7    8    8    0 1.0e+00 1.0e+00 1.0e+00  7.49290e+02 1.9e-02 0.0e+00 9.8e-03 1.1e-03 5.0e-03 -1.0e-01 0.0e+00 
   8    9    9    0 1.0e+00 1.0e+00 1.0e+00  7.49261e+02 3.6e-03 0.0e+00 1.6e-03 2.7e-04 1.2e-03 -2.6e-02 0.0e+00 
   9   10   10    0 1.0e+00 1.0e+00 1.0e+00  7.49255e+02 1.1e-04 0.0e+00 2.3e-04 6.7e-05 2.7e-04 -4.7e-03 0.0e+00 

iter nobj ngrd nhvc   alpha   alphx   alphz         fobj   |opt| |infes|  |dual|      mu    comp   dmerit     rho info
  10   11   11    0 1.0e+00 1.0e+00 1.0e+00  7.49254e+02 3.9e-06 0.0e+00 5.2e-05 1.7e-05 6.8e-05 -9.5e-04 0.0e+00 
  11   12   12    0 1.0e+00 1.0e+00 1.0e+00  7.49253e+02 2.2e-07 0.0e+00 1.3e-05 4.2e-06 1.7e-05 -2.3e-04 0.0e+00 
  12   13   13    0 1.0e+00 1.0e+00 1.0e+00  7.49253e+02 1.4e-08 0.0e+00 3.2e-06 1.1e-06 4.2e-06 -5.7e-05 0.0e+00 
  13   14   14    0 1.0e+00 1.0e+00 1.0e+00  7.49253e+02 8.5e-10 0.0e+00 7.9e-07 2.6e-07 1.1e-06 -1.4e-05 0.0e+00 
  14   15   15    0 1.0e+00 1.0e+00 1.0e+00  7.49253e+02 5.3e-11 0.0e+00 1.6e-07 1.0e-07 2.6e-07 -3.6e-06 0.0e+00 

ParOpt: Successfully converged to requested tolerance
ParOpt Warning: Variables may be too close to lower bound
ParOptInteriorPoint Parameter Summary:
algorithm                                mma            
mma_init_asymptote_offset                0.5            
mma_max_iterations                       20             
mma_min_asymptote_offset                 0.01           
use_diag_hessian                         True           

iter nobj ngrd nhvc   alpha   alphx   alphz         fobj   |opt| |infes|  |dual|      mu    comp   dmerit     rho info
   0    1    1    0      --      --      --  8.86739e+02 1.1e+03 0.0e+00 6.2e+00 1.1e+00 1.1e+00       --      -- 
   1    2    2    0 1.0e+00 7.2e-01 1.0e+00  8.93301e+02 3.1e+01 0.0e+00 2.6e+00 1.1e+00 1.5e+00 -1.2e+04 0.0e+00 
   2    3    3    0 1.0e+00 1.0e+00 1.0e+00  8.89474e+02 8.5e+00 0.0e+00 2.8e+00 2.7e-01 1.3e+00 -9.6e+00 0.0e+00 
   3    4    4    0 1.0e+00 1.0e+00 9.7e-01  8.87273e+02 2.7e-01 0.0e+00 3.4e-01 6.8e-02 2.9e-01 -1.7e+00 0.0e+00 
   4    5    5    0 1.0e+00 1.0e+00 1.0e+00  8.86411e+02 4.0e-02 0.0e+00 1.2e-01 1.7e-02 7.3e-02 -7.5e-01 0.0e+00 
   5    6    6    0 1.0e+00 1.0e+00 1.0e+00  8.86092e+02 3.6e-02 0.0e+00 3.1e-02 4.2e-03 2.0e-02 -2.9e-01 0.0e+00 
   6    7    7    0 1.0e+00 1.0e+00 1.0e+00  8.85989e+02 1.6e-02 0.0e+00 9.5e-03 1.1e-03 5.0e-03 -9.5e-02 0.0e+00 
   7    8    8    0 1.0e+00 1.0e+00 1.0e+00  8.85959e+02 4.5e-03 0.0e+00 1.9e-03 2.6e-04 1.2e-03 -2.8e-02 0.0e+00 
   8    9    9    0 1.0e+00 1.0e+00 1.0e+00  8.85952e+02 5.1e-04 0.0e+00 2.8e-04 6.6e-05 2.7e-04 -5.5e-03 0.0e+00 
   9   10   10    0 1.0e+00 1.0e+00 1.0e+00  8.85951e+02 4.1e-05 0.0e+00 5.6e-05 1.7e-05 6.7e-05 -9.8e-04 0.0e+00 

iter nobj ngrd nhvc   alpha   alphx   alphz         fobj   |opt| |infes|  |dual|      mu    comp   dmerit     rho info
  10   11   11    0 1.0e+00 1.0e+00 1.0e+00  8.85950e+02 2.1e-06 0.0e+00 1.3e-05 4.1e-06 1.7e-05 -2.3e-04 0.0e+00 
  11   12   12    0 1.0e+00 1.0e+00 1.0e+00  8.85950e+02 1.1e-07 0.0e+00 3.1e-06 1.0e-06 4.1e-06 -5.6e-05 0.0e+00 
  12   13   13    0 1.0e+00 1.0e+00 1.0e+00  8.85950e+02 6.9e-09 0.0e+00 7.7e-07 2.6e-07 1.0e-06 -1.4e-05 0.0e+00 
  13   14   14    0 1.0e+00 1.0e+00 1.0e+00  8.85950e+02 4.3e-10 0.0e+00 1.6e-07 1.0e-07 2.6e-07 -3.5e-06 0.0e+00 

ParOpt: Successfully converged to requested tolerance
ParOpt Warning: Variables may be too close to lower bound
ParOptInteriorPoint Parameter Summary:
algorithm                                mma            
mma_init_asymptote_offset                0.5            
mma_max_iterations                       20             
mma_min_asymptote_offset                 0.01           
use_diag_hessian                         True           

iter nobj ngrd nhvc   alpha   alphx   alphz         fobj   |opt| |infes|  |dual|      mu    comp   dmerit     rho info
   0    1    1    0      --      --      --  1.02034e+03 9.5e+02 0.0e+00 7.7e+00 1.1e+00 1.1e+00       --      -- 
   1    2    2    0 1.0e+00 5.0e-01 1.0e+00  1.02437e+03 5.9e+01 0.0e+00 1.3e+00 1.1e+00 1.3e+00 -1.1e+04 0.0e+00 
   2    3    3    0 1.0e+00 1.0e+00 1.0e+00  1.02321e+03 1.5e+01 0.0e+00 2.1e+00 1.1e+00 1.3e+00 -7.7e+00 0.0e+00 
   3    4    4    0 1.0e+00 1.0e+00 1.0e+00  1.02318e+03 4.8e-02 0.0e+00 8.2e-01 2.7e-01 1.0e+00 -1.5e-01 0.0e+00 
   4    5    5    0 1.0e+00 1.0e+00 1.0e+00  1.02111e+03 4.8e-01 0.0e+00 3.4e-01 6.8e-02 2.8e-01 -1.6e+00 0.0e+00 
   5    6    6    0 1.0e+00 1.0e+00 1.0e+00  1.02029e+03 4.2e-02 0.0e+00 1.1e-01 1.7e-02 7.3e-02 -7.0e-01 0.0e+00 
   6    7    7    0 1.0e+00 1.0e+00 1.0e+00  1.02000e+03 4.4e-02 0.0e+00 3.4e-02 4.3e-03 2.0e-02 -2.6e-01 0.0e+00 
   7    8    8    0 1.0e+00 1.0e+00 1.0e+00  1.01989e+03 2.2e-02 0.0e+00 9.6e-03 1.1e-03 5.2e-03 -9.6e-02 0.0e+00 
   8    9    9    0 1.0e+00 1.0e+00 1.0e+00  1.01986e+03 4.5e-03 0.0e+00 1.8e-03 2.7e-04 1.2e-03 -2.9e-02 0.0e+00 
   9   10   10    0 1.0e+00 1.0e+00 1.0e+00  1.01985e+03 7.5e-04 0.0e+00 2.9e-04 6.7e-05 2.7e-04 -5.5e-03 0.0e+00 

iter nobj ngrd nhvc   alpha   alphx   alphz         fobj   |opt| |infes|  |dual|      mu    comp   dmerit     rho info
  10   11   11    0 1.0e+00 1.0e+00 1.0e+00  1.01985e+03 6.7e-05 0.0e+00 5.8e-05 1.7e-05 6.7e-05 -1.0e-03 0.0e+00 
  11   12   12    0 1.0e+00 1.0e+00 1.0e+00  1.01985e+03 3.7e-06 0.0e+00 1.3e-05 4.2e-06 1.7e-05 -2.3e-04 0.0e+00 
  12   13   13    0 1.0e+00 1.0e+00 1.0e+00  1.01985e+03 1.9e-07 0.0e+00 3.1e-06 1.0e-06 4.2e-06 -5.6e-05 0.0e+00 
  13   14   14    0 1.0e+00 1.0e+00 1.0e+00  1.01985e+03 1.2e-08 0.0e+00 7.8e-07 2.6e-07 1.0e-06 -1.4e-05 0.0e+00 
  14   15   15    0 1.0e+00 1.0e+00 1.0e+00  1.01985e+03 7.4e-10 0.0e+00 1.6e-07 1.0e-07 2.6e-07 -3.5e-06 0.0e+00 

ParOpt: Successfully converged to requested tolerance
ParOpt Warning: Variables may be too close to lower bound
ParOptInteriorPoint Parameter Summary:
algorithm                                mma            
mma_init_asymptote_offset                0.5            
mma_max_iterations                       20             
mma_min_asymptote_offset                 0.01           
use_diag_hessian                         True           

iter nobj ngrd nhvc   alpha   alphx   alphz         fobj   |opt| |infes|  |dual|      mu    comp   dmerit     rho info
   0    1    1    0      --      --      --  7.10146e+02 9.4e+02 0.0e+00 5.4e+00 7.6e-01 7.6e-01       --      -- 
   1    2    2    0 1.0e+00 5.0e-01 1.0e+00  7.12560e+02 6.1e+01 0.0e+00 8.3e-01 7.6e-01 8.5e-01 -7.9e+03 0.0e+00 
   2    3    3    0 1.0e+00 1.0e+00 1.0e+00  7.12159e+02 1.2e+01 0.0e+00 1.3e+00 7.6e-01 8.9e-01 -5.7e+00 0.0e+00 
   3    4    4    0 1.0e+00 1.0e+00 1.0e+00  7.12147e+02 1.8e-02 0.0e+00 5.7e-01 1.9e-01 7.4e-01 -6.7e-02 0.0e+00 
   4    5    5    0 1.0e+00 1.0e+00 1.0e+00  7.10725e+02 4.9e-01 0.0e+00 2.4e-01 4.8e-02 2.0e-01 -1.1e+00 0.0e+00 
   5    6    6    0 1.0e+00 1.0e+00 1.0e+00  7.10182e+02 4.4e-02 0.0e+00 7.1e-02 1.2e-02 5.0e-02 -4.5e-01 0.0e+00 
   6    7    7    0 1.0e+00 1.0e+00 1.0e+00  7.10006e+02 2.3e-02 0.0e+00 2.4e-02 3.0e-03 1.3e-02 -1.5e-01 0.0e+00 
   7    8    8    0 1.0e+00 1.0e+00 1.0e+00  7.09945e+02 1.7e-02 0.0e+00 6.4e-03 7.5e-04 3.6e-03 -5.6e-02 0.0e+00 
   8    9    9    0 1.0e+00 1.0e+00 1.0e+00  7.09925e+02 5.1e-03 0.0e+00 1.6e-03 1.9e-04 8.8e-04 -1.8e-02 0.0e+00 
   9   10   10    0 1.0e+00 1.0e+00 1.0e+00  7.09920e+02 7.8e-04 0.0e+00 3.0e-04 4.7e-05 2.0e-04 -4.5e-03 0.0e+00 

iter nobj ngrd nhvc   alpha   alphx   alphz         fobj   |opt| |infes|  |dual|      mu    comp   dmerit     rho info
  10   11   11    0 1.0e+00 1.0e+00 1.0e+00  7.09919e+02 5.0e-04 0.0e+00 3.0e-05 4.7e-05 4.9e-05 -8.0e-04 0.0e+00 
  11   12   12    0 1.0e+00 1.0e+00 1.0e+00  7.09919e+02 1.3e-05 0.0e+00 3.6e-05 1.2e-05 4.7e-05 -9.9e-06 0.0e+00 
  12   13   13    0 1.0e+00 1.0e+00 1.0e+00  7.09919e+02 2.7e-05 0.0e+00 9.6e-06 2.9e-06 1.2e-05 -1.6e-04 0.0e+00 
  13   14   14    0 1.0e+00 1.0e+00 1.0e+00  7.09919e+02 2.4e-06 0.0e+00 2.3e-06 7.3e-07 2.9e-06 -4.0e-05 0.0e+00 
  14   15   15    0 1.0e+00 1.0e+00 1.0e+00  7.09919e+02 1.5e-07 0.0e+00 5.6e-07 1.8e-07 7.3e-07 -9.9e-06 0.0e+00 
  15   16   16    0 1.0e+00 1.0e+00 1.0e+00  7.09919e+02 8.9e-09 0.0e+00 7.7e-08 1.0e-07 1.8e-07 -2.5e-06 0.0e+00 

ParOpt: Successfully converged to requested tolerance
ParOpt Warning: Variables may be too close to lower bound
ParOptInteriorPoint Parameter Summary:
algorithm                                mma            
mma_init_asymptote_offset                0.5            
mma_max_iterations                       20             
mma_min_asymptote_offset                 0.01           
use_diag_hessian                         True           

iter nobj ngrd nhvc   alpha   alphx   alphz         fobj   |opt| |infes|  |dual|      mu    comp   dmerit     rho info
   0    1    1    0      --      --      --  5.24249e+02 1.1e+03 0.0e+00 3.8e+00 5.4e-01 5.4e-01       --      -- 
   1    2    2    0 1.0e+00 5.0e-01 1.0e+00  5.26312e+02 5.0e+01 0.0e+00 6.5e-01 5.4e-01 6.2e-01 -5.5e+03 0.0e+00 
   2    3    3    0 1.0e+00 1.0e+00 1.0e+00  5.25709e+02 1.4e+01 0.0e+00 1.0e+00 5.4e-01 6.3e-01 -4.0e+00 0.0e+00 
   3    4    4    0 1.0e+00 1.0e+00 1.0e+00  5.25682e+02 3.7e-02 0.0e+00 4.0e-01 1.3e-01 5.2e-01 -6.6e-02 0.0e+00 
   4    5    5    0 1.0e+00 1.0e+00 1.0e+00  5.24671e+02 1.8e-01 0.0e+00 1.7e-01 3.3e-02 1.4e-01 -7.8e-01 0.0e+00 
   5    6    6    0 1.0e+00 1.0e+00 1.0e+00  5.24294e+02 2.6e-02 0.0e+00 4.7e-02 8.4e-03 3.5e-02 -3.1e-01 0.0e+00 
   6    7    7    0 1.0e+00 1.0e+00 1.0e+00  5.24169e+02 3.7e-02 0.0e+00 1.6e-02 2.1e-03 9.6e-03 -1.1e-01 0.0e+00 
   7    8    8    0 1.0e+00 1.0e+00 1.0e+00  5.24124e+02 2.1e-02 0.0e+00 4.7e-03 5.2e-04 2.6e-03 -4.2e-02 0.0e+00 
   8    9    9    0 1.0e+00 1.0e+00 1.0e+00  5.24108e+02 4.7e-03 0.0e+00 1.0e-03 1.3e-04 6.1e-04 -1.4e-02 0.0e+00 
   9   10   10    0 1.0e+00 1.0e+00 1.0e+00  5.24105e+02 1.1e-03 0.0e+00 1.7e-04 3.3e-05 1.4e-04 -3.0e-03 0.0e+00 

iter nobj ngrd nhvc   alpha   alphx   alphz         fobj   |opt| |infes|  |dual|      mu    comp   dmerit     rho info
  10   11   11    0 1.0e+00 1.0e+00 1.0e+00  5.24104e+02 2.0e-04 0.0e+00 3.5e-05 8.2e-06 3.4e-05 -5.2e-04 0.0e+00 
  11   12   12    0 1.0e+00 1.0e+00 1.0e+00  5.24104e+02 1.5e-05 0.0e+00 6.7e-06 2.0e-06 8.2e-06 -1.2e-04 0.0e+00 
  12   13   13    0 1.0e+00 1.0e+00 1.0e+00  5.24104e+02 6.9e-07 0.0e+00 1.6e-06 5.1e-07 2.0e-06 -2.8e-05 0.0e+00 
  13   14   14    0 1.0e+00 1.0e+00 1.0e+00  5.24104e+02 3.8e-08 0.0e+00 3.9e-07 1.2e-07 5.1e-07 -6.9e-06 0.0e+00 
  14   15   15    0 1.0e+00 1.0e+00 1.0e+00  5.24104e+02 2.4e-09 0.0e+00 2.0e-08 1.0e-07 1.2e-07 -1.8e-06 0.0e+00 

ParOpt: Successfully converged to requested tolerance
ParOpt Warning: Variables may be too close to lower bound
ParOptInteriorPoint Parameter Summary:
algorithm                                mma            
mma_init_asymptote_offset                0.5            
mma_max_iterations                       20             
mma_min_asymptote_offset                 0.01           
use_diag_hessian                         True           

iter nobj ngrd nhvc   alpha   alphx   alphz         fobj   |opt| |infes|  |dual|      mu    comp   dmerit     rho info
   0    1    1    0      --      --      --  6.26958e+02 1.1e+03 0.0e+00 4.6e+00 5.9e-01 5.9e-01       --      -- 
   1    2    2    0 1.0e+00 3.2e-01 1.0e+00  6.28563e+02 6.6e+01 0.0e+00 6.4e-01 5.9e-01 6.3e-01 -5.9e+03 0.0e+00 
   2    3    3    0 1.0e+00 1.0e+00 1.0e+00  6.28522e+02 1.4e+01 0.0e+00 9.0e-01 5.9e-01 6.7e-01 -5.2e+00 0.0e+00 
   3    4    4    0 1.0e+00 1.0e+00 1.0e+00  6.28524e+02 1.4e-02 0.0e+00 4.4e-01 1.5e-01 5.8e-01 -3.6e-02 0.0e+00 
   4    5    5    0 1.0e+00 1.0e+00 1.0e+00  6.27418e+02 1.5e-01 0.0e+00 1.8e-01 3.7e-02 1.5e-01 -8.5e-01 0.0e+00 
   5    6    6    0 1.0e+00 1.0e+00 1.0e+00  6.27028e+02 1.1e-02 0.0e+00 4.4e-02 9.2e-03 3.8e-02 -3.2e-01 0.0e+00 
   6    7    7    0 1.0e+00 1.0e+00 1.0e+00  6.26914e+02 2.0e-02 0.0e+00 1.6e-02 2.3e-03 9.8e-03 -9.5e-02 0.0e+00 
   7    8    8    0 1.0e+00 1.0e+00 1.0e+00  6.26878e+02 2.1e-02 0.0e+00 4.8e-03 5.7e-04 2.7e-03 -3.2e-02 0.0e+00 
   8    9    9    0 1.0e+00 1.0e+00 1.0e+00  6.26865e+02 7.9e-03 0.0e+00 7.7e-04 5.7e-04 6.7e-04 -1.2e-02 0.0e+00 
   9   10   10    0 1.0e+00 1.0e+00 1.0e+00  6.26863e+02 4.4e-04 0.0e+00 4.7e-04 1.4e-04 5.8e-04 -9.6e-04 0.0e+00 

iter nobj ngrd nhvc   alpha   alphx   alphz         fobj   |opt| |infes|  |dual|      mu    comp   dmerit     rho info
  10   11   11    0 1.0e+00 1.0e+00 1.0e+00  6.26861e+02 9.7e-05 0.0e+00 2.0e-04 3.6e-05 1.5e-04 -1.7e-03 0.0e+00 
  11   12   12    0 1.0e+00 1.0e+00 1.0e+00  6.26860e+02 3.9e-04 0.0e+00 3.6e-05 3.6e-05 3.9e-05 -5.5e-04 0.0e+00 
  12   13   13    0 1.0e+00 1.0e+00 1.0e+00  6.26860e+02 8.5e-05 0.0e+00 3.1e-05 9.0e-06 3.6e-05 -8.0e-06 0.0e+00 
  13   14   14    0 1.0e+00 1.0e+00 1.0e+00  6.26860e+02 2.4e-04 0.0e+00 6.0e-06 9.0e-06 9.4e-06 -1.1e-04 0.0e+00 
  14   15   15    0 1.0e+00 1.0e+00 1.0e+00  6.26860e+02 1.5e-05 0.0e+00 7.3e-06 2.2e-06 9.0e-06 -6.3e-07 0.0e+00 
  15   16   16    0 1.0e+00 1.0e+00 1.0e+00  6.26860e+02 7.9e-05 0.0e+00 1.4e-06 2.2e-06 2.4e-06 -2.8e-05 0.0e+00 
  16   17   17    0 1.0e+00 1.0e+00 1.0e+00  6.26860e+02 4.6e-06 0.0e+00 1.8e-06 5.6e-07 2.3e-06 -1.2e-07 0.0e+00 
  17   18   18    0 1.0e+00 1.0e+00 1.0e+00  6.26860e+02 1.9e-05 0.0e+00 3.0e-07 5.6e-07 5.9e-07 -6.8e-06 0.0e+00 
  18   19   19    0 1.0e+00 1.0e+00 1.0e+00  6.26860e+02 8.6e-07 0.0e+00 4.4e-07 1.3e-07 5.6e-07 -1.7e-08 0.0e+00 
  19   20   20    0 1.0e+00 1.0e+00 1.0e+00  6.26860e+02 3.4e-06 0.0e+00 5.1e-08 1.3e-07 1.4e-07 -1.7e-06 0.0e+00 

iter nobj ngrd nhvc   alpha   alphx   alphz         fobj   |opt| |infes|  |dual|      mu    comp   dmerit     rho info
  20   21   21    0 1.0e+00 1.0e+00 1.0e+00  6.26860e+02 5.4e-08 0.0e+00 3.4e-08 1.0e-07 1.3e-07 -8.8e-10 0.0e+00 

ParOpt: Successfully converged to requested tolerance
ParOpt Warning: Variables may be too close to lower bound
ParOptInteriorPoint Parameter Summary:
algorithm                                mma            
mma_init_asymptote_offset                0.5            
mma_max_iterations                       20             
mma_min_asymptote_offset                 0.01           
use_diag_hessian                         True           

iter nobj ngrd nhvc   alpha   alphx   alphz         fobj   |opt| |infes|  |dual|      mu    comp   dmerit     rho info
   0    1    1    0      --      --      --  4.39841e+02 9.3e+02 0.0e+00 3.2e+00 4.4e-01 4.4e-01       --      -- 
   1    2    2    0 1.0e+00 3.0e-01 1.0e+00  4.40620e+02 4.9e+01 0.0e+00 4.5e-01 4.4e-01 4.4e-01 -4.4e+03 0.0e+00 
   2    3    3    0 1.0e+00 1.0e+00 1.0e+00  4.40981e+02 1.1e+01 0.0e+00 5.2e-01 4.4e-01 4.9e-01 -4.3e+00 0.0e+00 
   3    4    4    0 1.0e+00 1.0e+00 1.0e+00  4.40994e+02 5.4e-03 0.0e+00 3.3e-01 1.1e-01 4.4e-01 -1.6e-02 0.0e+00 
   4    5    5    0 1.0e+00 1.0e+00 1.0e+00  4.40176e+02 1.7e-01 0.0e+00 1.4e-01 2.8e-02 1.1e-01 -6.3e-01 0.0e+00 
   5    6    6    0 1.0e+00 1.0e+00 1.0e+00  4.39879e+02 1.3e-02 0.0e+00 3.7e-02 6.9e-03 2.9e-02 -2.4e-01 0.0e+00 
   6    7    7    0 1.0e+00 1.0e+00 1.0e+00  4.39787e+02 1.2e-02 0.0e+00 1.3e-02 1.7e-03 7.5e-03 -7.8e-02 0.0e+00 
   7    8    8    0 1.0e+00 1.0e+00 1.0e+00  4.39757e+02 1.4e-02 0.0e+00 3.5e-03 4.3e-04 2.0e-03 -2.7e-02 0.0e+00 
   8    9    9    0 1.0e+00 1.0e+00 1.0e+00  4.39746e+02 7.6e-03 0.0e+00 6.0e-04 4.3e-04 5.2e-04 -9.9e-03 0.0e+00 
   9   10   10    0 1.0e+00 1.0e+00 1.0e+00  4.39745e+02 7.9e-04 0.0e+00 3.4e-04 1.1e-04 4.4e-04 -8.9e-04 0.0e+00 

iter nobj ngrd nhvc   alpha   alphx   alphz         fobj   |opt| |infes|  |dual|      mu    comp   dmerit     rho info
  10   11   11    0 1.0e+00 1.0e+00 1.0e+00  4.39743e+02 5.5e-04 0.0e+00 1.2e-04 2.7e-05 1.1e-04 -1.4e-03 0.0e+00 
  11   12   12    0 1.0e+00 1.0e+00 1.0e+00  4.39742e+02 3.3e-04 0.0e+00 1.0e-05 2.7e-05 2.8e-05 -4.1e-04 0.0e+00 
  12   13   13    0 1.0e+00 1.0e+00 1.0e+00  4.39742e+02 5.7e-06 0.0e+00 2.0e-05 6.7e-06 2.7e-05 -2.7e-06 0.0e+00 
  13   14   14    0 1.0e+00 1.0e+00 1.0e+00  4.39742e+02 3.0e-05 0.0e+00 5.6e-06 1.7e-06 6.8e-06 -9.0e-05 0.0e+00 
  14   15   15    0 1.0e+00 1.0e+00 1.0e+00  4.39742e+02 2.9e-06 0.0e+00 1.3e-06 4.2e-07 1.7e-06 -2.3e-05 0.0e+00 
  15   16   16    0 1.0e+00 1.0e+00 1.0e+00  4.39742e+02 1.8e-07 0.0e+00 3.2e-07 1.0e-07 4.2e-07 -5.8e-06 0.0e+00 

ParOpt: Successfully converged to requested tolerance
ParOpt Warning: Variables may be too close to lower bound
ParOptInteriorPoint Parameter Summary:
algorithm                                mma            
mma_init_asymptote_offset                0.5            
mma_max_iterations                       20             
mma_min_asymptote_offset                 0.01           
use_diag_hessian                         True           

iter nobj ngrd nhvc   alpha   alphx   alphz         fobj   |opt| |infes|  |dual|      mu    comp   dmerit     rho info
   0    1    1    0      --      --      --  5.26646e+02 1.1e+03 0.0e+00 3.8e+00 5.1e-01 5.1e-01       --      -- 
   1    2    2    0 1.0e+00 3.1e-01 1.0e+00  5.27980e+02 6.8e+01 0.0e+00 5.5e-01 5.1e-01 5.4e-01 -5.1e+03 0.0e+00 
   2    3    3    0 1.0e+00 1.0e+00 1.0e+00  5.27995e+02 1.5e+01 0.0e+00 7.7e-01 5.1e-01 5.8e-01 -4.6e+00 0.0e+00 
   3    4    4    0 1.0e+00 1.0e+00 1.0e+00  5.28000e+02 1.4e-02 0.0e+00 3.8e-01 1.3e-01 5.0e-01 -3.1e-02 0.0e+00 
   4    5    5    0 1.0e+00 1.0e+00 1.0e+00  5.27044e+02 1.6e-01 0.0e+00 1.6e-01 3.2e-02 1.3e-01 -7.3e-01 0.0e+00 
   5    6    6    0 1.0e+00 1.0e+00 1.0e+00  5.26704e+02 1.2e-02 0.0e+00 3.9e-02 8.0e-03 3.3e-02 -2.8e-01 0.0e+00 
   6    7    7    0 1.0e+00 1.0e+00 1.0e+00  5.26603e+02 2.0e-02 0.0e+00 1.4e-02 2.0e-03 8.6e-03 -8.4e-02 0.0e+00 
   7    8    8    0 1.0e+00 1.0e+00 1.0e+00  5.26571e+02 2.1e-02 0.0e+00 2.7e-03 2.0e-03 2.3e-03 -2.9e-02 0.0e+00 
   8    9    9    0 1.0e+00 1.0e+00 1.0e+00  5.26566e+02 4.9e-03 0.0e+00 1.6e-03 5.0e-04 2.0e-03 -3.8e-03 0.0e+00 
   9   10   10    0 1.0e+00 1.0e+00 1.0e+00  5.26559e+02 1.2e-03 0.0e+00 6.4e-04 1.2e-04 5.2e-04 -5.5e-03 0.0e+00 

iter nobj ngrd nhvc   alpha   alphx   alphz         fobj   |opt| |infes|  |dual|      mu    comp   dmerit     rho info
  10   11   11    0 1.0e+00 1.0e+00 1.0e+00  5.26556e+02 2.6e-04 0.0e+00 2.2e-04 3.1e-05 1.4e-04 -2.0e-03 0.0e+00 
  11   12   12    0 1.0e+00 1.0e+00 1.0e+00  5.26556e+02 6.2e-04 0.0e+00 3.7e-05 3.1e-05 3.4e-05 -5.4e-04 0.0e+00 
  12   13   13    0 1.0e+00 1.0e+00 1.0e+00  5.26556e+02 1.1e-04 0.0e+00 2.8e-05 7.8e-06 3.2e-05 -9.6e-06 0.0e+00 
  13   14   14    0 1.0e+00 1.0e+00 1.0e+00  5.26555e+02 2.4e-04 0.0e+00 5.0e-06 7.8e-06 8.2e-06 -1.0e-04 0.0e+00 
  14   15   15    0 1.0e+00 1.0e+00 1.0e+00  5.26555e+02 1.7e-05 0.0e+00 6.3e-06 1.9e-06 7.8e-06 -8.6e-07 0.0e+00 
  15   16   16    0 1.0e+00 1.0e+00 1.0e+00  5.26555e+02 7.0e-05 0.0e+00 1.1e-06 1.9e-06 2.0e-06 -2.5e-05 0.0e+00 
  16   17   17    0 1.0e+00 1.0e+00 1.0e+00  5.26555e+02 4.5e-06 0.0e+00 1.6e-06 4.9e-07 2.0e-06 -2.2e-07 0.0e+00 
  17   18   18    0 1.0e+00 1.0e+00 1.0e+00  5.26555e+02 1.7e-05 0.0e+00 2.4e-07 4.9e-07 5.1e-07 -6.3e-06 0.0e+00 
  18   19   19    0 1.0e+00 1.0e+00 1.0e+00  5.26555e+02 8.8e-07 0.0e+00 3.9e-07 1.1e-07 4.9e-07 -5.9e-08 0.0e+00 
  19   20   20    0 1.0e+00 1.0e+00 1.0e+00  5.26555e+02 3.2e-06 0.0e+00 4.4e-08 1.1e-07 1.2e-07 -1.7e-06 0.0e+00 

iter nobj ngrd nhvc   alpha   alphx   alphz         fobj   |opt| |infes|  |dual|      mu    comp   dmerit     rho info
  20   21   21    0 1.0e+00 1.0e+00 1.0e+00  5.26555e+02 6.9e-08 0.0e+00 1.5e-08 1.0e-07 1.1e-07 -1.1e-08 0.0e+00 

ParOpt: Successfully converged to requested tolerance
ParOpt Warning: Variables may be too close to lower bound
ParOptInteriorPoint Parameter Summary:
algorithm                                mma            
mma_init_asymptote_offset                0.5            
mma_max_iterations                       20             
mma_min_asymptote_offset                 0.01           
use_diag_hessian                         True           

iter nobj ngrd nhvc   alpha   alphx   alphz         fobj   |opt| |infes|  |dual|      mu    comp   dmerit     rho info
   0    1    1    0      --      --      --  3.69917e+02 9.3e+02 0.0e+00 2.6e+00 3.9e-01 3.9e-01       --      -- 
   1    2    2    0 1.0e+00 2.9e-01 1.0e+00  3.70660e+02 5.2e+01 0.0e+00 4.7e-01 3.9e-01 3.9e-01 -3.9e+03 0.0e+00 
   2    3    3    0 1.0e+00 1.0e+00 1.0e+00  3.70937e+02 2.2e+01 0.0e+00 7.0e-01 3.9e-01 4.5e-01 -3.3e+00 0.0e+00 
   3    4    4    0 1.0e+00 1.0e+00 1.0e+00  3.70948e+02 4.1e-02 0.0e+00 2.9e-01 9.7e-02 3.7e-01 -3.8e-02 0.0e+00 
   4    5    5    0 1.0e+00 1.0e+00 1.0e+00  3.70216e+02 1.8e-01 0.0e+00 1.2e-01 2.4e-02 9.9e-02 -5.7e-01 0.0e+00 
   5    6    6    0 1.0e+00 1.0e+00 1.0e+00  3.69944e+02 2.7e-02 0.0e+00 3.4e-02 6.1e-03 2.5e-02 -2.2e-01 0.0e+00 
   6    7    7    0 1.0e+00 1.0e+00 1.0e+00  3.69855e+02 4.9e-02 0.0e+00 1.2e-02 1.5e-03 6.9e-03 -7.8e-02 0.0e+00 
   7    8    8    0 1.0e+00 1.0e+00 1.0e+00  3.69824e+02 3.2e-02 0.0e+00 2.2e-03 1.5e-03 1.9e-03 -3.0e-02 0.0e+00 
   8    9    9    0 1.0e+00 1.0e+00 1.0e+00  3.69818e+02 5.2e-03 0.0e+00 1.2e-03 3.8e-04 1.5e-03 -3.8e-03 0.0e+00 
   9   10   10    0 1.0e+00 1.0e+00 1.0e+00  3.69812e+02 9.6e-04 0.0e+00 4.4e-04 9.5e-05 3.9e-04 -4.7e-03 0.0e+00 

iter nobj ngrd nhvc   alpha   alphx   alphz         fobj   |opt| |infes|  |dual|      mu    comp   dmerit     rho info
  10   11   11    0 1.0e+00 1.0e+00 1.0e+00  3.69810e+02 7.0e-04 0.0e+00 1.1e-04 2.4e-05 9.9e-05 -1.5e-03 0.0e+00 
  11   12   12    0 1.0e+00 1.0e+00 1.0e+00  3.69810e+02 1.8e-04 0.0e+00 2.4e-05 5.9e-06 2.4e-05 -3.7e-04 0.0e+00 
  12   13   13    0 1.0e+00 1.0e+00 1.0e+00  3.69810e+02 1.6e-05 0.0e+00 4.9e-06 1.5e-06 5.9e-06 -8.6e-05 0.0e+00 
  13   14   14    0 1.0e+00 1.0e+00 1.0e+00  3.69810e+02 8.1e-07 0.0e+00 1.1e-06 3.7e-07 1.5e-06 -2.0e-05 0.0e+00 
  14   15   15    0 1.0e+00 1.0e+00 1.0e+00  3.69810e+02 4.5e-08 0.0e+00 2.7e-07 1.0e-07 3.7e-07 -5.0e-06 0.0e+00 

ParOpt: Successfully converged to requested tolerance
ParOpt Warning: Variables may be too close to lower bound
ParOptInteriorPoint Parameter Summary:
algorithm                                mma            
mma_init_asymptote_offset                0.5            
mma_max_iterations                       20             
mma_min_asymptote_offset                 0.01           
use_diag_hessian                         True           

iter nobj ngrd nhvc   alpha   alphx   alphz         fobj   |opt| |infes|  |dual|      mu    comp   dmerit     rho info
   0    1    1    0      --      --      --  2.58120e+02 9.4e+02 0.0e+00 1.8e+00 3.0e-01 3.0e-01       --      -- 
   1    2    2    0 1.0e+00 2.6e-01 1.0e+00  2.58621e+02 6.1e+01 0.0e+00 3.2e-01 3.0e-01 3.0e-01 -3.0e+03 0.0e+00 
   2    3    3    0 1.0e+00 1.0e+00 1.0e+00  2.58892e+02 1.5e+01 0.0e+00 4.3e-01 3.0e-01 3.4e-01 -2.9e+00 0.0e+00 
   3    4    4    0 1.0e+00 1.0e+00 1.0e+00  2.58905e+02 1.0e-02 0.0e+00 2.3e-01 7.5e-02 3.0e-01 -1.4e-02 0.0e+00 
   4    5    5    0 1.0e+00 1.0e+00 1.0e+00  2.58351e+02 2.3e-01 0.0e+00 9.6e-02 1.9e-02 7.7e-02 -4.2e-01 0.0e+00 
   5    6    6    0 1.0e+00 1.0e+00 1.0e+00  2.58147e+02 1.8e-02 0.0e+00 2.6e-02 4.7e-03 2.0e-02 -1.7e-01 0.0e+00 
   6    7    7    0 1.0e+00 1.0e+00 1.0e+00  2.58083e+02 1.7e-02 0.0e+00 9.0e-03 1.2e-03 5.1e-03 -5.5e-02 0.0e+00 
   7    8    8    0 1.0e+00 1.0e+00 1.0e+00  2.58062e+02 2.1e-02 0.0e+00 1.4e-03 1.2e-03 1.4e-03 -1.8e-02 0.0e+00 
   8    9    9    0 1.0e+00 1.0e+00 1.0e+00  2.58059e+02 5.6e-03 0.0e+00 9.6e-04 2.9e-04 1.2e-03 -2.1e-03 0.0e+00 
   9   10   10    0 1.0e+00 1.0e+00 1.0e+00  2.58055e+02 1.5e-03 0.0e+00 4.0e-04 7.3e-05 3.1e-04 -3.3e-03 0.0e+00 

iter nobj ngrd nhvc   alpha   alphx   alphz         fobj   |opt| |infes|  |dual|      mu    comp   dmerit     rho info
  10   11   11    0 1.0e+00 1.0e+00 1.0e+00  2.58053e+02 3.9e-04 0.0e+00 1.2e-04 1.8e-05 8.0e-05 -1.2e-03 0.0e+00 
  11   12   12    0 1.0e+00 1.0e+00 1.0e+00  2.58053e+02 6.2e-04 0.0e+00 2.2e-05 1.8e-05 2.0e-05 -3.1e-04 0.0e+00 
  12   13   13    0 1.0e+00 1.0e+00 1.0e+00  2.58053e+02 7.6e-05 0.0e+00 1.7e-05 4.6e-06 1.9e-05 -5.8e-06 0.0e+00 
  13   14   14    0 1.0e+00 1.0e+00 1.0e+00  2.58053e+02 1.6e-04 0.0e+00 2.8e-06 4.6e-06 4.8e-06 -6.0e-05 0.0e+00 
  14   15   15    0 1.0e+00 1.0e+00 1.0e+00  2.58053e+02 9.6e-06 0.0e+00 3.7e-06 1.1e-06 4.6e-06 -6.0e-07 0.0e+00 
  15   16   16    0 1.0e+00 1.0e+00 1.0e+00  2.58053e+02 3.4e-05 0.0e+00 5.1e-07 1.1e-06 1.2e-06 -1.5e-05 0.0e+00 
  16   17   17    0 1.0e+00 1.0e+00 1.0e+00  2.58053e+02 1.3e-06 0.0e+00 8.8e-07 2.9e-07 1.1e-06 -1.2e-07 0.0e+00 
  17   18   18    0 1.0e+00 1.0e+00 1.0e+00  2.58053e+02 5.4e-06 0.0e+00 7.5e-08 2.9e-07 2.9e-07 -3.8e-06 0.0e+00 
  18   19   19    0 1.0e+00 1.0e+00 1.0e+00  2.58053e+02 5.7e-08 0.0e+00 1.9e-07 1.0e-07 2.9e-07 -1.4e-08 0.0e+00 

ParOpt: Successfully converged to requested tolerance
ParOpt Warning: Variables may be too close to lower bound
ParOptInteriorPoint Parameter Summary:
algorithm                                mma            
mma_init_asymptote_offset                0.5            
mma_max_iterations                       20             
mma_min_asymptote_offset                 0.01           
use_diag_hessian                         True           

iter nobj ngrd nhvc   alpha   alphx   alphz         fobj   |opt| |infes|  |dual|      mu    comp   dmerit     rho info
   0    1    1    0      --      --      --  1.81206e+02 9.3e+02 0.0e+00 1.2e+00 2.4e-01 2.4e-01       --      -- 
   1    2    2    0 1.0e+00 3.8e-01 1.0e+00  1.81766e+02 5.7e+01 0.0e+00 2.5e-01 2.4e-01 2.5e-01 -2.5e+03 0.0e+00 
   2    3    3    0 1.0e+00 1.0e+00 1.0e+00  1.81823e+02 1.0e+01 0.0e+00 3.3e-01 2.4e-01 2.7e-01 -2.0e+00 0.0e+00 
   3    4    4    0 1.0e+00 1.0e+00 1.0e+00  1.81829e+02 6.9e-03 0.0e+00 1.8e-01 6.1e-02 2.4e-01 -1.1e-02 0.0e+00 
   4    5    5    0 1.0e+00 1.0e+00 1.0e+00  1.81386e+02 3.0e-01 0.0e+00 7.8e-02 1.5e-02 6.2e-02 -3.4e-01 0.0e+00 
   5    6    6    0 1.0e+00 1.0e+00 1.0e+00  1.81214e+02 2.4e-02 0.0e+00 2.3e-02 3.8e-03 1.6e-02 -1.4e-01 0.0e+00 
   6    7    7    0 1.0e+00 1.0e+00 1.0e+00  1.81155e+02 1.0e-02 0.0e+00 7.6e-03 9.5e-04 4.3e-03 -5.1e-02 0.0e+00 
   7    8    8    0 1.0e+00 1.0e+00 1.0e+00  1.81135e+02 1.4e-02 0.0e+00 1.3e-03 9.5e-04 1.2e-03 -1.8e-02 0.0e+00 
   8    9    9    0 1.0e+00 1.0e+00 1.0e+00  1.81132e+02 3.8e-03 0.0e+00 7.7e-04 2.4e-04 9.7e-04 -2.0e-03 0.0e+00 
   9   10   10    0 1.0e+00 1.0e+00 1.0e+00  1.81128e+02 1.0e-03 0.0e+00 2.9e-04 5.9e-05 2.5e-04 -3.0e-03 0.0e+00 

iter nobj ngrd nhvc   alpha   alphx   alphz         fobj   |opt| |infes|  |dual|      mu    comp   dmerit     rho info
  10   11   11    0 1.0e+00 1.0e+00 1.0e+00  1.81127e+02 5.0e-04 0.0e+00 6.6e-05 1.5e-05 6.3e-05 -9.7e-04 0.0e+00 
  11   12   12    0 1.0e+00 1.0e+00 1.0e+00  1.81127e+02 9.0e-05 0.0e+00 1.4e-05 3.7e-06 1.5e-05 -2.4e-04 0.0e+00 
  12   13   13    0 1.0e+00 1.0e+00 1.0e+00  1.81127e+02 6.5e-06 0.0e+00 3.0e-06 9.3e-07 3.7e-06 -5.4e-05 0.0e+00 
  13   14   14    0 1.0e+00 1.0e+00 1.0e+00  1.81127e+02 3.2e-07 0.0e+00 7.0e-07 2.3e-07 9.3e-07 -1.3e-05 0.0e+00 
  14   15   15    0 1.0e+00 1.0e+00 1.0e+00  1.81127e+02 1.9e-08 0.0e+00 1.3e-07 1.0e-07 2.3e-07 -3.2e-06 0.0e+00 

ParOpt: Successfully converged to requested tolerance
