ParOpt Warning: Variables may be too close to upper bound
ParOptInteriorPoint Parameter Summary:
algorithm                                mma            
mma_init_asymptote_offset                0.5            
mma_max_iterations                       10             
mma_min_asymptote_offset                 0.01           
use_diag_hessian                         True           

iter nobj ngrd nhvc   alpha   alphx   alphz         fobj   |opt| |infes|  |dual|      mu    comp   dmerit     rho info
   0    1    1    0      --      --      --  4.63845e+03 4.4e+03 2.2e+03 5.9e+06 4.6e+05 4.6e+05       --      -- 
   1    3    2    0 1.1e-01 3.1e-04 3.1e-02  4.64080e+03 4.4e+03 2.2e+03 5.9e+06 4.6e+05 4.6e+05 -2.6e+05 0.0e+00 
   2    5    3    0 1.1e-01 3.4e-02 8.4e-01  4.91336e+03 4.2e+03 2.2e+03 5.7e+06 4.6e+05 4.8e+05 -3.8e+05 0.0e+00 
   3    5    3    0 1.0e+00 6.4e-01 8.7e-01  4.91336e+03 4.2e+03 2.2e+03 5.7e+06 4.6e+05 4.8e+05  1.7e+05 0.0e+00 LFail SLP 
   4    5    3    0 1.0e+00 6.4e-01 8.7e-01  4.91336e+03 4.2e+03 2.2e+03 6.0e+06 1.2e+05 4.8e+05  1.7e+05 0.0e+00 LFail SLP 
   5    5    3    0 1.0e+00 1.0e+00 8.1e-01  4.91336e+03 4.2e+03 2.2e+03 6.0e+06 1.2e+05 4.8e+05  3.0e+05 1.1e+01 LFail SLP 
   6    5    3    0 1.0e+00 1.0e+00 8.1e-01  4.91336e+03 4.2e+03 2.2e+03 6.1e+06 2.9e+04 4.8e+05  3.0e+05 0.0e+00 LFail SLP 
   7    5    3    0 1.0e+00 1.0e+00 7.9e-01  4.91336e+03 4.2e+03 2.2e+03 6.1e+06 2.9e+04 4.8e+05  2.3e+05 6.8e+00 LFail SLP 
   8    5    3    0 1.0e+00 1.0e+00 7.9e-01  4.91336e+03 4.2e+03 2.2e+03 6.1e+06 7.2e+03 4.8e+05  2.3e+05 0.0e+00 LFail SLP 
   9    5    3    0 1.0e+00 1.0e+00 7.9e-01  4.91336e+03 4.2e+03 2.2e+03 6.1e+06 7.2e+03 4.8e+05  2.1e+05 1.9e+00 LFail SLP 

iter nobj ngrd nhvc   alpha   alphx   alphz         fobj   |opt| |infes|  |dual|      mu    comp   dmerit     rho info
  10    5    3    0 1.0e+00 1.0e+00 7.9e-01  4.91336e+03 4.2e+03 2.2e+03 6.1e+06 1.8e+03 4.8e+05  2.1e+05 0.0e+00 LFail SLP 
  11    5    3    0 1.0e+00 1.0e+00 7.9e-01  4.91336e+03 4.2e+03 2.2e+03 6.1e+06 1.8e+03 4.8e+05  2.1e+05 4.5e-01 LFail SLP 
  12    5    3    0 1.0e+00 1.0e+00 7.9e-01  4.91336e+03 4.2e+03 2.2e+03 6.1e+06 4.5e+02 4.8e+05  2.1e+05 0.0e+00 LFail SLP 
  13    5    3    0 1.0e+00 1.0e+00 7.9e-01  4.91336e+03 4.2e+03 2.2e+03 6.1e+06 4.5e+02 4.8e+05  2.1e+05 7.4e-02 LFail SLP 
  14    5    3    0 1.0e+00 1.0e+00 7.9e-01  4.91336e+03 4.2e+03 2.2e+03 6.1e+06 1.1e+02 4.8e+05  2.1e+05 0.0e+00 LFail SLP 
  15    5    3    0 1.0e+00 1.0e+00 7.9e-01  4.91336e+03 4.2e+03 2.2e+03 6.1e+06 1.1e+02 4.8e+05  2.1e+05 0.0e+00 LFail SLP 
  16    5    3    0 1.0e+00 1.0e+00 7.9e-01  4.91336e+03 4.2e+03 2.2e+03 6.1e+06 2.8e+01 4.8e+05  2.1e+05 0.0e+00 LFail SLP 
  17    5    3    0 1.0e+00 1.0e+00 7.9e-01  4.91336e+03 4.2e+03 2.2e+03 6.1e+06 2.8e+01 4.8e+05  2.1e+05 0.0e+00 LFail SLP 
  18    5    3    0 1.0e+00 1.0e+00 7.9e-01  4.91336e+03 4.2e+03 2.2e+03 6.1e+06 7.1e+00 4.8e+05  2.1e+05 0.0e+00 LFail SLP 
  19    5    3    0 1.0e+00 1.0e+00 7.9e-01  4.91336e+03 4.2e+03 2.2e+03 6.1e+06 7.1e+00 4.8e+05  2.1e+05 0.0e+00 LFail SLP 

iter nobj ngrd nhvc   alpha   alphx   alphz         fobj   |opt| |infes|  |dual|      mu    comp   dmerit     rho info
  20    5    3    0 1.0e+00 1.0e+00 7.9e-01  4.91336e+03 4.2e+03 2.2e+03 6.1e+06 1.8e+00 4.8e+05  2.1e+05 0.0e+00 LFail SLP 
  21    5    3    0 1.0e+00 1.0e+00 7.9e-01  4.91336e+03 4.2e+03 2.2e+03 6.1e+06 1.8e+00 4.8e+05  2.1e+05 0.0e+00 LFail SLP 
  22    5    3    0 1.0e+00 1.0e+00 7.9e-01  4.91336e+03 4.2e+03 2.2e+03 6.1e+06 4.4e-01 4.8e+05  2.1e+05 0.0e+00 LFail SLP 
  23    5    3    0 1.0e+00 1.0e+00 7.9e-01  4.91336e+03 4.2e+03 2.2e+03 6.1e+06 4.4e-01 4.8e+05  2.1e+05 0.0e+00 LFail SLP 
  24    5    3    0 1.0e+00 1.0e+00 7.9e-01  4.91336e+03 4.2e+03 2.2e+03 6.1e+06 1.1e-01 4.8e+05  2.1e+05 0.0e+00 LFail SLP 
  25    5    3    0 1.0e+00 1.0e+00 7.9e-01  4.91336e+03 4.2e+03 2.2e+03 6.1e+06 1.1e-01 4.8e+05  2.1e+05 0.0e+00 LFail SLP 
  26    5    3    0 1.0e+00 1.0e+00 7.9e-01  4.91336e+03 4.2e+03 2.2e+03 6.1e+06 2.8e-02 4.8e+05  2.1e+05 0.0e+00 LFail SLP 
  27    5    3    0 1.0e+00 1.0e+00 8.1e-01  4.91336e+03 4.2e+03 2.2e+03 6.1e+06 2.8e-02 4.8e+05  2.1e+05 0.0e+00 LFail SLP 
  28    5    3    0 1.0e+00 1.0e+00 8.1e-01  4.91336e+03 4.2e+03 2.2e+03 6.1e+06 6.9e-03 4.8e+05  2.1e+05 0.0e+00 LFail SLP 
  29    5    3    0 1.0e+00 1.0e+00 8.2e-01  4.91336e+03 4.2e+03 2.2e+03 6.1e+06 6.9e-03 4.8e+05  2.1e+05 0.0e+00 LFail SLP 

iter nobj ngrd nhvc   alpha   alphx   alphz         fobj   |opt| |infes|  |dual|      mu    comp   dmerit     rho info
  30    5    3    0 1.0e+00 1.0e+00 8.2e-01  4.91336e+03 4.2e+03 2.2e+03 6.1e+06 1.7e-03 4.8e+05  2.1e+05 0.0e+00 LFail SLP 
  31    5    3    0 1.0e+00 1.0e+00 8.3e-01  4.91336e+03 4.2e+03 2.2e+03 6.1e+06 1.7e-03 4.8e+05  2.1e+05 0.0e+00 LFail SLP 
  32    5    3    0 1.0e+00 1.0e+00 8.3e-01  4.91336e+03 4.2e+03 2.2e+03 6.1e+06 4.3e-04 4.8e+05  2.1e+05 0.0e+00 LFail SLP 
  33    5    3    0 1.0e+00 1.0e+00 8.3e-01  4.91336e+03 4.2e+03 2.2e+03 6.1e+06 4.3e-04 4.8e+05  2.1e+05 0.0e+00 LFail SLP 
  34    5    3    0 1.0e+00 1.0e+00 8.3e-01  4.91336e+03 4.2e+03 2.2e+03 6.1e+06 1.1e-04 4.8e+05  2.1e+05 0.0e+00 LFail SLP 
  35    5    3    0 1.0e+00 1.0e+00 8.3e-01  4.91336e+03 4.2e+03 2.2e+03 6.1e+06 1.1e-04 4.8e+05  2.1e+05 0.0e+00 LFail SLP 
  36    5    3    0 1.0e+00 1.0e+00 8.3e-01  4.91336e+03 4.2e+03 2.2e+03 6.1e+06 2.7e-05 4.8e+05  2.1e+05 0.0e+00 LFail SLP 
  37    5    3    0 1.0e+00 1.0e+00 8.3e-01  4.91336e+03 4.2e+03 2.2e+03 6.1e+06 2.7e-05 4.8e+05  2.1e+05 0.0e+00 LFail SLP 
  38    5    3    0 1.0e+00 1.0e+00 8.3e-01  4.91336e+03 4.2e+03 2.2e+03 6.1e+06 6.7e-06 4.8e+05  2.1e+05 0.0e+00 LFail SLP 
  39    5    3    0 1.0e+00 1.0e+00 8.3e-01  4.91336e+03 4.2e+03 2.2e+03 6.1e+06 6.7e-06 4.8e+05  2.1e+05 0.0e+00 LFail SLP 

iter nobj ngrd nhvc   alpha   alphx   alphz         fobj   |opt| |infes|  |dual|      mu    comp   dmerit     rho info
  40    5    3    0 1.0e+00 1.0e+00 8.3e-01  4.91336e+03 4.2e+03 2.2e+03 6.1e+06 1.7e-06 4.8e+05  2.1e+05 0.0e+00 LFail SLP 
  41    5    3    0 1.0e+00 1.0e+00 8.3e-01  4.91336e+03 4.2e+03 2.2e+03 6.1e+06 1.7e-06 4.8e+05  2.1e+05 0.0e+00 LFail SLP 
  42    5    3    0 1.0e+00 1.0e+00 8.3e-01  4.91336e+03 4.2e+03 2.2e+03 6.1e+06 4.2e-07 4.8e+05  2.1e+05 0.0e+00 LFail SLP 
  43    5    3    0 1.0e+00 1.0e+00 8.3e-01  4.91336e+03 4.2e+03 2.2e+03 6.1e+06 4.2e-07 4.8e+05  2.1e+05 0.0e+00 LFail SLP 
  44    5    3    0 1.0e+00 1.0e+00 8.3e-01  4.91336e+03 4.2e+03 2.2e+03 6.1e+06 1.0e-07 4.8e+05  2.1e+05 0.0e+00 LFail SLP 
  45    5    3    0 1.0e+00 1.0e+00 8.3e-01  4.91336e+03 4.2e+03 2.2e+03 6.1e+06 1.0e-07 4.8e+05  2.1e+05 0.0e+00 LFail SLP 
  46    5    3    0 1.0e+00 1.0e+00 8.3e-01  4.91336e+03 4.2e+03 2.2e+03 6.1e+06 1.0e-07 4.8e+05  2.1e+05 0.0e+00 LFail SLP 

ParOpt Warning: Current design point could not be improved. No barrier function decrease in previous two iterations
ParOptInteriorPoint Parameter Summary:
algorithm                                mma            
mma_init_asymptote_offset                0.5            
mma_max_iterations                       10             
mma_min_asymptote_offset                 0.01           
use_diag_hessian                         True           

iter nobj ngrd nhvc   alpha   alphx   alphz         fobj   |opt| |infes|  |dual|      mu    comp   dmerit     rho info
   0    1    1    0      --      --      --  4.69732e+03 9.7e+03 1.0e-01 3.4e+05 3.9e+04 3.9e+04       --      -- 
   1    3    2    0 4.4e-02 8.0e-04 8.0e-02  4.69749e+03 9.7e+03 1.0e-01 3.7e+05 9.7e+03 3.9e+04 -8.2e+03 0.0e+00 
   2    4    3    0 1.0e+00 2.9e-01 1.0e+00  4.94465e+03 6.0e+03 7.3e-02 2.6e+05 9.7e+03 3.6e+04 -1.7e+05 1.9e+05 
   3    5    4    0 1.0e+00 9.9e-01 1.0e+00  4.88231e+03 1.4e+02 5.1e-04 1.1e+04 2.4e+03 9.9e+03 -5.8e+05 0.0e+00 
   4    6    5    0 1.0e+00 1.0e+00 1.0e+00  4.63758e+03 1.1e+01 8.9e-16 2.4e+03 6.0e+02 2.4e+03 -1.9e+04 0.0e+00 
   5    7    6    0 1.0e+00 1.0e+00 1.0e+00  4.10184e+03 1.4e+02 6.7e-16 9.0e+02 1.5e+02 6.2e+02 -3.2e+03 0.0e+00 
   6    8    7    0 1.0e+00 1.0e+00 1.0e+00  3.53738e+03 5.0e+02 0.0e+00 3.0e+02 3.8e+01 1.6e+02 -1.2e+03 0.0e+00 
   7    9    8    0 1.0e+00 9.2e-01 1.0e+00  3.19549e+03 5.2e+02 2.8e-17 5.8e+01 3.8e+01 4.4e+01 -4.5e+02 0.0e+00 
   8   10    9    0 1.0e+00 1.0e+00 1.0e+00  3.09348e+03 6.4e+01 0.0e+00 4.0e+01 9.5e+00 3.8e+01 -1.5e+02 0.0e+00 
   9   11   10    0 1.0e+00 1.0e+00 1.0e+00  3.02014e+03 4.9e+01 2.8e-17 1.4e+01 2.4e+00 9.9e+00 -7.6e+01 0.0e+00 

iter nobj ngrd nhvc   alpha   alphx   alphz         fobj   |opt| |infes|  |dual|      mu    comp   dmerit     rho info
  10   12   11    0 1.0e+00 1.0e+00 1.0e+00  2.98115e+03 2.6e+01 2.8e-17 3.0e+00 2.4e+00 2.7e+00 -3.2e+01 0.0e+00 
  11   13   12    0 1.0e+00 1.0e+00 1.0e+00  2.96635e+03 4.6e+00 2.8e-17 2.2e+00 5.9e-01 2.4e+00 -3.5e+00 0.0e+00 
  12   14   13    0 1.0e+00 1.0e+00 1.0e+00  2.95342e+03 3.3e+00 0.0e+00 8.5e-01 1.5e-01 6.5e-01 -6.3e+00 0.0e+00 
  13   15   14    0 1.0e+00 1.0e+00 1.0e+00  2.94517e+03 1.0e+00 0.0e+00 2.8e-01 3.7e-02 1.8e-01 -2.4e+00 0.0e+00 
  14   16   15    0 1.0e+00 1.0e+00 1.0e+00  2.94115e+03 1.7e-01 5.6e-17 8.2e-02 9.2e-03 4.5e-02 -8.0e-01 0.0e+00 
  15   17   16    0 1.0e+00 1.0e+00 1.0e+00  2.93976e+03 9.9e-03 0.0e+00 2.0e-02 2.3e-03 1.1e-02 -2.3e-01 0.0e+00 
  16   18   17    0 1.0e+00 1.0e+00 1.0e+00  2.93945e+03 7.3e-04 5.6e-17 3.8e-03 5.8e-04 2.5e-03 -5.1e-02 0.0e+00 
  17   19   18    0 1.0e+00 1.0e+00 1.0e+00  2.93939e+03 9.3e-05 5.6e-17 5.8e-04 1.4e-04 5.9e-04 -1.0e-02 0.0e+00 
  18   20   19    0 1.0e+00 1.0e+00 1.0e+00  2.93938e+03 3.2e-06 0.0e+00 1.1e-04 3.6e-05 1.4e-04 -2.1e-03 0.0e+00 
  19   21   20    0 1.0e+00 1.0e+00 1.0e+00  2.93938e+03 1.3e-07 1.1e-16 2.7e-05 9.0e-06 3.6e-05 -4.9e-04 0.0e+00 

iter nobj ngrd nhvc   alpha   alphx   alphz         fobj   |opt| |infes|  |dual|      mu    comp   dmerit     rho info
  20   22   21    0 1.0e+00 1.0e+00 1.0e+00  2.93937e+03 7.6e-09 0.0e+00 6.8e-06 2.3e-06 9.0e-06 -1.2e-04 0.0e+00 
  21   23   22    0 1.0e+00 1.0e+00 1.0e+00  2.93937e+03 4.7e-10 0.0e+00 1.7e-06 5.6e-07 2.3e-06 -3.0e-05 0.0e+00 
  22   24   23    0 1.0e+00 1.0e+00 1.0e+00  2.93937e+03 2.9e-11 5.6e-17 4.3e-07 1.3e-07 5.6e-07 -7.6e-06 0.0e+00 
  23   25   24    0 1.0e+00 1.0e+00 1.0e+00  2.93937e+03 1.9e-12 0.0e+00 3.4e-08 1.0e-07 1.3e-07 -2.0e-06 0.0e+00 

ParOpt: Successfully converged to requested tolerance
ParOpt Warning: Variables may be too close to lower bound
ParOptInteriorPoint Parameter Summary:
algorithm                                mma            
mma_init_asymptote_offset                0.5            
mma_max_iterations                       10             
mma_min_asymptote_offset                 0.01           
use_diag_hessian                         True           

iter nobj ngrd nhvc   alpha   alphx   alphz         fobj   |opt| |infes|  |dual|      mu    comp   dmerit     rho info
   0    1    1    0      --      --      --  2.40584e+03 2.6e+04 1.6e+01 7.9e+05 5.8e+04 5.8e+04       --      -- 
   1    2    2    0 1.0e+00 6.4e-05 6.4e-03  2.49499e+03 1.6e+05 1.6e+01 7.9e+05 5.8e+04 5.8e+04 -1.5e+08 0.0e+00 
   2    3    3    0 1.0e+00 9.3e-03 9.3e-01  2.73894e+03 5.8e+04 1.6e+01 7.4e+05 5.8e+04 1.1e+05 -1.8e+06 0.0e+00 
   3    4    4    0 1.0e+00 1.0e+00 1.0e+00  5.13100e+03 9.9e+03 1.1e-13 8.0e+04 1.4e+04 5.7e+04 -1.3e+06 0.0e+00 
   4    5    5    0 1.0e+00 1.0e+00 1.0e+00  4.74645e+03 4.0e+02 7.1e-15 1.8e+04 3.6e+03 1.4e+04 -6.9e+04 0.0e+00 
   5    6    6    0 1.0e+00 1.0e+00 1.0e+00  4.35801e+03 1.5e+02 8.9e-16 4.2e+03 9.0e+02 3.6e+03 -1.7e+04 0.0e+00 
   6    7    7    0 1.0e+00 1.0e+00 1.0e+00  3.83087e+03 4.2e+01 0.0e+00 1.3e+03 2.3e+02 9.1e+02 -4.6e+03 0.0e+00 
   7    8    8    0 1.0e+00 1.0e+00 1.0e+00  3.29236e+03 8.4e+01 0.0e+00 4.4e+02 5.6e+01 2.4e+02 -1.5e+03 0.0e+00 
   8    9    9    0 1.0e+00 1.0e+00 1.0e+00  2.81927e+03 1.2e+03 1.2e-16 7.6e+01 5.6e+01 6.6e+01 -5.2e+02 0.0e+00 
   9   10   10    0 1.0e+00 1.0e+00 1.0e+00  2.64573e+03 6.1e+02 2.8e-17 8.4e+00 5.6e+01 5.8e+01 -1.3e+02 0.0e+00 

iter nobj ngrd nhvc   alpha   alphx   alphz         fobj   |opt| |infes|  |dual|      mu    comp   dmerit     rho info
  10   11   11    0 1.0e+00 1.0e+00 1.0e+00  2.63850e+03 1.0e+01 1.5e-16 4.2e+01 1.4e+01 5.6e+01 -1.7e+00 0.0e+00 
  11   12   12    0 1.0e+00 1.0e+00 1.0e+00  2.56846e+03 1.1e+02 6.9e-18 1.7e+01 3.5e+00 1.5e+01 -9.7e+01 0.0e+00 
  12   13   13    0 1.0e+00 1.0e+00 1.0e+00  2.53424e+03 5.8e+01 5.0e-17 2.9e+00 3.5e+00 3.8e+00 -3.8e+01 0.0e+00 
  13   14   14    0 1.0e+00 1.0e+00 1.0e+00  2.52802e+03 4.9e+00 3.3e-16 3.1e+00 8.8e-01 3.6e+00 -3.7e+00 0.0e+00 
  14   15   15    0 1.0e+00 1.0e+00 1.0e+00  2.52062e+03 3.9e+00 1.1e-16 1.2e+00 2.2e-01 9.2e-01 -8.2e+00 0.0e+00 
  15   16   16    0 1.0e+00 1.0e+00 1.0e+00  2.51773e+03 1.2e+00 2.6e-16 4.1e-01 5.5e-02 2.5e-01 -3.1e+00 0.0e+00 
  16   17   17    0 1.0e+00 1.0e+00 1.0e+00  2.51703e+03 4.3e-01 5.6e-18 1.3e-01 1.4e-02 6.5e-02 -7.6e-01 0.0e+00 
  17   18   18    0 1.0e+00 1.0e+00 1.0e+00  2.51687e+03 1.6e-01 7.3e-18 2.9e-02 1.4e-02 1.6e-02 -1.9e-01 0.0e+00 
  18   19   19    0 1.0e+00 1.0e+00 1.0e+00  2.51685e+03 2.9e-02 2.6e-16 1.5e-02 3.4e-03 1.4e-02 -8.1e-03 0.0e+00 
  19   20   20    0 1.0e+00 1.0e+00 1.0e+00  2.51682e+03 1.9e-02 1.1e-16 5.5e-03 8.6e-04 3.6e-03 -3.6e-02 0.0e+00 

iter nobj ngrd nhvc   alpha   alphx   alphz         fobj   |opt| |infes|  |dual|      mu    comp   dmerit     rho info
  20   21   21    0 1.0e+00 1.0e+00 1.0e+00  2.51681e+03 7.0e-03 9.7e-17 1.7e-03 2.2e-04 9.3e-04 -9.3e-03 0.0e+00 
  21   22   22    0 1.0e+00 1.0e+00 1.0e+00  2.51681e+03 1.8e-03 3.0e-16 4.2e-04 5.4e-05 2.3e-04 -2.3e-03 0.0e+00 
  22   23   23    0 1.0e+00 1.0e+00 1.0e+00  2.51681e+03 2.3e-04 2.9e-17 7.4e-05 1.3e-05 5.6e-05 -5.2e-04 0.0e+00 
  23   24   24    0 1.0e+00 1.0e+00 1.0e+00  2.51681e+03 9.9e-06 3.2e-17 1.2e-05 3.4e-06 1.4e-05 -1.2e-04 0.0e+00 
  24   25   25    0 1.0e+00 1.0e+00 1.0e+00  2.51681e+03 2.6e-07 6.2e-18 2.6e-06 8.4e-07 3.4e-06 -3.0e-05 0.0e+00 
  25   26   26    0 1.0e+00 1.0e+00 1.0e+00  2.51681e+03 1.3e-08 3.0e-17 6.3e-07 2.1e-07 8.4e-07 -7.6e-06 0.0e+00 
  26   27   27    0 1.0e+00 1.0e+00 1.0e+00  2.51681e+03 8.1e-10 1.9e-16 1.1e-07 1.0e-07 2.1e-07 -1.9e-06 0.0e+00 

ParOpt: Successfully converged to requested tolerance
ParOpt Warning: Variables may be too close to lower bound
ParOptInteriorPoint Parameter Summary:
algorithm                                mma            
mma_init_asymptote_offset                0.5            
mma_max_iterations                       10             
mma_min_asymptote_offset                 0.01           
use_diag_hessian                         True           

iter nobj ngrd nhvc   alpha   alphx   alphz         fobj   |opt| |infes|  |dual|      mu    comp   dmerit     rho info
   0    1    1    0      --      --      --  2.96872e+03 9.1e+03 5.0e-01 6.9e+05 5.4e+04 5.4e+04       --      -- 
   1    2    2    0 1.0e+00 9.4e-05 9.4e-03  2.97918e+03 4.1e+04 5.0e-01 7.0e+05 5.4e+04 5.5e+04 -7.8e+06 0.0e+00 
   2    3    3    0 1.0e+00 1.2e-02 1.0e+00  3.58405e+03 1.7e+05 4.9e-01 6.4e+05 5.4e+04 1.1e+05 -3.5e+06 0.0e+00 
   3    4    4    0 1.0e+00 1.0e+00 1.0e+00  5.02833e+03 2.3e+03 8.5e-14 7.2e+04 1.4e+04 5.3e+04 -9.0e+05 0.0e+00 
   4    5    5    0 1.0e+00 1.0e+00 1.0e+00  4.95825e+03 1.5e+01 3.6e-15 1.6e+04 3.4e+03 1.4e+04 -6.4e+04 0.0e+00 
   5    6    6    0 1.0e+00 1.0e+00 1.0e+00  4.70669e+03 1.1e+01 3.6e-15 3.6e+03 8.5e+02 3.4e+03 -1.6e+04 0.0e+00 
   6    7    7    0 1.0e+00 1.0e+00 1.0e+00  4.18211e+03 2.2e+01 4.4e-16 1.2e+03 2.1e+02 8.6e+02 -4.3e+03 0.0e+00 
   7    8    8    0 1.0e+00 1.0e+00 1.0e+00  3.63139e+03 7.4e+01 2.2e-16 4.1e+02 5.3e+01 2.2e+02 -1.5e+03 0.0e+00 
   8    9    9    0 1.0e+00 1.0e+00 1.0e+00  3.29685e+03 9.8e+01 1.7e-16 1.1e+02 1.3e+01 5.7e+01 -6.1e+02 0.0e+00 
   9   10   10    0 1.0e+00 1.0e+00 1.0e+00  3.18148e+03 4.9e+01 2.8e-17 2.9e+01 3.3e+00 1.5e+01 -2.1e+02 0.0e+00 

iter nobj ngrd nhvc   alpha   alphx   alphz         fobj   |opt| |infes|  |dual|      mu    comp   dmerit     rho info
  10   11   11    0 1.0e+00 1.0e+00 1.0e+00  3.13834e+03 1.0e+02 3.6e-17 4.2e+00 3.3e+00 3.8e+00 -6.3e+01 0.0e+00 
  11   12   12    0 1.0e+00 1.0e+00 1.0e+00  3.12431e+03 2.7e+01 4.3e-17 2.8e+00 8.3e-01 3.4e+00 -9.3e+00 0.0e+00 
  12   13   13    0 1.0e+00 1.0e+00 1.0e+00  3.11496e+03 7.2e+00 3.0e-16 9.6e-01 2.1e-01 8.5e-01 -1.1e+01 0.0e+00 
  13   14   14    0 1.0e+00 1.0e+00 1.0e+00  3.11095e+03 1.3e+00 3.5e-18 2.1e-01 5.2e-02 2.1e-01 -4.1e+00 0.0e+00 
  14   15   15    0 1.0e+00 1.0e+00 1.0e+00  3.11003e+03 6.8e-02 1.1e-16 4.2e-02 1.3e-02 5.2e-02 -9.4e-01 0.0e+00 
  15   16   16    0 1.0e+00 1.0e+00 1.0e+00  3.10983e+03 3.3e-03 6.8e-17 9.9e-03 3.2e-03 1.3e-02 -2.1e-01 0.0e+00 
  16   17   17    0 1.0e+00 1.0e+00 1.0e+00  3.10978e+03 1.9e-04 1.7e-16 2.4e-03 8.1e-04 3.2e-03 -5.1e-02 0.0e+00 
  17   18   18    0 1.0e+00 1.0e+00 1.0e+00  3.10976e+03 1.2e-05 1.1e-17 6.1e-04 2.0e-04 8.1e-04 -1.3e-02 0.0e+00 
  18   19   19    0 1.0e+00 1.0e+00 1.0e+00  3.10976e+03 7.5e-07 7.2e-17 1.5e-04 5.0e-05 2.0e-04 -3.2e-03 0.0e+00 
  19   20   20    0 1.0e+00 1.0e+00 1.0e+00  3.10976e+03 4.7e-08 3.8e-18 3.8e-05 1.3e-05 5.0e-05 -7.9e-04 0.0e+00 

iter nobj ngrd nhvc   alpha   alphx   alphz         fobj   |opt| |infes|  |dual|      mu    comp   dmerit     rho info
  20   21   21    0 1.0e+00 1.0e+00 1.0e+00  3.10976e+03 2.9e-09 3.2e-17 9.4e-06 3.1e-06 1.3e-05 -2.0e-04 0.0e+00 
  21   22   22    0 1.0e+00 1.0e+00 1.0e+00  3.10976e+03 1.8e-10 1.5e-16 2.4e-06 7.9e-07 3.1e-06 -5.0e-05 0.0e+00 
  22   23   23    0 1.0e+00 1.0e+00 1.0e+00  3.10976e+03 1.1e-11 1.8e-16 5.9e-07 1.9e-07 7.9e-07 -1.2e-05 0.0e+00 
  23   24   24    0 1.0e+00 1.0e+00 1.0e+00  3.10976e+03 3.6e-12 2.5e-17 9.3e-08 1.0e-07 1.9e-07 -3.1e-06 0.0e+00 

ParOpt: Successfully converged to requested tolerance
ParOpt Warning: Variables may be too close to lower bound
ParOpt Warning: Variables may be too close to upper bound
ParOptInteriorPoint Parameter Summary:
algorithm                                mma            
mma_init_asymptote_offset                0.5            
mma_max_iterations                       10             
mma_min_asymptote_offset                 0.01           
use_diag_hessian                         True           

iter nobj ngrd nhvc   alpha   alphx   alphz         fobj   |opt| |infes|  |dual|      mu    comp   dmerit     rho info
   0    1    1    0      --      --      --  4.05955e+03 1.7e+03 2.8e-01 3.8e+05 4.1e+04 4.1e+04       --      -- 
   1    2    2    0 1.0e+00 2.1e-04 2.1e-02  4.03677e+03 2.7e+04 2.8e-01 4.1e+05 1.0e+04 4.2e+04 -4.0e+08 0.0e+00 
   2    3    3    0 1.0e+00 1.3e-01 1.0e+00  5.05916e+03 2.0e+04 2.4e-01 3.6e+05 1.0e+04 4.7e+04 -1.2e+06 0.0e+00 
   3    4    4    0 1.0e+00 9.9e-01 1.0e+00  6.20450e+03 1.3e+02 3.6e-03 1.6e+04 2.5e+03 1.1e+04 -6.3e+05 0.0e+00 
   4    5    5    0 1.0e+00 1.0e+00 1.0e+00  5.78198e+03 5.9e+00 2.7e-15 3.2e+03 6.4e+02 2.5e+03 -2.5e+04 0.0e+00 
   5    6    6    0 1.0e+00 1.0e+00 1.0e+00  5.06456e+03 7.5e+01 2.2e-16 1.0e+03 1.6e+02 6.5e+02 -3.7e+03 0.0e+00 
   6    7    7    0 1.0e+00 1.0e+00 1.0e+00  4.43072e+03 3.4e+02 5.6e-17 3.2e+02 4.0e+01 1.7e+02 -1.4e+03 0.0e+00 
   7    8    8    0 1.0e+00 1.0e+00 1.0e+00  4.10766e+03 3.3e+02 1.4e-16 6.7e+01 9.9e+00 4.2e+01 -5.0e+02 0.0e+00 
   8    9    9    0 1.0e+00 1.0e+00 1.0e+00  4.03740e+03 1.6e+02 1.4e-17 1.1e+01 9.9e+00 1.1e+01 -2.1e+02 0.0e+00 
   9   10   10    0 1.0e+00 1.0e+00 1.0e+00  4.02488e+03 3.2e+01 8.3e-17 8.9e+00 2.5e+00 1.0e+01 -1.4e+01 0.0e+00 

iter nobj ngrd nhvc   alpha   alphx   alphz         fobj   |opt| |infes|  |dual|      mu    comp   dmerit     rho info
  10   11   11    0 1.0e+00 1.0e+00 1.0e+00  4.01440e+03 2.1e+01 5.2e-18 3.5e+00 6.2e-01 2.6e+00 -3.0e+01 0.0e+00 
  11   12   12    0 1.0e+00 1.0e+00 1.0e+00  4.00655e+03 1.5e+01 2.1e-17 5.0e-01 6.2e-01 7.2e-01 -1.1e+01 0.0e+00 
  12   13   13    0 1.0e+00 1.0e+00 1.0e+00  4.00547e+03 8.3e-01 1.0e-16 5.0e-01 1.6e-01 6.3e-01 -3.2e-01 0.0e+00 
  13   14   14    0 1.0e+00 1.0e+00 1.0e+00  4.00417e+03 7.0e-01 1.2e-16 1.7e-01 3.9e-02 1.6e-01 -2.1e+00 0.0e+00 
  14   15   15    0 1.0e+00 1.0e+00 1.0e+00  4.00375e+03 8.7e-02 9.7e-18 4.1e-02 9.7e-03 4.0e-02 -5.8e-01 0.0e+00 
  15   16   16    0 1.0e+00 1.0e+00 1.0e+00  4.00365e+03 4.9e-03 4.3e-18 8.3e-03 2.4e-03 9.8e-03 -1.4e-01 0.0e+00 
  16   17   17    0 1.0e+00 1.0e+00 1.0e+00  4.00362e+03 2.6e-04 3.1e-17 1.9e-03 6.1e-04 2.4e-03 -3.4e-02 0.0e+00 
  17   18   18    0 1.0e+00 1.0e+00 1.0e+00  4.00362e+03 1.5e-05 6.5e-17 4.6e-04 1.5e-04 6.1e-04 -8.2e-03 0.0e+00 
  18   19   19    0 1.0e+00 1.0e+00 1.0e+00  4.00361e+03 9.3e-07 5.3e-17 1.1e-04 3.8e-05 1.5e-04 -2.0e-03 0.0e+00 
  19   20   20    0 1.0e+00 1.0e+00 1.0e+00  4.00361e+03 5.8e-08 5.1e-17 2.8e-05 9.5e-06 3.8e-05 -5.1e-04 0.0e+00 

iter nobj ngrd nhvc   alpha   alphx   alphz         fobj   |opt| |infes|  |dual|      mu    comp   dmerit     rho info
  20   21   21    0 1.0e+00 1.0e+00 1.0e+00  4.00361e+03 3.6e-09 6.3e-17 7.1e-06 2.4e-06 9.5e-06 -1.3e-04 0.0e+00 
  21   22   22    0 1.0e+00 1.0e+00 1.0e+00  4.00361e+03 2.3e-10 7.9e-17 1.8e-06 5.9e-07 2.4e-06 -3.2e-05 0.0e+00 
  22   23   23    0 1.0e+00 1.0e+00 1.0e+00  4.00361e+03 1.5e-11 2.9e-17 4.5e-07 1.4e-07 5.9e-07 -8.0e-06 0.0e+00 
  23   24   24    0 1.0e+00 1.0e+00 1.0e+00  4.00361e+03 9.1e-13 1.0e-17 4.1e-08 1.0e-07 1.4e-07 -2.1e-06 0.0e+00 

ParOpt: Successfully converged to requested tolerance
ParOpt Warning: Variables may be too close to lower bound
ParOpt Warning: Variables may be too close to upper bound
ParOptInteriorPoint Parameter Summary:
algorithm                                mma            
mma_init_asymptote_offset                0.5            
mma_max_iterations                       10             
mma_min_asymptote_offset                 0.01           
use_diag_hessian                         True           

iter nobj ngrd nhvc   alpha   alphx   alphz         fobj   |opt| |infes|  |dual|      mu    comp   dmerit     rho info
   0    1    1    0      --      --      --  4.37411e+03 2.7e+02 1.5e-01 4.3e+05 4.3e+04 4.3e+04       --      -- 
   1    2    2    0 1.0e+00 3.7e-04 3.7e-02  4.32695e+03 9.8e+04 1.5e-01 4.3e+05 4.3e+04 4.5e+04 -2.7e+07 0.0e+00 
   2    3    3    0 1.0e+00 4.5e-02 1.0e+00  5.43983e+03 5.4e+04 1.4e-01 4.3e+05 1.1e+04 7.9e+04 -4.0e+06 0.0e+00 
   3    4    4    0 1.0e+00 9.8e-01 1.0e+00  5.72802e+03 4.3e+01 2.6e-03 1.9e+04 2.7e+03 1.1e+04 -6.4e+05 0.0e+00 
   4    5    5    0 1.0e+00 1.0e+00 1.0e+00  5.70419e+03 1.4e+01 2.7e-15 3.4e+03 6.7e+02 2.7e+03 -2.9e+04 0.0e+00 
   5    6    6    0 1.0e+00 1.0e+00 1.0e+00  5.26947e+03 3.3e+00 1.1e-15 8.7e+02 1.7e+02 6.8e+02 -3.6e+03 0.0e+00 
   6    7    7    0 1.0e+00 1.0e+00 1.0e+00  4.74093e+03 1.5e+02 1.7e-16 2.9e+02 4.2e+01 1.8e+02 -1.4e+03 0.0e+00 
   7    8    8    0 1.0e+00 8.7e-01 1.0e+00  4.45370e+03 9.7e+02 1.7e-16 6.5e+01 4.2e+01 5.1e+01 -5.2e+02 0.0e+00 
   8    9    9    0 1.0e+00 1.0e+00 1.0e+00  4.31258e+03 6.3e+02 0.0e+00 8.9e+00 4.2e+01 4.3e+01 -2.0e+02 0.0e+00 
   9   10   10    0 1.0e+00 1.0e+00 1.0e+00  4.31031e+03 4.0e+00 1.4e-17 3.2e+01 1.1e+01 4.2e+01 -2.6e+00 0.0e+00 

iter nobj ngrd nhvc   alpha   alphx   alphz         fobj   |opt| |infes|  |dual|      mu    comp   dmerit     rho info
  10   11   11    0 1.0e+00 1.0e+00 1.0e+00  4.24336e+03 1.1e+02 1.7e-16 6.6e+00 1.1e+01 1.1e+01 -8.7e+01 0.0e+00 
  11   12   12    0 1.0e+00 1.0e+00 1.0e+00  4.22447e+03 7.9e+00 1.9e-16 8.8e+00 2.6e+00 1.1e+01 -9.8e+00 0.0e+00 
  12   13   13    0 1.0e+00 1.0e+00 1.0e+00  4.19777e+03 1.4e+01 1.5e-16 3.5e+00 6.6e-01 2.7e+00 -2.8e+01 0.0e+00 
  13   14   14    0 1.0e+00 1.0e+00 1.0e+00  4.18507e+03 1.4e+00 4.7e-16 1.1e+00 1.6e-01 7.1e-01 -1.2e+01 0.0e+00 
  14   15   15    0 1.0e+00 1.0e+00 1.0e+00  4.18123e+03 7.4e-01 1.8e-16 3.1e-01 4.1e-02 1.8e-01 -3.7e+00 0.0e+00 
  15   16   16    0 1.0e+00 1.0e+00 1.0e+00  4.18008e+03 6.5e-02 1.4e-16 8.3e-02 1.0e-02 4.5e-02 -1.1e+00 0.0e+00 
  16   17   17    0 1.0e+00 1.0e+00 1.0e+00  4.17980e+03 5.6e-03 3.6e-16 1.8e-02 2.6e-03 1.1e-02 -2.6e-01 0.0e+00 
  17   18   18    0 1.0e+00 1.0e+00 1.0e+00  4.17974e+03 1.5e-03 2.6e-16 3.2e-03 6.4e-04 2.6e-03 -5.7e-02 0.0e+00 
  18   19   19    0 1.0e+00 1.0e+00 1.0e+00  4.17973e+03 1.7e-04 2.2e-16 6.0e-04 1.6e-04 6.5e-04 -1.3e-02 0.0e+00 
  19   20   20    0 1.0e+00 1.0e+00 1.0e+00  4.17972e+03 8.7e-06 1.9e-16 1.2e-04 4.0e-05 1.6e-04 -3.0e-03 0.0e+00 

iter nobj ngrd nhvc   alpha   alphx   alphz         fobj   |opt| |infes|  |dual|      mu    comp   dmerit     rho info
  20   21   21    0 1.0e+00 1.0e+00 1.0e+00  4.17972e+03 4.1e-07 3.2e-16 3.0e-05 1.0e-05 4.0e-05 -7.3e-04 0.0e+00 
  21   22   22    0 1.0e+00 1.0e+00 1.0e+00  4.17972e+03 2.5e-08 2.3e-16 7.5e-06 2.5e-06 1.0e-05 -1.8e-04 0.0e+00 
  22   23   23    0 1.0e+00 1.0e+00 1.0e+00  4.17972e+03 1.5e-09 2.8e-17 1.9e-06 6.3e-07 2.5e-06 -4.5e-05 0.0e+00 
  23   24   24    0 1.0e+00 1.0e+00 1.0e+00  4.17972e+03 9.6e-11 2.3e-16 4.8e-07 1.5e-07 6.3e-07 -1.1e-05 0.0e+00 
  24   25   25    0 1.0e+00 1.0e+00 1.0e+00  4.17972e+03 6.2e-12 8.9e-18 5.0e-08 1.0e-07 1.5e-07 -2.9e-06 0.0e+00 

ParOpt: Successfully converged to requested tolerance
ParOpt Warning: Variables may be too close to lower bound
ParOpt Warning: Variables may be too close to upper bound
ParOptInteriorPoint Parameter Summary:
algorithm                                mma            
mma_init_asymptote_offset                0.5            
mma_max_iterations                       10             
mma_min_asymptote_offset                 0.01           
use_diag_hessian                         True           

iter nobj ngrd nhvc   alpha   alphx   alphz         fobj   |opt| |infes|  |dual|      mu    comp   dmerit     rho info
   0    1    1    0      --      --      --  2.67567e+03 3.1e+04 1.7e+01 8.0e+05 5.8e+04 5.8e+04       --      -- 
   1    2    2    0 1.0e+00 1.6e-04 1.6e-02  2.74534e+03 7.4e+04 1.7e+01 8.0e+05 5.8e+04 5.9e+04 -5.9e+08 0.0e+00 
   2    3    3    0 1.0e+00 2.0e-02 1.0e+00  3.13115e+03 1.5e+05 1.7e+01 7.3e+05 5.8e+04 1.0e+05 -1.6e+06 0.0e+00 
   3    4    4    0 1.0e+00 1.0e+00 1.0e+00  5.98628e+03 4.4e+03 2.0e-13 8.0e+04 1.4e+04 5.8e+04 -1.4e+06 0.0e+00 
   4    5    5    0 1.0e+00 1.0e+00 1.0e+00  5.46200e+03 6.3e+01 1.4e-14 1.8e+04 3.6e+03 1.4e+04 -6.6e+04 0.0e+00 
   5    6    6    0 1.0e+00 1.0e+00 1.0e+00  4.90730e+03 2.3e+01 3.6e-15 4.2e+03 9.0e+02 3.6e+03 -1.7e+04 0.0e+00 
   6    7    7    0 1.0e+00 1.0e+00 1.0e+00  4.22141e+03 2.0e+01 8.9e-16 1.4e+03 2.3e+02 9.2e+02 -4.7e+03 0.0e+00 
   7    8    8    0 1.0e+00 1.0e+00 1.0e+00  3.59694e+03 1.7e+01 0.0e+00 4.6e+02 5.7e+01 2.4e+02 -1.6e+03 0.0e+00 
   8    9    9    0 1.0e+00 1.0e+00 1.0e+00  3.12477e+03 4.5e+02 1.1e-16 1.3e+02 1.4e+01 6.4e+01 -6.4e+02 0.0e+00 
   9   10   10    0 1.0e+00 1.0e+00 1.0e+00  2.89741e+03 7.2e+02 2.5e-16 1.7e+01 1.4e+01 1.6e+01 -2.5e+02 0.0e+00 

iter nobj ngrd nhvc   alpha   alphx   alphz         fobj   |opt| |infes|  |dual|      mu    comp   dmerit     rho info
  10   11   11    0 1.0e+00 1.0e+00 1.0e+00  2.86012e+03 2.0e+02 2.6e-16 1.4e+00 1.4e+01 1.4e+01 -2.5e+01 0.0e+00 
  11   12   12    0 1.0e+00 1.0e+00 1.0e+00  2.85911e+03 5.6e-01 7.3e-17 1.1e+01 3.5e+00 1.4e+01 -2.0e-01 0.0e+00 
  12   13   13    0 1.0e+00 1.0e+00 1.0e+00  2.83112e+03 3.9e+01 9.7e-17 1.9e+00 3.5e+00 3.6e+00 -3.3e+01 0.0e+00 
  13   14   14    0 1.0e+00 1.0e+00 1.0e+00  2.82478e+03 4.1e+00 2.1e-16 2.9e+00 8.8e-01 3.5e+00 -2.7e+00 0.0e+00 
  14   15   15    0 1.0e+00 1.0e+00 1.0e+00  2.81450e+03 6.9e+00 2.7e-16 1.1e+00 2.2e-01 9.0e-01 -1.0e+01 0.0e+00 
  15   16   16    0 1.0e+00 1.0e+00 1.0e+00  2.81013e+03 1.4e+00 3.2e-16 3.5e-01 5.5e-02 2.3e-01 -4.2e+00 0.0e+00 
  16   17   17    0 1.0e+00 1.0e+00 1.0e+00  2.80896e+03 9.4e-02 1.8e-16 6.0e-02 1.4e-02 5.6e-02 -1.1e+00 0.0e+00 
  17   18   18    0 1.0e+00 1.0e+00 1.0e+00  2.80870e+03 4.6e-03 2.1e-16 1.1e-02 3.5e-03 1.4e-02 -2.4e-01 0.0e+00 
  18   19   19    0 1.0e+00 1.0e+00 1.0e+00  2.80864e+03 2.5e-04 2.3e-16 2.6e-03 8.6e-04 3.5e-03 -5.5e-02 0.0e+00 
  19   20   20    0 1.0e+00 1.0e+00 1.0e+00  2.80863e+03 1.5e-05 8.9e-17 6.5e-04 2.2e-04 8.6e-04 -1.4e-02 0.0e+00 

iter nobj ngrd nhvc   alpha   alphx   alphz         fobj   |opt| |infes|  |dual|      mu    comp   dmerit     rho info
  20   21   21    0 1.0e+00 1.0e+00 1.0e+00  2.80862e+03 9.5e-07 1.7e-16 1.6e-04 5.4e-05 2.2e-04 -3.4e-03 0.0e+00 
  21   22   22    0 1.0e+00 1.0e+00 1.0e+00  2.80862e+03 5.9e-08 3.6e-17 4.0e-05 1.3e-05 5.4e-05 -8.5e-04 0.0e+00 
  22   23   23    0 1.0e+00 1.0e+00 1.0e+00  2.80862e+03 3.7e-09 2.4e-16 1.0e-05 3.4e-06 1.3e-05 -2.1e-04 0.0e+00 
  23   24   24    0 1.0e+00 1.0e+00 1.0e+00  2.80862e+03 2.3e-10 1.4e-16 2.5e-06 8.4e-07 3.4e-06 -5.3e-05 0.0e+00 
  24   25   25    0 1.0e+00 1.0e+00 1.0e+00  2.80862e+03 1.5e-11 6.2e-17 6.3e-07 2.1e-07 8.4e-07 -1.3e-05 0.0e+00 
  25   26   26    0 1.0e+00 1.0e+00 1.0e+00  2.80862e+03 5.7e-14 2.1e-16 1.1e-07 1.0e-07 2.1e-07 -3.3e-06 0.0e+00 

ParOpt: Successfully converged to requested tolerance
ParOpt Warning: Variables may be too close to lower bound
ParOpt Warning: Variables may be too close to upper bound
ParOptInteriorPoint Parameter Summary:
algorithm                                mma            
mma_init_asymptote_offset                0.5            
mma_max_iterations                       10             
mma_min_asymptote_offset                 0.01           
use_diag_hessian                         True           

iter nobj ngrd nhvc   alpha   alphx   alphz         fobj   |opt| |infes|  |dual|      mu    comp   dmerit     rho info
   0    1    1    0      --      --      --  3.29332e+03 9.2e+03 3.3e+00 7.0e+05 5.4e+04 5.4e+04       --      -- 
   1    2    2    0 1.0e+00 6.0e-05 6.0e-03  3.31158e+03 2.2e+04 3.3e+00 7.0e+05 5.4e+04 5.5e+04 -5.2e+08 0.0e+00 
   2    3    3    0 1.0e+00 1.2e-02 1.0e+00  4.01354e+03 2.8e+05 3.3e+00 6.5e+05 5.4e+04 1.1e+05 -7.9e+06 0.0e+00 
   3    4    4    0 1.0e+00 1.0e+00 1.0e+00  5.43671e+03 9.6e+01 0.0e+00 7.1e+04 1.4e+04 5.5e+04 -1.1e+06 0.0e+00 
   4    5    5    0 1.0e+00 1.0e+00 1.0e+00  5.41036e+03 8.8e-02 1.1e-14 1.6e+04 3.4e+03 1.4e+04 -6.1e+04 0.0e+00 
   5    6    6    0 1.0e+00 1.0e+00 1.0e+00  5.14311e+03 1.9e+00 3.6e-15 3.7e+03 8.5e+02 3.4e+03 -1.5e+04 0.0e+00 
   6    7    7    0 1.0e+00 1.0e+00 1.0e+00  4.55721e+03 9.4e+00 0.0e+00 1.2e+03 2.1e+02 8.6e+02 -4.3e+03 0.0e+00 
   7    8    8    0 1.0e+00 1.0e+00 1.0e+00  3.96297e+03 9.9e+00 0.0e+00 4.1e+02 5.3e+01 2.2e+02 -1.5e+03 0.0e+00 
   8    9    9    0 1.0e+00 1.0e+00 1.0e+00  3.62518e+03 1.0e+01 1.1e-16 1.2e+02 1.3e+01 5.7e+01 -5.5e+02 0.0e+00 
   9   10   10    0 1.0e+00 1.0e+00 1.0e+00  3.55401e+03 2.4e+02 0.0e+00 1.9e+01 1.3e+01 1.6e+01 -1.6e+02 0.0e+00 

iter nobj ngrd nhvc   alpha   alphx   alphz         fobj   |opt| |infes|  |dual|      mu    comp   dmerit     rho info
  10   11   11    0 1.0e+00 1.0e+00 1.0e+00  3.54001e+03 6.9e+01 1.4e-16 1.2e+01 3.3e+00 1.3e+01 -2.4e+01 0.0e+00 
  11   12   12    0 1.0e+00 1.0e+00 1.0e+00  3.54247e+03 4.5e+01 7.6e-17 2.0e+00 3.3e+00 3.5e+00 -2.8e+01 0.0e+00 
  12   13   13    0 1.0e+00 1.0e+00 1.0e+00  3.54692e+03 5.2e+00 1.3e-16 2.7e+00 8.3e-01 3.3e+00 -1.9e+00 0.0e+00 
  13   14   14    0 1.0e+00 1.0e+00 1.0e+00  3.55247e+03 1.1e+01 8.0e-17 4.4e-01 8.3e-01 8.7e-01 -8.5e+00 0.0e+00 
  14   15   15    0 1.0e+00 1.0e+00 1.0e+00  3.55531e+03 1.2e+00 1.4e-17 6.6e-01 2.1e-01 8.3e-01 -1.9e-01 0.0e+00 
  15   16   16    0 1.0e+00 1.0e+00 1.0e+00  3.55901e+03 2.9e+00 1.4e-16 9.3e-02 2.1e-01 2.2e-01 -2.3e+00 0.0e+00 
  16   17   17    0 1.0e+00 1.0e+00 1.0e+00  3.56015e+03 1.9e-01 2.8e-16 1.6e-01 5.2e-02 2.1e-01 -2.5e-02 0.0e+00 
  17   18   18    0 1.0e+00 1.0e+00 1.0e+00  3.56184e+03 5.1e-01 2.2e-16 5.4e-02 1.3e-02 5.3e-02 -5.7e-01 0.0e+00 
  18   19   19    0 1.0e+00 1.0e+00 1.0e+00  3.56263e+03 1.0e-01 9.6e-17 1.3e-02 3.2e-03 1.3e-02 -1.6e-01 0.0e+00 
  19   20   20    0 1.0e+00 1.0e+00 1.0e+00  3.56284e+03 7.1e-03 6.7e-17 2.6e-03 8.1e-04 3.3e-03 -3.9e-02 0.0e+00 

iter nobj ngrd nhvc   alpha   alphx   alphz         fobj   |opt| |infes|  |dual|      mu    comp   dmerit     rho info
  20   21   21    0 1.0e+00 1.0e+00 1.0e+00  3.56288e+03 3.2e-04 7.7e-17 6.2e-04 2.0e-04 8.1e-04 -9.3e-03 0.0e+00 
  21   22   22    0 1.0e+00 1.0e+00 1.0e+00  3.56289e+03 1.8e-05 7.7e-17 1.5e-04 5.1e-05 2.0e-04 -2.3e-03 0.0e+00 
  22   23   23    0 1.0e+00 1.0e+00 1.0e+00  3.56290e+03 1.1e-06 1.1e-17 3.8e-05 1.3e-05 5.1e-05 -5.7e-04 0.0e+00 
  23   24   24    0 1.0e+00 1.0e+00 1.0e+00  3.56290e+03 6.7e-08 4.1e-17 9.5e-06 3.2e-06 1.3e-05 -1.4e-04 0.0e+00 
  24   25   25    0 1.0e+00 1.0e+00 1.0e+00  3.56290e+03 4.2e-09 3.1e-17 2.4e-06 7.9e-07 3.2e-06 -3.6e-05 0.0e+00 
  25   26   26    0 1.0e+00 1.0e+00 1.0e+00  3.56290e+03 2.7e-10 1.2e-16 6.0e-07 1.9e-07 7.9e-07 -8.9e-06 0.0e+00 
  26   27   27    0 1.0e+00 1.0e+00 1.0e+00  3.56290e+03 1.3e-11 5.9e-17 9.4e-08 1.0e-07 1.9e-07 -2.3e-06 0.0e+00 

ParOpt: Successfully converged to requested tolerance
ParOpt Warning: Variables may be too close to lower bound
ParOpt Warning: Variables may be too close to upper bound
ParOptInteriorPoint Parameter Summary:
algorithm                                mma            
mma_init_asymptote_offset                0.5            
mma_max_iterations                       10             
mma_min_asymptote_offset                 0.01           
use_diag_hessian                         True           

iter nobj ngrd nhvc   alpha   alphx   alphz         fobj   |opt| |infes|  |dual|      mu    comp   dmerit     rho info
   0    1    1    0      --      --      --  4.52567e+03 2.5e+03 1.2e-01 3.4e+05 3.9e+04 3.9e+04       --      -- 
   1    2    2    0 1.0e+00 9.5e-05 9.5e-03  4.59350e+03 2.2e+04 1.2e-01 3.7e+05 9.7e+03 3.9e+04 -4.3e+08 0.0e+00 
   2    3    3    0 1.0e+00 5.1e-02 1.0e+00  4.73802e+03 2.4e+04 1.2e-01 3.5e+05 9.7e+03 4.9e+04 -2.3e+05 0.0e+00 
   3    4    4    0 1.0e+00 9.8e-01 1.0e+00  8.01836e+03 2.2e+02 2.2e-03 1.6e+04 2.4e+03 1.0e+04 -7.2e+05 0.0e+00 
   4    5    5    0 1.0e+00 1.0e+00 1.0e+00  6.96729e+03 1.9e+01 1.8e-15 3.2e+03 6.0e+02 2.4e+03 -2.6e+04 0.0e+00 
   5    6    6    0 1.0e+00 1.0e+00 1.0e+00  5.79802e+03 2.4e+01 4.4e-16 1.1e+03 1.5e+02 6.3e+02 -3.9e+03 0.0e+00 
   6    7    7    0 1.0e+00 1.0e+00 1.0e+00  4.99924e+03 1.3e+02 1.7e-16 3.5e+02 3.8e+01 1.6e+02 -1.4e+03 0.0e+00 
   7    8    8    0 1.0e+00 9.9e-01 1.0e+00  4.60896e+03 2.1e+02 1.7e-16 8.4e+01 9.4e+00 4.1e+01 -4.9e+02 0.0e+00 
   8    9    9    0 1.0e+00 1.0e+00 9.8e-01  4.54867e+03 1.4e+01 1.4e-17 2.1e+01 2.4e+00 1.1e+01 -1.0e+02 0.0e+00 
   9   10   10    0 1.0e+00 1.0e+00 1.0e+00  4.53896e+03 4.3e+00 4.9e-17 5.0e+00 5.9e-01 2.8e+00 -4.7e+01 0.0e+00 

iter nobj ngrd nhvc   alpha   alphx   alphz         fobj   |opt| |infes|  |dual|      mu    comp   dmerit     rho info
  10   11   11    0 1.0e+00 1.0e+00 1.0e+00  4.55113e+03 5.0e+00 9.7e-17 1.4e+00 1.5e-01 7.5e-01 -1.2e+01 0.0e+00 
  11   12   12    0 1.0e+00 1.0e+00 1.0e+00  4.55712e+03 7.7e-01 9.1e-18 3.1e-01 3.7e-02 1.8e-01 -3.5e+00 0.0e+00 
  12   13   13    0 1.0e+00 1.0e+00 1.0e+00  4.55821e+03 1.8e-01 4.1e-17 6.4e-02 9.2e-03 4.1e-02 -9.5e-01 0.0e+00 
  13   14   14    0 1.0e+00 1.0e+00 1.0e+00  4.55826e+03 1.6e-02 3.0e-17 1.1e-02 2.3e-03 9.6e-03 -1.9e-01 0.0e+00 
  14   15   15    0 1.0e+00 1.0e+00 1.0e+00  4.55828e+03 5.1e-04 7.5e-17 2.2e-03 5.8e-04 2.3e-03 -3.5e-02 0.0e+00 
  15   16   16    0 1.0e+00 1.0e+00 1.0e+00  4.55828e+03 1.7e-05 1.3e-17 4.5e-04 1.4e-04 5.8e-04 -7.9e-03 0.0e+00 
  16   17   17    0 1.0e+00 1.0e+00 1.0e+00  4.55828e+03 9.8e-07 2.9e-17 1.1e-04 3.6e-05 1.4e-04 -1.9e-03 0.0e+00 
  17   18   18    0 1.0e+00 1.0e+00 1.0e+00  4.55828e+03 6.0e-08 9.6e-18 2.7e-05 9.0e-06 3.6e-05 -4.9e-04 0.0e+00 
  18   19   19    0 1.0e+00 1.0e+00 1.0e+00  4.55828e+03 3.8e-09 3.4e-17 6.7e-06 2.2e-06 9.0e-06 -1.2e-04 0.0e+00 
  19   20   20    0 1.0e+00 1.0e+00 1.0e+00  4.55828e+03 2.4e-10 1.7e-17 1.7e-06 5.6e-07 2.2e-06 -3.0e-05 0.0e+00 

iter nobj ngrd nhvc   alpha   alphx   alphz         fobj   |opt| |infes|  |dual|      mu    comp   dmerit     rho info
  20   21   21    0 1.0e+00 1.0e+00 1.0e+00  4.55828e+03 1.5e-11 3.0e-17 4.3e-07 1.3e-07 5.6e-07 -7.6e-06 0.0e+00 
  21   22   22    0 1.0e+00 1.0e+00 1.0e+00  4.55828e+03 1.8e-12 1.1e-17 3.3e-08 1.0e-07 1.3e-07 -2.0e-06 0.0e+00 

ParOpt: Successfully converged to requested tolerance
ParOpt Warning: Variables may be too close to lower bound
ParOpt Warning: Variables may be too close to upper bound
ParOptInteriorPoint Parameter Summary:
algorithm                                mma            
mma_init_asymptote_offset                0.5            
mma_max_iterations                       10             
mma_min_asymptote_offset                 0.01           
use_diag_hessian                         True           

iter nobj ngrd nhvc   alpha   alphx   alphz         fobj   |opt| |infes|  |dual|      mu    comp   dmerit     rho info
   0    1    1    0      --      --      --  3.41222e+03 3.8e+03 2.7e-01 2.5e+05 3.3e+04 3.3e+04       --      -- 
   1    2    2    0 1.0e+00 8.8e-05 8.8e-03  3.40549e+03 1.1e+04 2.7e-01 2.7e+05 8.2e+03 3.3e+04 -4.3e+08 0.0e+00 
   2    3    3    0 1.0e+00 6.6e-02 1.0e+00  4.02167e+03 9.0e+03 2.5e-01 2.5e+05 8.2e+03 3.8e+04 -8.7e+05 0.0e+00 
   3    4    4    0 1.0e+00 9.8e-01 1.0e+00  4.86012e+03 2.1e+01 4.5e-03 1.1e+04 2.1e+03 8.9e+03 -5.3e+05 0.0e+00 
   4    5    5    0 1.0e+00 1.0e+00 1.0e+00  4.64162e+03 1.6e+00 1.8e-15 1.9e+03 5.1e+02 2.1e+03 -2.2e+04 0.0e+00 
   5    6    6    0 1.0e+00 1.0e+00 1.0e+00  4.15863e+03 1.4e+01 2.2e-16 7.3e+02 1.3e+02 5.2e+02 -2.7e+03 0.0e+00 
   6    7    7    0 1.0e+00 1.0e+00 1.0e+00  3.67572e+03 1.1e+02 1.1e-16 2.5e+02 3.2e+01 1.4e+02 -9.5e+02 0.0e+00 
   7    8    8    0 1.0e+00 1.0e+00 9.9e-01  3.38375e+03 2.6e+02 7.6e-17 6.5e+01 8.0e+00 3.5e+01 -3.8e+02 0.0e+00 
   8    9    9    0 1.0e+00 1.0e+00 1.0e+00  3.26714e+03 1.9e+02 1.9e-16 7.8e+00 8.0e+00 8.6e+00 -1.4e+02 0.0e+00 
   9   10   10    0 1.0e+00 1.0e+00 1.0e+00  3.26130e+03 1.6e+01 4.9e-17 6.7e+00 2.0e+00 8.1e+00 -3.4e+00 0.0e+00 

iter nobj ngrd nhvc   alpha   alphx   alphz         fobj   |opt| |infes|  |dual|      mu    comp   dmerit     rho info
  10   11   11    0 1.0e+00 1.0e+00 1.0e+00  3.24872e+03 6.9e+00 5.7e-17 2.1e+00 5.0e-01 2.0e+00 -1.9e+01 0.0e+00 
  11   12   12    0 1.0e+00 1.0e+00 1.0e+00  3.24569e+03 1.2e+00 3.5e-18 7.7e-01 1.3e-01 5.2e-01 -5.3e+00 0.0e+00 
  12   13   13    0 1.0e+00 1.0e+00 1.0e+00  3.24457e+03 1.0e-01 8.8e-17 2.4e-01 3.1e-02 1.3e-01 -1.7e+00 0.0e+00 
  13   14   14    0 1.0e+00 1.0e+00 1.0e+00  3.24414e+03 1.9e-02 1.6e-17 5.7e-02 7.9e-03 3.3e-02 -5.5e-01 0.0e+00 
  14   15   15    0 1.0e+00 1.0e+00 1.0e+00  3.24403e+03 8.5e-03 4.9e-17 1.7e-02 2.0e-03 8.4e-03 -1.4e-01 0.0e+00 
  15   16   16    0 1.0e+00 1.0e+00 1.0e+00  3.24400e+03 1.1e-03 9.0e-18 3.4e-03 4.9e-04 2.1e-03 -3.7e-02 0.0e+00 
  16   17   17    0 1.0e+00 1.0e+00 1.0e+00  3.24399e+03 1.1e-03 2.0e-16 6.6e-04 1.2e-04 5.1e-04 -8.1e-03 0.0e+00 
  17   18   18    0 1.0e+00 1.0e+00 1.0e+00  3.24399e+03 1.3e-04 1.6e-16 1.2e-04 3.1e-05 1.2e-04 -1.9e-03 0.0e+00 
  18   19   19    0 1.0e+00 1.0e+00 1.0e+00  3.24399e+03 6.5e-06 2.3e-16 2.4e-05 7.7e-06 3.1e-05 -4.4e-04 0.0e+00 
  19   20   20    0 1.0e+00 1.0e+00 1.0e+00  3.24399e+03 2.8e-07 1.5e-17 5.8e-06 1.9e-06 7.7e-06 -1.0e-04 0.0e+00 

iter nobj ngrd nhvc   alpha   alphx   alphz         fobj   |opt| |infes|  |dual|      mu    comp   dmerit     rho info
  20   21   21    0 1.0e+00 1.0e+00 1.0e+00  3.24399e+03 1.6e-08 1.2e-16 1.4e-06 4.8e-07 1.9e-06 -2.6e-05 0.0e+00 
  21   22   22    0 1.0e+00 1.0e+00 1.0e+00  3.24399e+03 1.0e-09 1.2e-16 3.7e-07 1.1e-07 4.8e-07 -6.5e-06 0.0e+00 
  22   23   23    0 1.0e+00 1.0e+00 1.0e+00  3.24399e+03 6.6e-11 1.3e-16 1.2e-08 1.0e-07 1.1e-07 -1.7e-06 0.0e+00 

ParOpt: Successfully converged to requested tolerance
