ParOptInteriorPoint Parameter Summary:
algorithm                                mma            
use_diag_hessian                         True           

iter nobj ngrd nhvc   alpha   alphx   alphz         fobj   |opt| |infes|  |dual|      mu    comp   dmerit     rho info
   0    1    1    0      --      --      --  6.18506e+00 4.1e+00 0.0e+00 6.6e-10 1.4e+00 1.4e+00       --      -- 
   1    2    2    0 1.0e+00 1.0e+00 1.0e+00  4.68112e+00 8.9e-01 0.0e+00 8.7e-01 3.5e-01 1.2e+00 -2.0e+00 0.0e+00 
   2    3    3    0 1.0e+00 1.0e+00 1.0e+00  4.05515e+00 1.4e-01 0.0e+00 4.2e-01 8.7e-02 3.4e-01 -5.9e-01 0.0e+00 
   3    4    4    0 1.0e+00 1.0e+00 1.0e+00  3.55820e+00 8.5e-02 0.0e+00 1.4e-01 2.2e-02 1.2e-01 -4.9e-01 0.0e+00 
   4    5    5    0 1.0e+00 1.0e+00 1.0e+00  3.32953e+00 9.5e-03 0.0e+00 3.0e-02 5.4e-03 2.7e-02 -2.2e-01 0.0e+00 
   5    6    6    0 1.0e+00 1.0e+00 1.0e+00  3.27376e+00 3.3e-03 0.0e+00 5.3e-03 1.4e-03 5.9e-03 -4.8e-02 0.0e+00 
   6    7    7    0 1.0e+00 1.0e+00 1.0e+00  3.26349e+00 3.0e-04 0.0e+00 1.1e-03 3.4e-04 1.4e-03 -8.2e-03 0.0e+00 
   7    8    8    0 1.0e+00 1.0e+00 1.0e+00  3.26130e+00 1.7e-05 0.0e+00 2.6e-04 8.5e-05 3.4e-04 -1.7e-03 0.0e+00 
   8    9    9    0 1.0e+00 1.0e+00 1.0e+00  3.26079e+00 9.8e-07 0.0e+00 6.4e-05 2.1e-05 8.5e-05 -3.9e-04 0.0e+00 
   9   10   10    0 1.0e+00 1.0e+00 1.0e+00  3.26066e+00 6.1e-08 0.0e+00 1.6e-05 5.3e-06 2.1e-05 -9.6e-05 0.0e+00 

iter nobj ngrd nhvc   alpha   alphx   alphz         fobj   |opt| |infes|  |dual|      mu    comp   dmerit     rho info
  10   11   11    0 1.0e+00 1.0e+00 1.0e+00  3.26063e+00 3.8e-09 0.0e+00 4.0e-06 1.3e-06 5.3e-06 -2.4e-05 0.0e+00 
  11   12   12    0 1.0e+00 1.0e+00 1.0e+00  3.26062e+00 2.4e-10 0.0e+00 1.0e-06 3.3e-07 1.3e-06 -6.0e-06 0.0e+00 
  12   13   13    0 1.0e+00 1.0e+00 1.0e+00  3.26062e+00 1.5e-11 0.0e+00 2.3e-07 1.0e-07 3.3e-07 -1.5e-06 0.0e+00 

ParOpt: Successfully converged to requested tolerance
ParOptInteriorPoint Parameter Summary:
algorithm                                mma            
use_diag_hessian                         True           

iter nobj ngrd nhvc   alpha   alphx   alphz         fobj   |opt| |infes|  |dual|      mu    comp   dmerit     rho info
   0    1    1    0      --      --      --  1.79634e+00 1.2e+00 0.0e+00 2.0e-01 4.7e-01 4.7e-01       --      -- 
   1    2    2    0 1.0e+00 1.0e+00 1.0e+00  1.74869e+00 2.6e-03 0.0e+00 3.5e-01 1.2e-01 4.6e-01 -7.0e-03 0.0e+00 
   2    3    3    0 1.0e+00 1.0e+00 1.0e+00  1.59181e+00 2.9e-02 0.0e+00 1.5e-01 3.0e-02 1.3e-01 -1.3e-01 0.0e+00 
   3    4    4    0 1.0e+00 1.0e+00 1.0e+00  1.42190e+00 3.5e-02 0.0e+00 4.9e-02 7.4e-03 4.0e-02 -1.6e-01 0.0e+00 
   4    5    5    0 1.0e+00 1.0e+00 1.0e+00  1.33919e+00 7.9e-03 0.0e+00 1.0e-02 1.9e-03 9.1e-03 -7.7e-02 0.0e+00 
   5    6    6    0 1.0e+00 1.0e+00 1.0e+00  1.31988e+00 4.2e-04 0.0e+00 1.6e-03 4.6e-04 1.9e-03 -1.7e-02 0.0e+00 
   6    7    7    0 1.0e+00 1.0e+00 1.0e+00  1.31665e+00 1.2e-05 0.0e+00 3.6e-04 1.2e-04 4.7e-04 -2.5e-03 0.0e+00 
   7    8    8    0 1.0e+00 1.0e+00 1.0e+00  1.31594e+00 5.7e-07 0.0e+00 8.7e-05 2.9e-05 1.2e-04 -5.4e-04 0.0e+00 
   8    9    9    0 1.0e+00 1.0e+00 1.0e+00  1.31576e+00 3.4e-08 0.0e+00 2.2e-05 7.2e-06 2.9e-05 -1.3e-04 0.0e+00 
   9   10   10    0 1.0e+00 1.0e+00 1.0e+00  1.31572e+00 2.1e-09 0.0e+00 5.4e-06 1.8e-06 7.2e-06 -3.3e-05 0.0e+00 

iter nobj ngrd nhvc   alpha   alphx   alphz         fobj   |opt| |infes|  |dual|      mu    comp   dmerit     rho info
  10   11   11    0 1.0e+00 1.0e+00 1.0e+00  1.31571e+00 1.3e-10 0.0e+00 1.4e-06 4.5e-07 1.8e-06 -8.1e-06 0.0e+00 
  11   12   12    0 1.0e+00 1.0e+00 1.0e+00  1.31571e+00 8.2e-12 0.0e+00 3.5e-07 1.1e-07 4.5e-07 -2.0e-06 0.0e+00 
  12   13   13    0 1.0e+00 1.0e+00 1.0e+00  1.31571e+00 5.4e-13 0.0e+00 5.0e-09 1.0e-07 1.1e-07 -5.3e-07 0.0e+00 

ParOpt: Successfully converged to requested tolerance
ParOpt Warning: Variables may be too close to lower bound
ParOptInteriorPoint Parameter Summary:
algorithm                                mma            
use_diag_hessian                         True           

iter nobj ngrd nhvc   alpha   alphx   alphz         fobj   |opt| |infes|  |dual|      mu    comp   dmerit     rho info
   0    1    1    0      --      --      --  1.80439e+00 1.0e+00 0.0e+00 4.0e-01 4.0e-01 4.0e-01       --      -- 
   1    2    2    0 1.0e+00 1.0e+00 1.0e+00  3.27587e+00 1.4e+00 0.0e+00 1.1e+00 1.0e-01 7.9e-01 -4.0e+03 0.0e+00 
   2    3    3    0 1.0e+00 1.0e+00 8.6e-01  2.53926e+00 5.3e-01 0.0e+00 3.7e-01 2.5e-02 2.1e-01 -9.5e-01 0.0e+00 
   3    4    4    0 1.0e+00 1.0e+00 1.0e+00  2.03128e+00 2.8e-01 0.0e+00 7.8e-02 2.5e-02 6.3e-02 -6.2e-01 0.0e+00 
   4    5    5    0 1.0e+00 1.0e+00 1.0e+00  1.84922e+00 3.3e-02 0.0e+00 1.9e-02 6.3e-03 2.4e-02 -1.7e-01 0.0e+00 
   5    6    6    0 1.0e+00 1.0e+00 1.0e+00  1.81757e+00 9.4e-04 0.0e+00 5.2e-03 1.6e-03 6.4e-03 -2.4e-02 0.0e+00 
   6    7    7    0 1.0e+00 1.0e+00 1.0e+00  1.80753e+00 9.4e-05 0.0e+00 1.3e-03 4.0e-04 1.6e-03 -7.7e-03 0.0e+00 
   7    8    8    0 1.0e+00 1.0e+00 1.0e+00  1.80503e+00 5.8e-06 0.0e+00 3.0e-04 9.9e-05 4.0e-04 -1.9e-03 0.0e+00 
   8    9    9    0 1.0e+00 1.0e+00 1.0e+00  1.80442e+00 3.4e-07 0.0e+00 7.4e-05 2.5e-05 9.9e-05 -4.5e-04 0.0e+00 
   9   10   10    0 1.0e+00 1.0e+00 1.0e+00  1.80427e+00 2.0e-08 0.0e+00 1.9e-05 6.2e-06 2.5e-05 -1.1e-04 0.0e+00 

iter nobj ngrd nhvc   alpha   alphx   alphz         fobj   |opt| |infes|  |dual|      mu    comp   dmerit     rho info
  10   11   11    0 1.0e+00 1.0e+00 1.0e+00  1.80424e+00 1.3e-09 0.0e+00 4.6e-06 1.5e-06 6.2e-06 -2.8e-05 0.0e+00 
  11   12   12    0 1.0e+00 1.0e+00 1.0e+00  1.80423e+00 7.9e-11 0.0e+00 1.2e-06 3.9e-07 1.5e-06 -7.0e-06 0.0e+00 
  12   13   13    0 1.0e+00 1.0e+00 1.0e+00  1.80423e+00 5.0e-12 0.0e+00 2.9e-07 1.0e-07 3.9e-07 -1.7e-06 0.0e+00 

ParOpt: Successfully converged to requested tolerance
ParOpt Warning: Variables may be too close to lower bound
ParOptInteriorPoint Parameter Summary:
algorithm                                mma            
use_diag_hessian                         True           

iter nobj ngrd nhvc   alpha   alphx   alphz         fobj   |opt| |infes|  |dual|      mu    comp   dmerit     rho info
   0    1    1    0      --      --      --  1.26279e+00 1.0e+00 0.0e+00 2.8e-01 2.8e-01 2.8e-01       --      -- 
   1    2    2    0 1.0e+00 1.0e+00 1.0e+00  2.29347e+00 1.4e+00 0.0e+00 7.5e-01 7.1e-02 5.5e-01 -2.8e+03 0.0e+00 
   2    3    3    0 1.0e+00 1.0e+00 8.6e-01  1.77756e+00 5.3e-01 0.0e+00 2.6e-01 1.8e-02 1.5e-01 -6.7e-01 0.0e+00 
   3    4    4    0 1.0e+00 1.0e+00 1.0e+00  1.42177e+00 2.8e-01 0.0e+00 5.4e-02 1.8e-02 4.4e-02 -4.3e-01 0.0e+00 
   4    5    5    0 1.0e+00 1.0e+00 1.0e+00  1.29417e+00 3.3e-02 0.0e+00 1.3e-02 4.4e-03 1.7e-02 -1.2e-01 0.0e+00 
   5    6    6    0 1.0e+00 1.0e+00 1.0e+00  1.27202e+00 9.4e-04 0.0e+00 3.6e-03 1.1e-03 4.4e-03 -1.7e-02 0.0e+00 
   6    7    7    0 1.0e+00 1.0e+00 1.0e+00  1.26499e+00 9.4e-05 0.0e+00 8.9e-04 2.8e-04 1.1e-03 -5.4e-03 0.0e+00 
   7    8    8    0 1.0e+00 1.0e+00 1.0e+00  1.26324e+00 5.8e-06 0.0e+00 2.1e-04 6.9e-05 2.8e-04 -1.3e-03 0.0e+00 
   8    9    9    0 1.0e+00 1.0e+00 1.0e+00  1.26282e+00 3.4e-07 0.0e+00 5.2e-05 1.7e-05 6.9e-05 -3.2e-04 0.0e+00 
   9   10   10    0 1.0e+00 1.0e+00 1.0e+00  1.26271e+00 2.0e-08 0.0e+00 1.3e-05 4.3e-06 1.7e-05 -7.8e-05 0.0e+00 

iter nobj ngrd nhvc   alpha   alphx   alphz         fobj   |opt| |infes|  |dual|      mu    comp   dmerit     rho info
  10   11   11    0 1.0e+00 1.0e+00 1.0e+00  1.26269e+00 1.3e-09 0.0e+00 3.2e-06 1.1e-06 4.3e-06 -1.9e-05 0.0e+00 
  11   12   12    0 1.0e+00 1.0e+00 1.0e+00  1.26268e+00 7.9e-11 0.0e+00 8.1e-07 2.7e-07 1.1e-06 -4.9e-06 0.0e+00 
  12   13   13    0 1.0e+00 1.0e+00 1.0e+00  1.26268e+00 5.0e-12 0.0e+00 1.7e-07 1.0e-07 2.7e-07 -1.2e-06 0.0e+00 

ParOpt: Successfully converged to requested tolerance
ParOpt Warning: Variables may be too close to lower bound
ParOptInteriorPoint Parameter Summary:
algorithm                                mma            
use_diag_hessian                         True           

iter nobj ngrd nhvc   alpha   alphx   alphz         fobj   |opt| |infes|  |dual|      mu    comp   dmerit     rho info
   0    1    1    0      --      --      --  8.84056e-01 1.0e+00 0.0e+00 2.0e-01 2.0e-01 2.0e-01       --      -- 
   1    2    2    0 1.0e+00 1.0e+00 1.0e+00  1.60547e+00 1.4e+00 0.0e+00 5.3e-01 5.0e-02 3.9e-01 -2.0e+03 0.0e+00 
   2    3    3    0 1.0e+00 1.0e+00 8.6e-01  1.24435e+00 5.3e-01 0.0e+00 1.4e-01 5.0e-02 1.0e-01 -4.7e-01 0.0e+00 
   3    4    4    0 1.0e+00 1.0e+00 1.0e+00  1.01127e+00 2.4e-01 0.0e+00 5.7e-02 1.2e-02 6.4e-02 -2.6e-01 0.0e+00 
   4    5    5    0 1.0e+00 1.0e+00 1.0e+00  9.20741e-01 3.4e-02 0.0e+00 1.6e-02 3.1e-03 1.3e-02 -8.5e-02 0.0e+00 
   5    6    6    0 1.0e+00 1.0e+00 1.0e+00  8.91414e-01 3.4e-03 0.0e+00 3.0e-03 7.7e-04 3.4e-03 -2.6e-02 0.0e+00 
   6    7    7    0 1.0e+00 1.0e+00 1.0e+00  8.85610e-01 1.3e-04 0.0e+00 6.3e-04 1.9e-04 7.9e-04 -4.6e-03 0.0e+00 
   7    8    8    0 1.0e+00 1.0e+00 1.0e+00  8.84369e-01 5.9e-06 0.0e+00 1.5e-04 4.8e-05 1.9e-04 -9.5e-04 0.0e+00 
   8    9    9    0 1.0e+00 1.0e+00 1.0e+00  8.84074e-01 3.4e-07 0.0e+00 3.6e-05 1.2e-05 4.8e-05 -2.2e-04 0.0e+00 
   9   10   10    0 1.0e+00 1.0e+00 1.0e+00  8.84001e-01 2.0e-08 0.0e+00 9.1e-06 3.0e-06 1.2e-05 -5.5e-05 0.0e+00 

iter nobj ngrd nhvc   alpha   alphx   alphz         fobj   |opt| |infes|  |dual|      mu    comp   dmerit     rho info
  10   11   11    0 1.0e+00 1.0e+00 1.0e+00  8.83983e-01 1.3e-09 0.0e+00 2.3e-06 7.6e-07 3.0e-06 -1.4e-05 0.0e+00 
  11   12   12    0 1.0e+00 1.0e+00 1.0e+00  8.83978e-01 7.9e-11 0.0e+00 5.7e-07 1.8e-07 7.6e-07 -3.4e-06 0.0e+00 
  12   13   13    0 1.0e+00 1.0e+00 1.0e+00  8.83977e-01 5.0e-12 0.0e+00 8.5e-08 1.0e-07 1.8e-07 -8.6e-07 0.0e+00 

ParOpt: Successfully converged to requested tolerance
ParOpt Warning: Variables may be too close to lower bound
ParOptInteriorPoint Parameter Summary:
algorithm                                mma            
use_diag_hessian                         True           

iter nobj ngrd nhvc   alpha   alphx   alphz         fobj   |opt| |infes|  |dual|      mu    comp   dmerit     rho info
   0    1    1    0      --      --      --  1.06096e+00 1.0e+00 0.0e+00 2.4e-01 2.4e-01 2.4e-01       --      -- 
   1    2    2    0 1.0e+00 1.0e+00 1.0e+00  1.92783e+00 1.4e+00 0.0e+00 6.3e-01 6.0e-02 4.6e-01 -2.4e+03 0.0e+00 
   2    3    3    0 1.0e+00 1.0e+00 8.6e-01  1.49392e+00 5.3e-01 0.0e+00 2.2e-01 1.5e-02 1.2e-01 -5.6e-01 0.0e+00 
   3    4    4    0 1.0e+00 1.0e+00 1.0e+00  1.19470e+00 2.8e-01 0.0e+00 4.6e-02 1.5e-02 3.7e-02 -3.6e-01 0.0e+00 
   4    5    5    0 1.0e+00 1.0e+00 1.0e+00  1.08731e+00 3.3e-02 0.0e+00 1.1e-02 3.7e-03 1.4e-02 -9.8e-02 0.0e+00 
   5    6    6    0 1.0e+00 1.0e+00 1.0e+00  1.06871e+00 9.4e-04 0.0e+00 3.0e-03 9.3e-04 3.7e-03 -1.4e-02 0.0e+00 
   6    7    7    0 1.0e+00 1.0e+00 1.0e+00  1.06281e+00 9.3e-05 0.0e+00 7.4e-04 2.3e-04 9.5e-04 -4.5e-03 0.0e+00 
   7    8    8    0 1.0e+00 1.0e+00 1.0e+00  1.06133e+00 5.8e-06 0.0e+00 1.8e-04 5.8e-05 2.3e-04 -1.1e-03 0.0e+00 
   8    9    9    0 1.0e+00 1.0e+00 1.0e+00  1.06098e+00 3.4e-07 0.0e+00 4.4e-05 1.5e-05 5.8e-05 -2.7e-04 0.0e+00 
   9   10   10    0 1.0e+00 1.0e+00 1.0e+00  1.06089e+00 2.0e-08 0.0e+00 1.1e-05 3.6e-06 1.5e-05 -6.6e-05 0.0e+00 

iter nobj ngrd nhvc   alpha   alphx   alphz         fobj   |opt| |infes|  |dual|      mu    comp   dmerit     rho info
  10   11   11    0 1.0e+00 1.0e+00 1.0e+00  1.06087e+00 1.3e-09 0.0e+00 2.7e-06 9.1e-07 3.6e-06 -1.6e-05 0.0e+00 
  11   12   12    0 1.0e+00 1.0e+00 1.0e+00  1.06086e+00 7.9e-11 0.0e+00 6.8e-07 2.3e-07 9.1e-07 -4.1e-06 0.0e+00 
  12   13   13    0 1.0e+00 1.0e+00 1.0e+00  1.06086e+00 5.0e-12 0.0e+00 1.3e-07 1.0e-07 2.3e-07 -1.0e-06 0.0e+00 

ParOpt: Successfully converged to requested tolerance
ParOpt Warning: Variables may be too close to lower bound
ParOptInteriorPoint Parameter Summary:
algorithm                                mma            
use_diag_hessian                         True           

iter nobj ngrd nhvc   alpha   alphx   alphz         fobj   |opt| |infes|  |dual|      mu    comp   dmerit     rho info
   0    1    1    0      --      --      --  7.42640e-01 1.0e+00 0.0e+00 1.7e-01 1.7e-01 1.7e-01       --      -- 
   1    2    2    0 1.0e+00 1.0e+00 1.0e+00  1.34860e+00 1.4e+00 0.0e+00 4.4e-01 4.2e-02 3.2e-01 -1.7e+03 0.0e+00 
   2    3    3    0 1.0e+00 1.0e+00 8.7e-01  1.04527e+00 5.3e-01 0.0e+00 1.2e-01 4.2e-02 8.5e-02 -3.9e-01 0.0e+00 
   3    4    4    0 1.0e+00 1.0e+00 1.0e+00  8.48712e-01 2.4e-01 0.0e+00 4.7e-02 1.0e-02 5.4e-02 -2.2e-01 0.0e+00 
   4    5    5    0 1.0e+00 1.0e+00 1.0e+00  7.73247e-01 3.3e-02 0.0e+00 1.3e-02 2.6e-03 1.1e-02 -7.1e-02 0.0e+00 
   5    6    6    0 1.0e+00 1.0e+00 1.0e+00  7.48807e-01 3.3e-03 0.0e+00 2.5e-03 6.5e-04 2.8e-03 -2.1e-02 0.0e+00 
   6    7    7    0 1.0e+00 1.0e+00 1.0e+00  7.43945e-01 1.3e-04 0.0e+00 5.3e-04 1.6e-04 6.6e-04 -3.9e-03 0.0e+00 
   7    8    8    0 1.0e+00 1.0e+00 1.0e+00  7.42903e-01 5.9e-06 0.0e+00 1.2e-04 4.1e-05 1.6e-04 -8.0e-04 0.0e+00 
   8    9    9    0 1.0e+00 1.0e+00 1.0e+00  7.42655e-01 3.4e-07 0.0e+00 3.1e-05 1.0e-05 4.1e-05 -1.9e-04 0.0e+00 
   9   10   10    0 1.0e+00 1.0e+00 1.0e+00  7.42593e-01 2.0e-08 0.0e+00 7.6e-06 2.5e-06 1.0e-05 -4.6e-05 0.0e+00 

iter nobj ngrd nhvc   alpha   alphx   alphz         fobj   |opt| |infes|  |dual|      mu    comp   dmerit     rho info
  10   11   11    0 1.0e+00 1.0e+00 1.0e+00  7.42578e-01 1.3e-09 0.0e+00 1.9e-06 6.4e-07 2.5e-06 -1.1e-05 0.0e+00 
  11   12   12    0 1.0e+00 1.0e+00 1.0e+00  7.42574e-01 7.9e-11 0.0e+00 4.8e-07 1.5e-07 6.4e-07 -2.9e-06 0.0e+00 
  12   13   13    0 1.0e+00 1.0e+00 1.0e+00  7.42573e-01 5.1e-12 0.0e+00 5.3e-08 1.0e-07 1.5e-07 -7.3e-07 0.0e+00 

ParOpt: Successfully converged to requested tolerance
ParOpt Warning: Variables may be too close to lower bound
ParOptInteriorPoint Parameter Summary:
algorithm                                mma            
use_diag_hessian                         True           

iter nobj ngrd nhvc   alpha   alphx   alphz         fobj   |opt| |infes|  |dual|      mu    comp   dmerit     rho info
   0    1    1    0      --      --      --  5.19886e-01 1.0e+00 0.0e+00 1.2e-01 1.2e-01 1.2e-01       --      -- 
   1    2    2    0 1.0e+00 1.0e+00 1.0e+00  9.44034e-01 1.4e+00 0.0e+00 2.2e-01 1.2e-01 2.3e-01 -1.2e+03 0.0e+00 
   2    3    3    0 1.0e+00 1.0e+00 1.0e+00  7.31802e-01 6.0e-01 0.0e+00 1.2e-01 2.9e-02 1.3e-01 -2.7e-01 0.0e+00 
   3    4    4    0 1.0e+00 1.0e+00 1.0e+00  6.18284e-01 1.6e-01 0.0e+00 4.7e-02 7.3e-03 3.1e-02 -1.2e-01 0.0e+00 
   4    5    5    0 1.0e+00 1.0e+00 1.0e+00  5.46718e-01 6.2e-02 0.0e+00 1.2e-02 1.8e-03 1.0e-02 -7.3e-02 0.0e+00 
   5    6    6    0 1.0e+00 1.0e+00 1.0e+00  5.24596e-01 5.6e-03 0.0e+00 1.9e-03 4.6e-04 2.0e-03 -2.0e-02 0.0e+00 
   6    7    7    0 1.0e+00 1.0e+00 1.0e+00  5.20800e-01 1.6e-04 0.0e+00 3.7e-04 1.1e-04 4.6e-04 -3.1e-03 0.0e+00 
   7    8    8    0 1.0e+00 1.0e+00 1.0e+00  5.20070e-01 5.9e-06 0.0e+00 8.7e-05 2.8e-05 1.1e-04 -5.6e-04 0.0e+00 
   8    9    9    0 1.0e+00 1.0e+00 1.0e+00  5.19896e-01 3.4e-07 0.0e+00 2.1e-05 7.1e-06 2.9e-05 -1.3e-04 0.0e+00 
   9   10   10    0 1.0e+00 1.0e+00 1.0e+00  5.19853e-01 2.0e-08 0.0e+00 5.3e-06 1.8e-06 7.1e-06 -3.2e-05 0.0e+00 

iter nobj ngrd nhvc   alpha   alphx   alphz         fobj   |opt| |infes|  |dual|      mu    comp   dmerit     rho info
  10   11   11    0 1.0e+00 1.0e+00 1.0e+00  5.19843e-01 1.3e-09 0.0e+00 1.3e-06 4.4e-07 1.8e-06 -8.0e-06 0.0e+00 
  11   12   12    0 1.0e+00 1.0e+00 1.0e+00  5.19840e-01 7.9e-11 0.0e+00 3.4e-07 1.0e-07 4.4e-07 -2.0e-06 0.0e+00 
  12   13   13    0 1.0e+00 1.0e+00 1.0e+00  5.19839e-01 5.2e-12 0.0e+00 3.1e-09 1.0e-07 1.0e-07 -5.3e-07 0.0e+00 

ParOpt: Successfully converged to requested tolerance
ParOpt Warning: Variables may be too close to lower bound
ParOptInteriorPoint Parameter Summary:
algorithm                                mma            
use_diag_hessian                         True           

iter nobj ngrd nhvc   alpha   alphx   alphz         fobj   |opt| |infes|  |dual|      mu    comp   dmerit     rho info
   0    1    1    0      --      --      --  6.23894e-01 1.0e+00 0.0e+00 1.4e-01 1.4e-01 1.4e-01       --      -- 
   1    2    2    0 1.0e+00 1.0e+00 1.0e+00  1.13366e+00 1.4e+00 0.0e+00 2.7e-01 1.4e-01 2.7e-01 -1.4e+03 0.0e+00 
   2    3    3    0 1.0e+00 1.0e+00 1.0e+00  8.78527e-01 6.0e-01 0.0e+00 1.5e-01 3.5e-02 1.5e-01 -3.3e-01 0.0e+00 
   3    4    4    0 1.0e+00 1.0e+00 1.0e+00  7.42071e-01 1.6e-01 0.0e+00 5.6e-02 8.7e-03 3.8e-02 -1.5e-01 0.0e+00 
   4    5    5    0 1.0e+00 1.0e+00 1.0e+00  6.56093e-01 6.2e-02 0.0e+00 1.4e-02 2.2e-03 1.2e-02 -8.8e-02 0.0e+00 
   5    6    6    0 1.0e+00 1.0e+00 1.0e+00  6.29544e-01 5.6e-03 0.0e+00 2.3e-03 5.5e-04 2.4e-03 -2.4e-02 0.0e+00 
   6    7    7    0 1.0e+00 1.0e+00 1.0e+00  6.24991e-01 1.6e-04 0.0e+00 4.4e-04 1.4e-04 5.6e-04 -3.7e-03 0.0e+00 
   7    8    8    0 1.0e+00 1.0e+00 1.0e+00  6.24114e-01 5.9e-06 0.0e+00 1.0e-04 3.4e-05 1.4e-04 -6.7e-04 0.0e+00 
   8    9    9    0 1.0e+00 1.0e+00 1.0e+00  6.23906e-01 3.4e-07 0.0e+00 2.6e-05 8.5e-06 3.4e-05 -1.6e-04 0.0e+00 
   9   10   10    0 1.0e+00 1.0e+00 1.0e+00  6.23855e-01 2.0e-08 0.0e+00 6.4e-06 2.1e-06 8.5e-06 -3.9e-05 0.0e+00 

iter nobj ngrd nhvc   alpha   alphx   alphz         fobj   |opt| |infes|  |dual|      mu    comp   dmerit     rho info
  10   11   11    0 1.0e+00 1.0e+00 1.0e+00  6.23842e-01 1.3e-09 0.0e+00 1.6e-06 5.3e-07 2.1e-06 -9.6e-06 0.0e+00 
  11   12   12    0 1.0e+00 1.0e+00 1.0e+00  6.23839e-01 7.9e-11 0.0e+00 4.1e-07 1.3e-07 5.3e-07 -2.4e-06 0.0e+00 
  12   13   13    0 1.0e+00 1.0e+00 1.0e+00  6.23838e-01 5.2e-12 0.0e+00 2.6e-08 1.0e-07 1.3e-07 -6.2e-07 0.0e+00 

ParOpt: Successfully converged to requested tolerance
ParOpt Warning: Variables may be too close to lower bound
ParOptInteriorPoint Parameter Summary:
algorithm                                mma            
use_diag_hessian                         True           

iter nobj ngrd nhvc   alpha   alphx   alphz         fobj   |opt| |infes|  |dual|      mu    comp   dmerit     rho info
   0    1    1    0      --      --      --  4.36716e-01 1.0e+00 0.0e+00 9.8e-02 9.8e-02 9.8e-02       --      -- 
   1    2    2    0 1.0e+00 1.0e+00 1.0e+00  7.92992e-01 1.4e+00 0.0e+00 1.9e-01 9.8e-02 1.9e-01 -9.8e+02 0.0e+00 
   2    3    3    0 1.0e+00 1.0e+00 1.0e+00  6.14722e-01 6.0e-01 0.0e+00 1.0e-01 2.4e-02 1.1e-01 -2.3e-01 0.0e+00 
   3    4    4    0 1.0e+00 1.0e+00 1.0e+00  5.19369e-01 1.6e-01 0.0e+00 3.9e-02 6.1e-03 2.6e-02 -1.0e-01 0.0e+00 
   4    5    5    0 1.0e+00 1.0e+00 1.0e+00  4.59254e-01 6.2e-02 0.0e+00 5.4e-03 6.1e-03 8.6e-03 -6.1e-02 0.0e+00 
   5    6    6    0 1.0e+00 1.0e+00 1.0e+00  4.48196e-01 2.0e-03 0.0e+00 4.6e-03 1.5e-03 6.1e-03 -5.8e-03 0.0e+00 
   6    7    7    0 1.0e+00 1.0e+00 1.0e+00  4.40164e-01 1.0e-03 0.0e+00 1.4e-03 3.8e-04 1.6e-03 -6.1e-03 0.0e+00 
   7    8    8    0 1.0e+00 1.0e+00 1.0e+00  4.37484e-01 1.1e-04 0.0e+00 3.1e-04 9.6e-05 3.9e-04 -2.1e-03 0.0e+00 
   8    9    9    0 1.0e+00 1.0e+00 1.0e+00  4.36870e-01 6.0e-06 0.0e+00 7.3e-05 2.4e-05 9.6e-05 -4.7e-04 0.0e+00 
   9   10   10    0 1.0e+00 1.0e+00 1.0e+00  4.36724e-01 3.4e-07 0.0e+00 1.8e-05 6.0e-06 2.4e-05 -1.1e-04 0.0e+00 

iter nobj ngrd nhvc   alpha   alphx   alphz         fobj   |opt| |infes|  |dual|      mu    comp   dmerit     rho info
  10   11   11    0 1.0e+00 1.0e+00 1.0e+00  4.36688e-01 2.0e-08 0.0e+00 4.5e-06 1.5e-06 6.0e-06 -2.7e-05 0.0e+00 
  11   12   12    0 1.0e+00 1.0e+00 1.0e+00  4.36679e-01 1.3e-09 0.0e+00 1.1e-06 3.7e-07 1.5e-06 -6.7e-06 0.0e+00 
  12   13   13    0 1.0e+00 1.0e+00 1.0e+00  4.36677e-01 7.9e-11 0.0e+00 2.7e-07 1.0e-07 3.7e-07 -1.7e-06 0.0e+00 

ParOpt: Successfully converged to requested tolerance
ParOpt Warning: Variables may be too close to lower bound
ParOptInteriorPoint Parameter Summary:
algorithm                                mma            
use_diag_hessian                         True           

iter nobj ngrd nhvc   alpha   alphx   alphz         fobj   |opt| |infes|  |dual|      mu    comp   dmerit     rho info
   0    1    1    0      --      --      --  5.23929e-01 1.0e+00 0.0e+00 1.2e-01 1.2e-01 1.2e-01       --      -- 
   1    2    2    0 1.0e+00 1.0e+00 1.0e+00  9.52014e-01 1.4e+00 0.0e+00 2.2e-01 1.2e-01 2.3e-01 -1.2e+03 0.0e+00 
   2    3    3    0 1.0e+00 1.0e+00 1.0e+00  7.37774e-01 6.0e-01 0.0e+00 1.2e-01 2.9e-02 1.3e-01 -2.8e-01 0.0e+00 
   3    4    4    0 1.0e+00 1.0e+00 1.0e+00  6.23188e-01 1.6e-01 0.0e+00 4.7e-02 7.3e-03 3.2e-02 -1.2e-01 0.0e+00 
   4    5    5    0 1.0e+00 1.0e+00 1.0e+00  5.50979e-01 6.2e-02 0.0e+00 1.2e-02 1.8e-03 1.0e-02 -7.4e-02 0.0e+00 
   5    6    6    0 1.0e+00 1.0e+00 1.0e+00  5.28676e-01 5.6e-03 0.0e+00 2.0e-03 4.6e-04 2.0e-03 -2.0e-02 0.0e+00 
   6    7    7    0 1.0e+00 1.0e+00 1.0e+00  5.24851e-01 1.6e-04 0.0e+00 3.7e-04 1.1e-04 4.7e-04 -3.1e-03 0.0e+00 
   7    8    8    0 1.0e+00 1.0e+00 1.0e+00  5.24115e-01 5.9e-06 0.0e+00 8.8e-05 2.9e-05 1.2e-04 -5.6e-04 0.0e+00 
   8    9    9    0 1.0e+00 1.0e+00 1.0e+00  5.23940e-01 3.4e-07 0.0e+00 2.2e-05 7.2e-06 2.9e-05 -1.3e-04 0.0e+00 
   9   10   10    0 1.0e+00 1.0e+00 1.0e+00  5.23897e-01 2.0e-08 0.0e+00 5.4e-06 1.8e-06 7.2e-06 -3.2e-05 0.0e+00 

iter nobj ngrd nhvc   alpha   alphx   alphz         fobj   |opt| |infes|  |dual|      mu    comp   dmerit     rho info
  10   11   11    0 1.0e+00 1.0e+00 1.0e+00  5.23886e-01 1.3e-09 0.0e+00 1.3e-06 4.5e-07 1.8e-06 -8.1e-06 0.0e+00 
  11   12   12    0 1.0e+00 1.0e+00 1.0e+00  5.23883e-01 7.9e-11 0.0e+00 3.4e-07 1.0e-07 4.5e-07 -2.0e-06 0.0e+00 
  12   13   13    0 1.0e+00 1.0e+00 1.0e+00  5.23882e-01 5.2e-12 0.0e+00 4.0e-09 1.0e-07 1.0e-07 -5.3e-07 0.0e+00 

ParOpt: Successfully converged to requested tolerance
ParOpt Warning: Variables may be too close to lower bound
ParOptInteriorPoint Parameter Summary:
algorithm                                mma            
use_diag_hessian                         True           

iter nobj ngrd nhvc   alpha   alphx   alphz         fobj   |opt| |infes|  |dual|      mu    comp   dmerit     rho info
   0    1    1    0      --      --      --  3.66849e-01 1.0e+00 0.0e+00 8.2e-02 8.2e-02 8.2e-02       --      -- 
   1    2    2    0 1.0e+00 1.0e+00 1.0e+00  6.66116e-01 1.4e+00 0.0e+00 1.6e-01 8.2e-02 1.6e-01 -8.2e+02 0.0e+00 
   2    3    3    0 1.0e+00 1.0e+00 1.0e+00  5.16372e-01 6.0e-01 0.0e+00 8.7e-02 2.1e-02 9.0e-02 -1.9e-01 0.0e+00 
   3    4    4    0 1.0e+00 1.0e+00 1.0e+00  4.36277e-01 1.6e-01 0.0e+00 3.3e-02 5.1e-03 2.2e-02 -8.5e-02 0.0e+00 
   4    5    5    0 1.0e+00 1.0e+00 1.0e+00  3.85782e-01 6.2e-02 0.0e+00 4.6e-03 5.1e-03 7.3e-03 -5.2e-02 0.0e+00 
   5    6    6    0 1.0e+00 1.0e+00 1.0e+00  3.76492e-01 2.0e-03 0.0e+00 3.9e-03 1.3e-03 5.1e-03 -4.9e-03 0.0e+00 
   6    7    7    0 1.0e+00 1.0e+00 1.0e+00  3.69746e-01 1.0e-03 0.0e+00 1.2e-03 3.2e-04 1.3e-03 -5.1e-03 0.0e+00 
   7    8    8    0 1.0e+00 1.0e+00 1.0e+00  3.67494e-01 1.1e-04 0.0e+00 2.6e-04 8.0e-05 3.3e-04 -1.8e-03 0.0e+00 
   8    9    9    0 1.0e+00 1.0e+00 1.0e+00  3.66979e-01 6.0e-06 0.0e+00 6.1e-05 2.0e-05 8.1e-05 -3.9e-04 0.0e+00 
   9   10   10    0 1.0e+00 1.0e+00 1.0e+00  3.66856e-01 3.4e-07 0.0e+00 1.5e-05 5.0e-06 2.0e-05 -9.2e-05 0.0e+00 

iter nobj ngrd nhvc   alpha   alphx   alphz         fobj   |opt| |infes|  |dual|      mu    comp   dmerit     rho info
  10   11   11    0 1.0e+00 1.0e+00 1.0e+00  3.66826e-01 2.0e-08 0.0e+00 3.8e-06 1.3e-06 5.0e-06 -2.3e-05 0.0e+00 
  11   12   12    0 1.0e+00 1.0e+00 1.0e+00  3.66819e-01 1.3e-09 0.0e+00 9.4e-07 3.1e-07 1.3e-06 -5.7e-06 0.0e+00 
  12   13   13    0 1.0e+00 1.0e+00 1.0e+00  3.66817e-01 7.9e-11 0.0e+00 2.1e-07 1.0e-07 3.1e-07 -1.4e-06 0.0e+00 

ParOpt: Successfully converged to requested tolerance
ParOpt Warning: Variables may be too close to lower bound
ParOptInteriorPoint Parameter Summary:
algorithm                                mma            
use_diag_hessian                         True           

iter nobj ngrd nhvc   alpha   alphx   alphz         fobj   |opt| |infes|  |dual|      mu    comp   dmerit     rho info
   0    1    1    0      --      --      --  2.56740e-01 1.0e+00 0.0e+00 5.8e-02 5.8e-02 5.8e-02       --      -- 
   1    2    2    0 1.0e+00 1.0e+00 1.0e+00  4.66264e-01 1.4e+00 0.0e+00 1.1e-01 5.8e-02 1.1e-01 -5.8e+02 0.0e+00 
   2    3    3    0 1.0e+00 1.0e+00 1.0e+00  3.61423e-01 6.0e-01 0.0e+00 1.8e-02 5.8e-02 6.3e-02 -1.4e-01 0.0e+00 
   3    4    4    0 1.0e+00 1.0e+00 1.0e+00  3.22504e-01 7.5e-02 0.0e+00 4.3e-02 1.4e-02 5.7e-02 -2.6e-02 0.0e+00 
   4    5    5    0 1.0e+00 1.0e+00 1.0e+00  2.94029e-01 3.9e-02 0.0e+00 1.9e-02 3.6e-03 1.6e-02 -2.4e-02 0.0e+00 
   5    6    6    0 1.0e+00 1.0e+00 1.0e+00  2.68975e-01 3.0e-02 0.0e+00 5.5e-03 9.0e-04 4.7e-03 -2.4e-02 0.0e+00 
   6    7    7    0 1.0e+00 1.0e+00 1.0e+00  2.59162e-01 4.5e-03 0.0e+00 1.0e-03 2.3e-04 1.0e-03 -8.8e-03 0.0e+00 
   7    8    8    0 1.0e+00 1.0e+00 1.0e+00  2.57197e-01 1.8e-04 0.0e+00 1.8e-04 5.6e-05 2.3e-04 -1.6e-03 0.0e+00 
   8    9    9    0 1.0e+00 1.0e+00 1.0e+00  2.56831e-01 6.1e-06 0.0e+00 4.3e-05 1.4e-05 5.7e-05 -2.8e-04 0.0e+00 
   9   10   10    0 1.0e+00 1.0e+00 1.0e+00  2.56746e-01 3.4e-07 0.0e+00 1.1e-05 3.5e-06 1.4e-05 -6.5e-05 0.0e+00 

iter nobj ngrd nhvc   alpha   alphx   alphz         fobj   |opt| |infes|  |dual|      mu    comp   dmerit     rho info
  10   11   11    0 1.0e+00 1.0e+00 1.0e+00  2.56724e-01 2.0e-08 0.0e+00 2.6e-06 8.8e-07 3.5e-06 -1.6e-05 0.0e+00 
  11   12   12    0 1.0e+00 1.0e+00 1.0e+00  2.56719e-01 1.3e-09 0.0e+00 6.6e-07 2.2e-07 8.8e-07 -4.0e-06 0.0e+00 
  12   13   13    0 1.0e+00 1.0e+00 1.0e+00  2.56718e-01 8.0e-11 0.0e+00 1.2e-07 1.0e-07 2.2e-07 -9.9e-07 0.0e+00 

ParOpt: Successfully converged to requested tolerance
ParOpt Warning: Variables may be too close to lower bound
ParOptInteriorPoint Parameter Summary:
algorithm                                mma            
use_diag_hessian                         True           

iter nobj ngrd nhvc   alpha   alphx   alphz         fobj   |opt| |infes|  |dual|      mu    comp   dmerit     rho info
   0    1    1    0      --      --      --  1.79735e-01 1.0e+00 0.0e+00 4.0e-02 4.0e-02 4.0e-02       --      -- 
   1    2    2    0 1.0e+00 1.0e+00 1.0e+00  3.26391e-01 1.4e+00 0.0e+00 7.7e-02 4.0e-02 7.9e-02 -4.0e+02 0.0e+00 
   2    3    3    0 1.0e+00 1.0e+00 1.0e+00  2.53008e-01 6.0e-01 0.0e+00 1.2e-02 4.0e-02 4.4e-02 -9.5e-02 0.0e+00 
   3    4    4    0 1.0e+00 1.0e+00 1.0e+00  2.25771e-01 7.5e-02 0.0e+00 3.0e-02 1.0e-02 4.0e-02 -1.8e-02 0.0e+00 
   4    5    5    0 1.0e+00 1.0e+00 1.0e+00  2.05838e-01 3.9e-02 0.0e+00 1.3e-02 2.5e-03 1.1e-02 -1.6e-02 0.0e+00 
   5    6    6    0 1.0e+00 1.0e+00 1.0e+00  1.88299e-01 3.0e-02 0.0e+00 2.0e-03 2.5e-03 3.3e-03 -1.6e-02 0.0e+00 
   6    7    7    0 1.0e+00 1.0e+00 1.0e+00  1.84520e-01 1.3e-03 0.0e+00 1.9e-03 6.3e-04 2.5e-03 -1.8e-03 0.0e+00 
   7    8    8    0 1.0e+00 1.0e+00 1.0e+00  1.81162e-01 1.1e-03 0.0e+00 5.7e-04 1.6e-04 6.6e-04 -2.6e-03 0.0e+00 
   8    9    9    0 1.0e+00 1.0e+00 1.0e+00  1.80052e-01 1.2e-04 0.0e+00 1.3e-04 3.9e-05 1.6e-04 -8.8e-04 0.0e+00 
   9   10   10    0 1.0e+00 1.0e+00 1.0e+00  1.79799e-01 6.0e-06 0.0e+00 3.0e-05 9.8e-06 4.0e-05 -1.9e-04 0.0e+00 

iter nobj ngrd nhvc   alpha   alphx   alphz         fobj   |opt| |infes|  |dual|      mu    comp   dmerit     rho info
  10   11   11    0 1.0e+00 1.0e+00 1.0e+00  1.79739e-01 3.4e-07 0.0e+00 7.4e-06 2.5e-06 9.9e-06 -4.5e-05 0.0e+00 
  11   12   12    0 1.0e+00 1.0e+00 1.0e+00  1.79724e-01 2.0e-08 0.0e+00 1.8e-06 6.2e-07 2.5e-06 -1.1e-05 0.0e+00 
  12   13   13    0 1.0e+00 1.0e+00 1.0e+00  1.79720e-01 1.3e-09 0.0e+00 4.7e-07 1.5e-07 6.2e-07 -2.8e-06 0.0e+00 
  13   14   14    0 1.0e+00 1.0e+00 1.0e+00  1.79720e-01 8.2e-11 0.0e+00 4.7e-08 1.0e-07 1.5e-07 -7.1e-07 0.0e+00 

ParOpt: Successfully converged to requested tolerance
ParOpt Warning: Variables may be too close to lower bound
ParOptInteriorPoint Parameter Summary:
algorithm                                mma            
use_diag_hessian                         True           

iter nobj ngrd nhvc   alpha   alphx   alphz         fobj   |opt| |infes|  |dual|      mu    comp   dmerit     rho info
   0    1    1    0      --      --      --  2.15698e-01 1.0e+00 0.0e+00 4.8e-02 4.8e-02 4.8e-02       --      -- 
   1    2    2    0 1.0e+00 1.0e+00 1.0e+00  3.91937e-01 1.4e+00 0.0e+00 9.2e-02 4.8e-02 9.4e-02 -4.8e+02 0.0e+00 
   2    3    3    0 1.0e+00 1.0e+00 1.0e+00  3.03733e-01 6.0e-01 0.0e+00 1.5e-02 4.8e-02 5.3e-02 -1.1e-01 0.0e+00 
   3    4    4    0 1.0e+00 1.0e+00 1.0e+00  2.70949e-01 7.5e-02 0.0e+00 3.6e-02 1.2e-02 4.8e-02 -2.2e-02 0.0e+00 
   4    5    5    0 1.0e+00 1.0e+00 1.0e+00  2.47020e-01 3.9e-02 0.0e+00 1.6e-02 3.0e-03 1.3e-02 -2.0e-02 0.0e+00 
   5    6    6    0 1.0e+00 1.0e+00 1.0e+00  2.25974e-01 3.0e-02 0.0e+00 2.4e-03 3.0e-03 3.9e-03 -2.0e-02 0.0e+00 
   6    7    7    0 1.0e+00 1.0e+00 1.0e+00  2.21440e-01 1.3e-03 0.0e+00 2.3e-03 7.6e-04 3.0e-03 -2.2e-03 0.0e+00 
   7    8    8    0 1.0e+00 1.0e+00 1.0e+00  2.17410e-01 1.1e-03 0.0e+00 6.9e-04 1.9e-04 7.9e-04 -3.1e-03 0.0e+00 
   8    9    9    0 1.0e+00 1.0e+00 1.0e+00  2.16077e-01 1.2e-04 0.0e+00 1.5e-04 4.7e-05 1.9e-04 -1.1e-03 0.0e+00 
   9   10   10    0 1.0e+00 1.0e+00 1.0e+00  2.15774e-01 6.0e-06 0.0e+00 3.6e-05 1.2e-05 4.7e-05 -2.3e-04 0.0e+00 

iter nobj ngrd nhvc   alpha   alphx   alphz         fobj   |opt| |infes|  |dual|      mu    comp   dmerit     rho info
  10   11   11    0 1.0e+00 1.0e+00 1.0e+00  2.15702e-01 3.4e-07 0.0e+00 8.9e-06 3.0e-06 1.2e-05 -5.4e-05 0.0e+00 
  11   12   12    0 1.0e+00 1.0e+00 1.0e+00  2.15684e-01 2.0e-08 0.0e+00 2.2e-06 7.4e-07 3.0e-06 -1.3e-05 0.0e+00 
  12   13   13    0 1.0e+00 1.0e+00 1.0e+00  2.15680e-01 1.3e-09 0.0e+00 5.6e-07 1.8e-07 7.4e-07 -3.3e-06 0.0e+00 
  13   14   14    0 1.0e+00 1.0e+00 1.0e+00  2.15679e-01 8.1e-11 0.0e+00 8.0e-08 1.0e-07 1.8e-07 -8.5e-07 0.0e+00 

ParOpt: Successfully converged to requested tolerance
ParOpt Warning: Variables may be too close to lower bound
ParOptInteriorPoint Parameter Summary:
algorithm                                mma            
use_diag_hessian                         True           

iter nobj ngrd nhvc   alpha   alphx   alphz         fobj   |opt| |infes|  |dual|      mu    comp   dmerit     rho info
   0    1    1    0      --      --      --  1.50983e-01 1.0e+00 0.0e+00 3.4e-02 3.4e-02 3.4e-02       --      -- 
   1    2    2    0 1.0e+00 1.0e+00 1.0e+00  2.74170e-01 1.4e+00 0.0e+00 6.4e-02 3.4e-02 6.6e-02 -3.4e+02 0.0e+00 
   2    3    3    0 1.0e+00 1.0e+00 1.0e+00  2.12531e-01 6.0e-01 0.0e+00 1.0e-02 3.4e-02 3.7e-02 -7.9e-02 0.0e+00 
   3    4    4    0 1.0e+00 1.0e+00 1.0e+00  1.89654e-01 7.5e-02 0.0e+00 2.5e-02 8.5e-03 3.3e-02 -1.5e-02 0.0e+00 
   4    5    5    0 1.0e+00 1.0e+00 1.0e+00  1.72910e-01 3.9e-02 0.0e+00 1.1e-02 2.1e-03 9.1e-03 -1.4e-02 0.0e+00 
   5    6    6    0 1.0e+00 1.0e+00 1.0e+00  1.58177e-01 3.0e-02 0.0e+00 1.6e-03 2.1e-03 2.7e-03 -1.4e-02 0.0e+00 
   6    7    7    0 1.0e+00 1.0e+00 1.0e+00  1.55003e-01 1.3e-03 0.0e+00 1.6e-03 5.3e-04 2.1e-03 -1.5e-03 0.0e+00 
   7    8    8    0 1.0e+00 1.0e+00 1.0e+00  1.52182e-01 1.1e-03 0.0e+00 4.8e-04 1.3e-04 5.6e-04 -2.2e-03 0.0e+00 
   8    9    9    0 1.0e+00 1.0e+00 1.0e+00  1.51249e-01 1.2e-04 0.0e+00 1.1e-04 3.3e-05 1.3e-04 -7.4e-04 0.0e+00 
   9   10   10    0 1.0e+00 1.0e+00 1.0e+00  1.51037e-01 6.0e-06 0.0e+00 2.5e-05 8.3e-06 3.3e-05 -1.6e-04 0.0e+00 

iter nobj ngrd nhvc   alpha   alphx   alphz         fobj   |opt| |infes|  |dual|      mu    comp   dmerit     rho info
  10   11   11    0 1.0e+00 1.0e+00 1.0e+00  1.50986e-01 3.4e-07 0.0e+00 6.2e-06 2.1e-06 8.3e-06 -3.8e-05 0.0e+00 
  11   12   12    0 1.0e+00 1.0e+00 1.0e+00  1.50974e-01 2.0e-08 0.0e+00 1.6e-06 5.2e-07 2.1e-06 -9.3e-06 0.0e+00 
  12   13   13    0 1.0e+00 1.0e+00 1.0e+00  1.50971e-01 1.3e-09 0.0e+00 4.0e-07 1.2e-07 5.2e-07 -2.3e-06 0.0e+00 
  13   14   14    0 1.0e+00 1.0e+00 1.0e+00  1.50970e-01 8.3e-11 0.0e+00 2.2e-08 1.0e-07 1.2e-07 -6.0e-07 0.0e+00 

ParOpt: Successfully converged to requested tolerance
ParOpt Warning: Variables may be too close to lower bound
ParOptInteriorPoint Parameter Summary:
algorithm                                mma            
use_diag_hessian                         True           

iter nobj ngrd nhvc   alpha   alphx   alphz         fobj   |opt| |infes|  |dual|      mu    comp   dmerit     rho info
   0    1    1    0      --      --      --  1.05695e-01 1.0e+00 0.0e+00 2.4e-02 2.4e-02 2.4e-02       --      -- 
   1    2    2    0 1.0e+00 1.0e+00 1.0e+00  1.91921e-01 1.4e+00 0.0e+00 4.5e-02 2.4e-02 4.6e-02 -2.4e+02 0.0e+00 
   2    3    3    0 1.0e+00 1.0e+00 1.0e+00  1.48776e-01 6.0e-01 0.0e+00 7.3e-03 2.4e-02 2.6e-02 -5.6e-02 0.0e+00 
   3    4    4    0 1.0e+00 1.0e+00 1.0e+00  1.32764e-01 7.5e-02 0.0e+00 1.8e-02 5.9e-03 2.3e-02 -1.1e-02 0.0e+00 
   4    5    5    0 1.0e+00 1.0e+00 1.0e+00  1.21043e-01 3.9e-02 0.0e+00 7.7e-03 1.5e-03 6.4e-03 -9.7e-03 0.0e+00 
   5    6    6    0 1.0e+00 1.0e+00 1.0e+00  1.10730e-01 3.0e-02 0.0e+00 1.2e-03 1.5e-03 1.9e-03 -9.7e-03 0.0e+00 
   6    7    7    0 1.0e+00 1.0e+00 1.0e+00  1.08508e-01 1.3e-03 0.0e+00 1.1e-03 3.7e-04 1.5e-03 -1.1e-03 0.0e+00 
   7    8    8    0 1.0e+00 1.0e+00 1.0e+00  1.06534e-01 1.1e-03 0.0e+00 3.4e-04 9.3e-05 3.9e-04 -1.5e-03 0.0e+00 
   8    9    9    0 1.0e+00 1.0e+00 1.0e+00  1.05881e-01 1.2e-04 0.0e+00 7.5e-05 2.3e-05 9.4e-05 -5.2e-04 0.0e+00 
   9   10   10    0 1.0e+00 1.0e+00 1.0e+00  1.05732e-01 6.0e-06 0.0e+00 1.8e-05 5.8e-06 2.3e-05 -1.1e-04 0.0e+00 

iter nobj ngrd nhvc   alpha   alphx   alphz         fobj   |opt| |infes|  |dual|      mu    comp   dmerit     rho info
  10   11   11    0 1.0e+00 1.0e+00 1.0e+00  1.05697e-01 3.4e-07 0.0e+00 4.4e-06 1.4e-06 5.8e-06 -2.7e-05 0.0e+00 
  11   12   12    0 1.0e+00 1.0e+00 1.0e+00  1.05688e-01 2.0e-08 0.0e+00 1.1e-06 3.6e-07 1.4e-06 -6.5e-06 0.0e+00 
  12   13   13    0 1.0e+00 1.0e+00 1.0e+00  1.05686e-01 1.3e-09 0.0e+00 2.6e-07 1.0e-07 3.6e-07 -1.6e-06 0.0e+00 

ParOpt: Successfully converged to requested tolerance
ParOpt Warning: Variables may be too close to lower bound
ParOptInteriorPoint Parameter Summary:
algorithm                                mma            
use_diag_hessian                         True           

iter nobj ngrd nhvc   alpha   alphx   alphz         fobj   |opt| |infes|  |dual|      mu    comp   dmerit     rho info
   0    1    1    0      --      --      --  7.39680e-02 1.0e+00 0.0e+00 1.7e-02 1.7e-02 1.7e-02       --      -- 
   1    2    2    0 1.0e+00 1.0e+00 1.0e+00  1.34340e-01 1.4e+00 0.0e+00 3.2e-02 1.7e-02 3.2e-02 -1.7e+02 0.0e+00 
   2    3    3    0 1.0e+00 1.0e+00 1.0e+00  1.04131e-01 6.0e-01 0.0e+00 5.1e-03 1.7e-02 1.8e-02 -3.9e-02 0.0e+00 
   3    4    4    0 1.0e+00 1.0e+00 1.0e+00  9.29158e-02 7.5e-02 0.0e+00 1.2e-02 4.2e-03 1.6e-02 -7.4e-03 0.0e+00 
   4    5    5    0 1.0e+00 1.0e+00 1.0e+00  8.47116e-02 3.9e-02 0.0e+00 5.4e-03 1.0e-03 4.5e-03 -6.8e-03 0.0e+00 
   5    6    6    0 1.0e+00 1.0e+00 1.0e+00  7.74930e-02 3.0e-02 0.0e+00 8.1e-04 1.0e-03 1.3e-03 -6.8e-03 0.0e+00 
   6    7    7    0 1.0e+00 1.0e+00 1.0e+00  7.59374e-02 1.3e-03 0.0e+00 7.8e-04 2.6e-04 1.0e-03 -7.4e-04 0.0e+00 
   7    8    8    0 1.0e+00 1.0e+00 1.0e+00  7.45553e-02 1.1e-03 0.0e+00 2.4e-04 6.5e-05 2.7e-04 -1.1e-03 0.0e+00 
   8    9    9    0 1.0e+00 1.0e+00 1.0e+00  7.40982e-02 1.2e-04 0.0e+00 5.2e-05 1.6e-05 6.6e-05 -3.6e-04 0.0e+00 
   9   10   10    0 1.0e+00 1.0e+00 1.0e+00  7.39941e-02 6.0e-06 0.0e+00 1.2e-05 4.1e-06 1.6e-05 -8.0e-05 0.0e+00 

iter nobj ngrd nhvc   alpha   alphx   alphz         fobj   |opt| |infes|  |dual|      mu    comp   dmerit     rho info
  10   11   11    0 1.0e+00 1.0e+00 1.0e+00  7.39695e-02 3.4e-07 0.0e+00 3.1e-06 1.0e-06 4.1e-06 -1.9e-05 0.0e+00 
  11   12   12    0 1.0e+00 1.0e+00 1.0e+00  7.39634e-02 2.0e-08 0.0e+00 7.6e-07 2.5e-07 1.0e-06 -4.6e-06 0.0e+00 
  12   13   13    0 1.0e+00 1.0e+00 1.0e+00  7.39618e-02 1.3e-09 0.0e+00 1.5e-07 1.0e-07 2.5e-07 -1.1e-06 0.0e+00 

ParOpt: Successfully converged to requested tolerance
ParOpt Warning: Variables may be too close to lower bound
ParOptInteriorPoint Parameter Summary:
algorithm                                mma            
use_diag_hessian                         True           

iter nobj ngrd nhvc   alpha   alphx   alphz         fobj   |opt| |infes|  |dual|      mu    comp   dmerit     rho info
   0    1    1    0      --      --      --  6.01404e-02 1.0e+00 0.0e+00 1.3e-02 1.3e-02 1.3e-02       --      -- 
   1    2    2    0 1.0e+00 1.0e+00 1.0e+00  1.09234e-01 1.4e+00 0.0e+00 2.6e-02 1.3e-02 2.6e-02 -1.3e+02 0.0e+00 
   2    3    3    0 1.0e+00 1.0e+00 1.0e+00  8.46675e-02 6.0e-01 0.0e+00 4.2e-03 1.3e-02 1.5e-02 -3.2e-02 0.0e+00 
   3    4    4    0 1.0e+00 1.0e+00 1.0e+00  7.55453e-02 7.5e-02 0.0e+00 1.0e-02 3.4e-03 1.3e-02 -6.0e-03 0.0e+00 
   4    5    5    0 1.0e+00 1.0e+00 1.0e+00  6.88748e-02 3.9e-02 0.0e+00 1.8e-03 3.4e-03 3.6e-03 -5.5e-03 0.0e+00 
   5    6    6    0 1.0e+00 1.0e+00 1.0e+00  6.57614e-02 8.3e-03 0.0e+00 2.6e-03 8.4e-04 3.4e-03 -1.4e-03 0.0e+00 
   6    7    7    0 1.0e+00 1.0e+00 1.0e+00  6.23984e-02 9.8e-03 0.0e+00 3.5e-04 8.4e-04 9.3e-04 -2.7e-03 0.0e+00 
   7    8    8    0 1.0e+00 1.0e+00 1.0e+00  6.17343e-02 3.7e-04 0.0e+00 6.3e-04 2.1e-04 8.5e-04 -2.1e-04 0.0e+00 
   8    9    9    0 1.0e+00 1.0e+00 1.0e+00  6.06181e-02 1.0e-03 0.0e+00 1.9e-04 5.3e-05 2.2e-04 -8.5e-04 0.0e+00 
   9   10   10    0 1.0e+00 1.0e+00 1.0e+00  6.02463e-02 1.2e-04 0.0e+00 4.3e-05 1.3e-05 5.4e-05 -2.9e-04 0.0e+00 

iter nobj ngrd nhvc   alpha   alphx   alphz         fobj   |opt| |infes|  |dual|      mu    comp   dmerit     rho info
  10   11   11    0 1.0e+00 1.0e+00 1.0e+00  6.01617e-02 6.0e-06 0.0e+00 1.0e-05 3.3e-06 1.3e-05 -6.5e-05 0.0e+00 
  11   12   12    0 1.0e+00 1.0e+00 1.0e+00  6.01416e-02 3.4e-07 0.0e+00 2.5e-06 8.2e-07 3.3e-06 -1.5e-05 0.0e+00 
  12   13   13    0 1.0e+00 1.0e+00 1.0e+00  6.01367e-02 2.0e-08 0.0e+00 6.2e-07 2.0e-07 8.2e-07 -3.7e-06 0.0e+00 
  13   14   14    0 1.0e+00 1.0e+00 1.0e+00  6.01354e-02 1.3e-09 0.0e+00 1.0e-07 1.0e-07 2.0e-07 -9.4e-07 0.0e+00 

ParOpt: Successfully converged to requested tolerance
ParOpt Warning: Variables may be too close to lower bound
ParOptInteriorPoint Parameter Summary:
algorithm                                mma            
use_diag_hessian                         True           

iter nobj ngrd nhvc   alpha   alphx   alphz         fobj   |opt| |infes|  |dual|      mu    comp   dmerit     rho info
   0    1    1    0      --      --      --  7.21723e-02 1.0e+00 0.0e+00 1.6e-02 1.6e-02 1.6e-02       --      -- 
   1    2    2    0 1.0e+00 1.0e+00 1.0e+00  1.31142e-01 1.4e+00 0.0e+00 3.1e-02 1.6e-02 3.2e-02 -1.6e+02 0.0e+00 
   2    3    3    0 1.0e+00 1.0e+00 1.0e+00  1.01629e-01 6.0e-01 0.0e+00 5.0e-03 1.6e-02 1.8e-02 -3.8e-02 0.0e+00 
   3    4    4    0 1.0e+00 1.0e+00 1.0e+00  9.06600e-02 7.5e-02 0.0e+00 1.2e-02 4.0e-03 1.6e-02 -7.3e-03 0.0e+00 
   4    5    5    0 1.0e+00 1.0e+00 1.0e+00  8.26534e-02 3.9e-02 0.0e+00 5.2e-03 1.0e-03 4.4e-03 -6.6e-03 0.0e+00 
   5    6    6    0 1.0e+00 1.0e+00 1.0e+00  7.56109e-02 3.0e-02 0.0e+00 7.9e-04 1.0e-03 1.3e-03 -6.6e-03 0.0e+00 
   6    7    7    0 1.0e+00 1.0e+00 1.0e+00  7.40936e-02 1.3e-03 0.0e+00 7.7e-04 2.5e-04 1.0e-03 -7.3e-04 0.0e+00 
   7    8    8    0 1.0e+00 1.0e+00 1.0e+00  7.27453e-02 1.1e-03 0.0e+00 2.3e-04 6.3e-05 2.7e-04 -1.0e-03 0.0e+00 
   8    9    9    0 1.0e+00 1.0e+00 1.0e+00  7.22993e-02 1.2e-04 0.0e+00 5.1e-05 1.6e-05 6.5e-05 -3.5e-04 0.0e+00 
   9   10   10    0 1.0e+00 1.0e+00 1.0e+00  7.21978e-02 6.0e-06 0.0e+00 1.2e-05 4.0e-06 1.6e-05 -7.8e-05 0.0e+00 

iter nobj ngrd nhvc   alpha   alphx   alphz         fobj   |opt| |infes|  |dual|      mu    comp   dmerit     rho info
  10   11   11    0 1.0e+00 1.0e+00 1.0e+00  7.21738e-02 3.4e-07 0.0e+00 3.0e-06 9.9e-07 4.0e-06 -1.8e-05 0.0e+00 
  11   12   12    0 1.0e+00 1.0e+00 1.0e+00  7.21678e-02 2.0e-08 0.0e+00 7.4e-07 2.5e-07 9.9e-07 -4.5e-06 0.0e+00 
  12   13   13    0 1.0e+00 1.0e+00 1.0e+00  7.21663e-02 1.3e-09 0.0e+00 1.5e-07 1.0e-07 2.5e-07 -1.1e-06 0.0e+00 

ParOpt: Successfully converged to requested tolerance
ParOpt Warning: Variables may be too close to lower bound
ParOptInteriorPoint Parameter Summary:
algorithm                                mma            
use_diag_hessian                         True           

iter nobj ngrd nhvc   alpha   alphx   alphz         fobj   |opt| |infes|  |dual|      mu    comp   dmerit     rho info
   0    1    1    0      --      --      --  6.01408e-02 1.0e+00 0.0e+00 1.3e-02 1.3e-02 1.3e-02       --      -- 
   1    2    2    0 1.0e+00 1.0e+00 1.0e+00  1.09238e-01 1.4e+00 0.0e+00 2.6e-02 1.3e-02 2.6e-02 -1.3e+02 0.0e+00 
   2    3    3    0 1.0e+00 1.0e+00 1.0e+00  8.46692e-02 6.0e-01 0.0e+00 4.2e-03 1.3e-02 1.5e-02 -3.2e-02 0.0e+00 
   3    4    4    0 1.0e+00 1.0e+00 1.0e+00  7.55458e-02 7.5e-02 0.0e+00 1.0e-02 3.4e-03 1.3e-02 -6.0e-03 0.0e+00 
   4    5    5    0 1.0e+00 1.0e+00 1.0e+00  6.88751e-02 3.9e-02 0.0e+00 1.8e-03 3.4e-03 3.6e-03 -5.5e-03 0.0e+00 
   5    6    6    0 1.0e+00 1.0e+00 1.0e+00  6.57617e-02 8.3e-03 0.0e+00 2.6e-03 8.4e-04 3.4e-03 -1.4e-03 0.0e+00 
   6    7    7    0 1.0e+00 1.0e+00 1.0e+00  6.23987e-02 9.8e-03 0.0e+00 3.5e-04 8.4e-04 9.3e-04 -2.7e-03 0.0e+00 
   7    8    8    0 1.0e+00 1.0e+00 1.0e+00  6.17347e-02 3.7e-04 0.0e+00 6.3e-04 2.1e-04 8.5e-04 -2.1e-04 0.0e+00 
   8    9    9    0 1.0e+00 1.0e+00 1.0e+00  6.06185e-02 1.0e-03 0.0e+00 1.9e-04 5.3e-05 2.2e-04 -8.5e-04 0.0e+00 
   9   10   10    0 1.0e+00 1.0e+00 1.0e+00  6.02467e-02 1.2e-04 0.0e+00 4.3e-05 1.3e-05 5.4e-05 -2.9e-04 0.0e+00 

iter nobj ngrd nhvc   alpha   alphx   alphz         fobj   |opt| |infes|  |dual|      mu    comp   dmerit     rho info
  10   11   11    0 1.0e+00 1.0e+00 1.0e+00  6.01621e-02 6.0e-06 0.0e+00 1.0e-05 3.3e-06 1.3e-05 -6.5e-05 0.0e+00 
  11   12   12    0 1.0e+00 1.0e+00 1.0e+00  6.01420e-02 3.4e-07 0.0e+00 2.5e-06 8.2e-07 3.3e-06 -1.5e-05 0.0e+00 
  12   13   13    0 1.0e+00 1.0e+00 1.0e+00  6.01370e-02 2.0e-08 0.0e+00 6.2e-07 2.0e-07 8.2e-07 -3.7e-06 0.0e+00 
  13   14   14    0 1.0e+00 1.0e+00 1.0e+00  6.01358e-02 1.3e-09 0.0e+00 1.0e-07 1.0e-07 2.0e-07 -9.4e-07 0.0e+00 

ParOpt: Successfully converged to requested tolerance
ParOpt Warning: Variables may be too close to lower bound
ParOptInteriorPoint Parameter Summary:
algorithm                                mma            
use_diag_hessian                         True           

iter nobj ngrd nhvc   alpha   alphx   alphz         fobj   |opt| |infes|  |dual|      mu    comp   dmerit     rho info
   0    1    1    0      --      --      --  6.01435e-02 1.0e+00 0.0e+00 1.3e-02 1.3e-02 1.3e-02       --      -- 
   1    2    2    0 1.0e+00 1.0e+00 1.0e+00  1.09265e-01 1.4e+00 0.0e+00 2.6e-02 1.3e-02 2.6e-02 -1.3e+02 0.0e+00 
   2    3    3    0 1.0e+00 1.0e+00 1.0e+00  8.46825e-02 6.0e-01 0.0e+00 4.2e-03 1.3e-02 1.5e-02 -3.2e-02 0.0e+00 
   3    4    4    0 1.0e+00 1.0e+00 1.0e+00  7.55494e-02 7.5e-02 0.0e+00 1.0e-02 3.4e-03 1.3e-02 -6.0e-03 0.0e+00 
   4    5    5    0 1.0e+00 1.0e+00 1.0e+00  6.88778e-02 3.9e-02 0.0e+00 1.8e-03 3.4e-03 3.6e-03 -5.5e-03 0.0e+00 
   5    6    6    0 1.0e+00 1.0e+00 1.0e+00  6.57645e-02 8.3e-03 0.0e+00 2.6e-03 8.4e-04 3.4e-03 -1.4e-03 0.0e+00 
   6    7    7    0 1.0e+00 1.0e+00 1.0e+00  6.24014e-02 9.8e-03 0.0e+00 3.5e-04 8.4e-04 9.3e-04 -2.7e-03 0.0e+00 
   7    8    8    0 1.0e+00 1.0e+00 1.0e+00  6.17374e-02 3.7e-04 0.0e+00 6.3e-04 2.1e-04 8.5e-04 -2.1e-04 0.0e+00 
   8    9    9    0 1.0e+00 1.0e+00 1.0e+00  6.06212e-02 1.0e-03 0.0e+00 1.9e-04 5.3e-05 2.2e-04 -8.5e-04 0.0e+00 
   9   10   10    0 1.0e+00 1.0e+00 1.0e+00  6.02494e-02 1.2e-04 0.0e+00 4.3e-05 1.3e-05 5.4e-05 -2.9e-04 0.0e+00 

iter nobj ngrd nhvc   alpha   alphx   alphz         fobj   |opt| |infes|  |dual|      mu    comp   dmerit     rho info
  10   11   11    0 1.0e+00 1.0e+00 1.0e+00  6.01648e-02 6.0e-06 0.0e+00 1.0e-05 3.3e-06 1.3e-05 -6.5e-05 0.0e+00 
  11   12   12    0 1.0e+00 1.0e+00 1.0e+00  6.01447e-02 3.4e-07 0.0e+00 2.5e-06 8.2e-07 3.3e-06 -1.5e-05 0.0e+00 
  12   13   13    0 1.0e+00 1.0e+00 1.0e+00  6.01398e-02 2.0e-08 0.0e+00 6.2e-07 2.0e-07 8.2e-07 -3.7e-06 0.0e+00 
  13   14   14    0 1.0e+00 1.0e+00 1.0e+00  6.01385e-02 1.3e-09 0.0e+00 1.0e-07 1.0e-07 2.0e-07 -9.4e-07 0.0e+00 

ParOpt: Successfully converged to requested tolerance
